Initialised.Average: 24.990744
Average: 25.015139
Average: 24.993216
Average: 25.006742
Average: 25.010145
Average: 25.006924
Average: 25.003475
Average: 25.021708
Average: 25.002035
Average: 24.993317
Average: 24.968788
Average: 24.984932
Average: 24.981094
Average: 24.98691
Average: 24.985422
Average: 25.007175
Average: 24.97907
Average: 25.021708
Average: 25.006924
Average: 24.97355
Average: 25.000366
Average: 24.995583
Average: 24.997192
Average: 24.992151
Average: 24.993317
Average: 24.984932
Average: 25.002487
Average: 25.000555
Average: 24.993317
Average: 24.997192
Average: 24.997192
Average: 25.006742
Average: 25.009827
Average: 24.985706
Average: 24.99567
Average: 25.014894
Average: 25.021196
Average: 24.981094
Average: 24.973124
Average: 25.011187
Average: 25.001198
Average: 25.002487
Average: 25.021196
Average: 24.992535
Average: 25.009827
Average: 25.021196
Average: 25.021196
Average: 24.975767
Average: 25.000555
Average: 24.993317
Average: 25.001198
Average: 25.021708
Average: 25.021196
Average: 24.975767
Average: 24.99863
Average: 24.990744
Average: 24.990744
Average: 25.00532
Average: 25.001163
Average: 24.968788
Average: 24.99863
Average: 25.004278
Average: 25.000366
Average: 25.015196
Average: 25.002487
Average: 25.006924
Average: 24.994379
Average: 25.006924
Average: 25.002094
Average: 24.973124
Average: 24.985422
Average: 24.99863
Average: 25.001163
Average: 24.992151
Average: 25.002035
Average: 25.001163
Average: 25.001163
Average: 25.021708
Average: 24.995583
Average: 24.985706
Average: 24.997192
Average: 25.021196
