#
# A fatal error has been detected by the Java Runtime Environment:
#
#  SIGSEGV (0xb) at pc=0x00007fd37d297abc, pid=23835, tid=23836
#
# JRE version: Java(TM) SE Runtime Environment (9.0+11) (build 9.0.4+11)
# Java VM: Java HotSpot(TM) 64-Bit Server VM (9.0.4+11, mixed mode, tiered, compressed oops, g1 gc, linux-amd64)
# Problematic frame:
# V  [libjvm.so+0x8a1abc]  jni_SetFloatArrayRegion+0x14c
#
# Core dump will be written. Default location: Core dumps may be processed with "/usr/share/apport/apport %p %s %c %d %P" (or dumping to /home/black/Work/lab/Lab11Task1V2/src/main/java/core.23835)
#
# If you would like to submit a bug report, please visit:
#   http://bugreport.java.com/bugreport/crash.jsp
#

---------------  S U M M A R Y ------------

Command Line: -Djava.library.path=. HelloJNI

Host: Intel(R) Core(TM) i7-4720HQ CPU @ 2.60GHz, 8 cores, 15G, Ubuntu 18.04 LTS
Time: Mon May 14 18:56:35 2018 CEST elapsed time: 0 seconds (0d 0h 0m 0s)

---------------  T H R E A D  ---------------

Current thread (0x00007fd378013000):  JavaThread "main" [_thread_in_vm, id=23836, stack(0x00007fd37eac1000,0x00007fd37ebc0000)]

Stack: [0x00007fd37eac1000,0x00007fd37ebc0000],  sp=0x00007fd37ebbe7c0,  free space=1013k
Native frames: (J=compiled Java code, A=aot compiled Java code, j=interpreted, Vv=VM code, C=native code)
V  [libjvm.so+0x8a1abc]  jni_SetFloatArrayRegion+0x14c
C  [libhello.so+0x1ba6]  JNIEnv_::SetFloatArrayRegion(_jfloatArray*, int, int, float const*)+0x3c
C  [libhello.so+0x182e]  Java_HelloJNI_forEachElement+0x287
j  HelloJNI.forEachElement([FFLjava/lang/String;)[F+0
j  HelloJNI.main([Ljava/lang/String;)V+59
v  ~StubRoutines::call_stub
V  [libjvm.so+0x83d60a]  JavaCalls::call_helper(JavaValue*, methodHandle const&, JavaCallArguments*, Thread*)+0x47a
V  [libjvm.so+0x89a67f]  jni_invoke_static(JNIEnv_*, JavaValue*, _jobject*, JNICallType, _jmethodID*, JNI_ArgumentPusher*, Thread*) [clone .isra.90]+0x21f
V  [libjvm.so+0x8ab5ce]  jni_CallStaticVoidMethod+0x14e
C  [libjli.so+0x4397]  JavaMain+0xa17
C  [libpthread.so.0+0x76db]  start_thread+0xdb

Java frames: (J=compiled Java code, j=interpreted, Vv=VM code)
j  HelloJNI.forEachElement([FFLjava/lang/String;)[F+0
j  HelloJNI.main([Ljava/lang/String;)V+59
v  ~StubRoutines::call_stub

siginfo: si_signo: 11 (SIGSEGV), si_code: 1 (SEGV_MAPERR), si_addr: 0x00000003eb6cf908

Register to memory mapping:

RAX=0x00007fd37dc23210: <offset 0x000000000122d210> in /usr/lib/jvm/java-9-oracle/lib/server/libjvm.so at 0x00007fd37c9f6000
RBX=0x00007fd378013000 is a thread
RCX=0x0000000000000000 is an unknown value
RDX=0x00000003eb6cf900 is an unknown value
RSP=0x00007fd37ebbe7c0 is pointing into the stack for thread: 0x00007fd378013000
RBP=0x00007fd37ebbe820 is pointing into the stack for thread: 0x00007fd378013000
RSI=0x00007fd37dcf8be0: <offset 0x0000000001302be0> in /usr/lib/jvm/java-9-oracle/lib/server/libjvm.so at 0x00007fd37c9f6000
RDI=0x00007fd378013000 is a thread
R8 =0x00007fd3782cb720 is an unknown value
R9 =0x0000000000000002 is an unknown value
R10=0x0000000000000006 is an unknown value
R11=0x00007fd2fcbceb6a: _ZN7JNIEnv_19SetFloatArrayRegionEP12_jfloatArrayiiPKf+0x0000000000000000 in /home/black/Work/lab/Lab11Task1V2/src/main/java/libhello.so at 0x00007fd2fcbcd000
R12=0x0000000000000003 is an unknown value
R13=0x0000000000000000 is an unknown value
R14=0x00007fd378013218 is an unknown value
R15=0x00007fd378013000 is a thread


Registers:
RAX=0x00007fd37dc23210, RBX=0x00007fd378013000, RCX=0x0000000000000000, RDX=0x00000003eb6cf900
RSP=0x00007fd37ebbe7c0, RBP=0x00007fd37ebbe820, RSI=0x00007fd37dcf8be0, RDI=0x00007fd378013000
R8 =0x00007fd3782cb720, R9 =0x0000000000000002, R10=0x0000000000000006, R11=0x00007fd2fcbceb6a
R12=0x0000000000000003, R13=0x0000000000000000, R14=0x00007fd378013218, R15=0x00007fd378013000
RIP=0x00007fd37d297abc, EFLAGS=0x0000000000010206, CSGSFS=0x002b000000000033, ERR=0x0000000000000004
  TRAPNO=0x000000000000000e

Top of Stack: (sp=0x00007fd37ebbe7c0)
0x00007fd37ebbe7c0:   0000000000000000 00007fd3782cb720
0x00007fd37ebbe7d0:   00007fd378013000 0000000000000000
0x00007fd37ebbe7e0:   0000000000000000 0000000000000000
0x00007fd37ebbe7f0:   0000000000000000 00007fd2fdc00508 

Instructions: (pc=0x00007fd37d297abc)
0x00007fd37d297a9c:   0f 1f 40 00 45 85 e4 74 36 84 c9 74 4f 48 8d 35
0x00007fd37d297aac:   30 11 a6 00 8b 50 08 8b 4e 08 48 d3 e2 48 8b 0e
0x00007fd37d297abc:   8b 4c 11 08 41 d3 e4 b9 10 00 00 00 49 63 d4 48
0x00007fd37d297acc:   01 c8 48 8b 75 a8 4a 8d 3c a8 e8 05 0f 9d ff 48 


---------------  P R O C E S S  ---------------

Java Threads: ( => current thread )
  0x00007fd3782ba000 JavaThread "Service Thread" daemon [_thread_blocked, id=23867, stack(0x00007fd2fced3000,0x00007fd2fcfd4000)]
  0x00007fd37822b800 JavaThread "Common-Cleaner" daemon [_thread_blocked, id=23866, stack(0x00007fd2fcfd4000,0x00007fd2fd0d5000)]
  0x00007fd378214800 JavaThread "Sweeper thread" daemon [_thread_blocked, id=23865, stack(0x00007fd2fd4fd000,0x00007fd2fd5fe000)]
  0x00007fd378212800 JavaThread "C1 CompilerThread3" daemon [_thread_blocked, id=23864, stack(0x00007fd2fd5fe000,0x00007fd2fd6ff000)]
  0x00007fd378210800 JavaThread "C2 CompilerThread2" daemon [_thread_blocked, id=23863, stack(0x00007fd2fd6ff000,0x00007fd2fd800000)]
  0x00007fd37820e800 JavaThread "C2 CompilerThread1" daemon [_thread_blocked, id=23862, stack(0x00007fd30c04d000,0x00007fd30c14e000)]
  0x00007fd37820a800 JavaThread "C2 CompilerThread0" daemon [_thread_blocked, id=23861, stack(0x00007fd30c14e000,0x00007fd30c24f000)]
  0x00007fd37820c800 JavaThread "Signal Dispatcher" daemon [_thread_blocked, id=23860, stack(0x00007fd30c24f000,0x00007fd30c350000)]
  0x00007fd3781ef000 JavaThread "Finalizer" daemon [_thread_blocked, id=23859, stack(0x00007fd33c4b2000,0x00007fd33c5b3000)]
  0x00007fd3781e6800 JavaThread "Reference Handler" daemon [_thread_blocked, id=23858, stack(0x00007fd33c5b3000,0x00007fd33c6b4000)]
=>0x00007fd378013000 JavaThread "main" [_thread_in_vm, id=23836, stack(0x00007fd37eac1000,0x00007fd37ebc0000)]

Other Threads:
  0x00007fd3781dd000 VMThread "VM Thread" [stack: 0x00007fd33c6b6000,0x00007fd33c7b6000] [id=23857]
  0x00007fd3782bd000 WatcherThread [stack: 0x00007fd2fcdd3000,0x00007fd2fced3000] [id=23868]
  0x00007fd37802a800 GCTaskThread "GC Thread#0" [stack: 0x00007fd35cbf7000,0x00007fd35ccf7000] [id=23837]
  0x00007fd37802c000 GCTaskThread "GC Thread#1" [stack: 0x00007fd35caf5000,0x00007fd35cbf5000] [id=23838]
  0x00007fd37802e000 GCTaskThread "GC Thread#2" [stack: 0x00007fd35c9f3000,0x00007fd35caf3000] [id=23839]
  0x00007fd37802f800 GCTaskThread "GC Thread#3" [stack: 0x00007fd35c8f1000,0x00007fd35c9f1000] [id=23840]
  0x00007fd378031800 GCTaskThread "GC Thread#4" [stack: 0x00007fd35c7ef000,0x00007fd35c8ef000] [id=23841]
  0x00007fd378033000 GCTaskThread "GC Thread#5" [stack: 0x00007fd35c6ed000,0x00007fd35c7ed000] [id=23842]
  0x00007fd378035000 GCTaskThread "GC Thread#6" [stack: 0x00007fd35c5eb000,0x00007fd35c6eb000] [id=23843]
  0x00007fd378036800 GCTaskThread "GC Thread#7" [stack: 0x00007fd35c4e9000,0x00007fd35c5e9000] [id=23844]
  0x00007fd37808d000 ConcurrentGCThread "G1 Main Marker" [stack: 0x00007fd33d1c4000,0x00007fd33d2c4000] [id=23854]
  0x00007fd37808f000 ConcurrentGCThread "G1 Marker#0" [stack: 0x00007fd33d0c2000,0x00007fd33d1c2000] [id=23855]
  0x00007fd378091000 ConcurrentGCThread "G1 Marker#1" [stack: 0x00007fd33cfc0000,0x00007fd33d0c0000] [id=23856]
  0x00007fd378045000 ConcurrentGCThread "G1 Refine#0" [stack: 0x00007fd33f3ee000,0x00007fd33f4ee000] [id=23852]
  0x00007fd378043800 ConcurrentGCThread "G1 Refine#1" [stack: 0x00007fd33f4f0000,0x00007fd33f5f0000] [id=23851]
  0x00007fd378041800 ConcurrentGCThread "G1 Refine#2" [stack: 0x00007fd33f5f2000,0x00007fd33f6f2000] [id=23850]
  0x00007fd378040000 ConcurrentGCThread "G1 Refine#3" [stack: 0x00007fd33f6f4000,0x00007fd33f7f4000] [id=23849]
  0x00007fd37803e000 ConcurrentGCThread "G1 Refine#4" [stack: 0x00007fd33f7f6000,0x00007fd33f8f6000] [id=23848]
  0x00007fd37803c000 ConcurrentGCThread "G1 Refine#5" [stack: 0x00007fd33f8f8000,0x00007fd33f9f8000] [id=23847]
  0x00007fd37803a800 ConcurrentGCThread "G1 Refine#6" [stack: 0x00007fd33f9fa000,0x00007fd33fafa000] [id=23846]
  0x00007fd378038800 ConcurrentGCThread "G1 Refine#7" [stack: 0x00007fd33fafc000,0x00007fd33fbfc000] [id=23845]
  0x00007fd378047000 ConcurrentGCThread "G1 Young RemSet Sampling" [stack: 0x00007fd33f2ec000,0x00007fd33f3ec000] [id=23853]

Threads with active compile tasks:

VM state:not at safepoint (normal execution)

VM Mutex/Monitor currently owned by a thread: None

Heap address: 0x00000006c6a00000, size: 3990 MB, Compressed Oops mode: Zero based, Oop shift amount: 3
Narrow klass base: 0x0000000000000000, Narrow klass shift: 3
Compressed class space size: 1073741824 Address: 0x00000007c0000000

Heap:
 garbage-first heap   total 256000K, used 2048K [0x00000006c6a00000, 0x00000006c6b007d0, 0x00000007c0000000)
  region size 1024K, 3 young (3072K), 0 survivors (0K)
 Metaspace       used 4104K, capacity 4486K, committed 4864K, reserved 1056768K
  class space    used 353K, capacity 386K, committed 512K, reserved 1048576K
Heap Regions: E=young(eden), S=young(survivor), O=old, HS=humongous(starts), HC=humongous(continues), CS=collection set, F=free, A=archive, TS=gc time stamp, AC=allocation context, TAMS=top-at-mark-start (previous, next)
|   0|0x00000006c6a00000, 0x00000006c6a00000, 0x00000006c6b00000|  0%| F|  |TS  0|AC  0|TAMS 0x00000006c6a00000, 0x00000006c6a00000|
|   1|0x00000006c6b00000, 0x00000006c6b00000, 0x00000006c6c00000|  0%| F|  |TS  0|AC  0|TAMS 0x00000006c6b00000, 0x00000006c6b00000|
|   2|0x00000006c6c00000, 0x00000006c6c00000, 0x00000006c6d00000|  0%| F|  |TS  0|AC  0|TAMS 0x00000006c6c00000, 0x00000006c6c00000|
|   3|0x00000006c6d00000, 0x00000006c6d00000, 0x00000006c6e00000|  0%| F|  |TS  0|AC  0|TAMS 0x00000006c6d00000, 0x00000006c6d00000|
|   4|0x00000006c6e00000, 0x00000006c6e00000, 0x00000006c6f00000|  0%| F|  |TS  0|AC  0|TAMS 0x00000006c6e00000, 0x00000006c6e00000|
|   5|0x00000006c6f00000, 0x00000006c6f00000, 0x00000006c7000000|  0%| F|  |TS  0|AC  0|TAMS 0x00000006c6f00000, 0x00000006c6f00000|
|   6|0x00000006c7000000, 0x00000006c7000000, 0x00000006c7100000|  0%| F|  |TS  0|AC  0|TAMS 0x00000006c7000000, 0x00000006c7000000|
|   7|0x00000006c7100000, 0x00000006c7100000, 0x00000006c7200000|  0%| F|  |TS  0|AC  0|TAMS 0x00000006c7100000, 0x00000006c7100000|
|   8|0x00000006c7200000, 0x00000006c7200000, 0x00000006c7300000|  0%| F|  |TS  0|AC  0|TAMS 0x00000006c7200000, 0x00000006c7200000|
|   9|0x00000006c7300000, 0x00000006c7300000, 0x00000006c7400000|  0%| F|  |TS  0|AC  0|TAMS 0x00000006c7300000, 0x00000006c7300000|
|  10|0x00000006c7400000, 0x00000006c7400000, 0x00000006c7500000|  0%| F|  |TS  0|AC  0|TAMS 0x00000006c7400000, 0x00000006c7400000|
|  11|0x00000006c7500000, 0x00000006c7500000, 0x00000006c7600000|  0%| F|  |TS  0|AC  0|TAMS 0x00000006c7500000, 0x00000006c7500000|
|  12|0x00000006c7600000, 0x00000006c7600000, 0x00000006c7700000|  0%| F|  |TS  0|AC  0|TAMS 0x00000006c7600000, 0x00000006c7600000|
|  13|0x00000006c7700000, 0x00000006c7700000, 0x00000006c7800000|  0%| F|  |TS  0|AC  0|TAMS 0x00000006c7700000, 0x00000006c7700000|
|  14|0x00000006c7800000, 0x00000006c7800000, 0x00000006c7900000|  0%| F|  |TS  0|AC  0|TAMS 0x00000006c7800000, 0x00000006c7800000|
|  15|0x00000006c7900000, 0x00000006c7900000, 0x00000006c7a00000|  0%| F|  |TS  0|AC  0|TAMS 0x00000006c7900000, 0x00000006c7900000|
|  16|0x00000006c7a00000, 0x00000006c7a00000, 0x00000006c7b00000|  0%| F|  |TS  0|AC  0|TAMS 0x00000006c7a00000, 0x00000006c7a00000|
|  17|0x00000006c7b00000, 0x00000006c7b00000, 0x00000006c7c00000|  0%| F|  |TS  0|AC  0|TAMS 0x00000006c7b00000, 0x00000006c7b00000|
|  18|0x00000006c7c00000, 0x00000006c7c00000, 0x00000006c7d00000|  0%| F|  |TS  0|AC  0|TAMS 0x00000006c7c00000, 0x00000006c7c00000|
|  19|0x00000006c7d00000, 0x00000006c7d00000, 0x00000006c7e00000|  0%| F|  |TS  0|AC  0|TAMS 0x00000006c7d00000, 0x00000006c7d00000|
|  20|0x00000006c7e00000, 0x00000006c7e00000, 0x00000006c7f00000|  0%| F|  |TS  0|AC  0|TAMS 0x00000006c7e00000, 0x00000006c7e00000|
|  21|0x00000006c7f00000, 0x00000006c7f00000, 0x00000006c8000000|  0%| F|  |TS  0|AC  0|TAMS 0x00000006c7f00000, 0x00000006c7f00000|
|  22|0x00000006c8000000, 0x00000006c8000000, 0x00000006c8100000|  0%| F|  |TS  0|AC  0|TAMS 0x00000006c8000000, 0x00000006c8000000|
|  23|0x00000006c8100000, 0x00000006c8100000, 0x00000006c8200000|  0%| F|  |TS  0|AC  0|TAMS 0x00000006c8100000, 0x00000006c8100000|
|  24|0x00000006c8200000, 0x00000006c8200000, 0x00000006c8300000|  0%| F|  |TS  0|AC  0|TAMS 0x00000006c8200000, 0x00000006c8200000|
|  25|0x00000006c8300000, 0x00000006c8300000, 0x00000006c8400000|  0%| F|  |TS  0|AC  0|TAMS 0x00000006c8300000, 0x00000006c8300000|
|  26|0x00000006c8400000, 0x00000006c8400000, 0x00000006c8500000|  0%| F|  |TS  0|AC  0|TAMS 0x00000006c8400000, 0x00000006c8400000|
|  27|0x00000006c8500000, 0x00000006c8500000, 0x00000006c8600000|  0%| F|  |TS  0|AC  0|TAMS 0x00000006c8500000, 0x00000006c8500000|
|  28|0x00000006c8600000, 0x00000006c8600000, 0x00000006c8700000|  0%| F|  |TS  0|AC  0|TAMS 0x00000006c8600000, 0x00000006c8600000|
|  29|0x00000006c8700000, 0x00000006c8700000, 0x00000006c8800000|  0%| F|  |TS  0|AC  0|TAMS 0x00000006c8700000, 0x00000006c8700000|
|  30|0x00000006c8800000, 0x00000006c8800000, 0x00000006c8900000|  0%| F|  |TS  0|AC  0|TAMS 0x00000006c8800000, 0x00000006c8800000|
|  31|0x00000006c8900000, 0x00000006c8900000, 0x00000006c8a00000|  0%| F|  |TS  0|AC  0|TAMS 0x00000006c8900000, 0x00000006c8900000|
|  32|0x00000006c8a00000, 0x00000006c8a00000, 0x00000006c8b00000|  0%| F|  |TS  0|AC  0|TAMS 0x00000006c8a00000, 0x00000006c8a00000|
|  33|0x00000006c8b00000, 0x00000006c8b00000, 0x00000006c8c00000|  0%| F|  |TS  0|AC  0|TAMS 0x00000006c8b00000, 0x00000006c8b00000|
|  34|0x00000006c8c00000, 0x00000006c8c00000, 0x00000006c8d00000|  0%| F|  |TS  0|AC  0|TAMS 0x00000006c8c00000, 0x00000006c8c00000|
|  35|0x00000006c8d00000, 0x00000006c8d00000, 0x00000006c8e00000|  0%| F|  |TS  0|AC  0|TAMS 0x00000006c8d00000, 0x00000006c8d00000|
|  36|0x00000006c8e00000, 0x00000006c8e00000, 0x00000006c8f00000|  0%| F|  |TS  0|AC  0|TAMS 0x00000006c8e00000, 0x00000006c8e00000|
|  37|0x00000006c8f00000, 0x00000006c8f00000, 0x00000006c9000000|  0%| F|  |TS  0|AC  0|TAMS 0x00000006c8f00000, 0x00000006c8f00000|
|  38|0x00000006c9000000, 0x00000006c9000000, 0x00000006c9100000|  0%| F|  |TS  0|AC  0|TAMS 0x00000006c9000000, 0x00000006c9000000|
|  39|0x00000006c9100000, 0x00000006c9100000, 0x00000006c9200000|  0%| F|  |TS  0|AC  0|TAMS 0x00000006c9100000, 0x00000006c9100000|
|  40|0x00000006c9200000, 0x00000006c9200000, 0x00000006c9300000|  0%| F|  |TS  0|AC  0|TAMS 0x00000006c9200000, 0x00000006c9200000|
|  41|0x00000006c9300000, 0x00000006c9300000, 0x00000006c9400000|  0%| F|  |TS  0|AC  0|TAMS 0x00000006c9300000, 0x00000006c9300000|
|  42|0x00000006c9400000, 0x00000006c9400000, 0x00000006c9500000|  0%| F|  |TS  0|AC  0|TAMS 0x00000006c9400000, 0x00000006c9400000|
|  43|0x00000006c9500000, 0x00000006c9500000, 0x00000006c9600000|  0%| F|  |TS  0|AC  0|TAMS 0x00000006c9500000, 0x00000006c9500000|
|  44|0x00000006c9600000, 0x00000006c9600000, 0x00000006c9700000|  0%| F|  |TS  0|AC  0|TAMS 0x00000006c9600000, 0x00000006c9600000|
|  45|0x00000006c9700000, 0x00000006c9700000, 0x00000006c9800000|  0%| F|  |TS  0|AC  0|TAMS 0x00000006c9700000, 0x00000006c9700000|
|  46|0x00000006c9800000, 0x00000006c9800000, 0x00000006c9900000|  0%| F|  |TS  0|AC  0|TAMS 0x00000006c9800000, 0x00000006c9800000|
|  47|0x00000006c9900000, 0x00000006c9900000, 0x00000006c9a00000|  0%| F|  |TS  0|AC  0|TAMS 0x00000006c9900000, 0x00000006c9900000|
|  48|0x00000006c9a00000, 0x00000006c9a00000, 0x00000006c9b00000|  0%| F|  |TS  0|AC  0|TAMS 0x00000006c9a00000, 0x00000006c9a00000|
|  49|0x00000006c9b00000, 0x00000006c9b00000, 0x00000006c9c00000|  0%| F|  |TS  0|AC  0|TAMS 0x00000006c9b00000, 0x00000006c9b00000|
|  50|0x00000006c9c00000, 0x00000006c9c00000, 0x00000006c9d00000|  0%| F|  |TS  0|AC  0|TAMS 0x00000006c9c00000, 0x00000006c9c00000|
|  51|0x00000006c9d00000, 0x00000006c9d00000, 0x00000006c9e00000|  0%| F|  |TS  0|AC  0|TAMS 0x00000006c9d00000, 0x00000006c9d00000|
|  52|0x00000006c9e00000, 0x00000006c9e00000, 0x00000006c9f00000|  0%| F|  |TS  0|AC  0|TAMS 0x00000006c9e00000, 0x00000006c9e00000|
|  53|0x00000006c9f00000, 0x00000006c9f00000, 0x00000006ca000000|  0%| F|  |TS  0|AC  0|TAMS 0x00000006c9f00000, 0x00000006c9f00000|
|  54|0x00000006ca000000, 0x00000006ca000000, 0x00000006ca100000|  0%| F|  |TS  0|AC  0|TAMS 0x00000006ca000000, 0x00000006ca000000|
|  55|0x00000006ca100000, 0x00000006ca100000, 0x00000006ca200000|  0%| F|  |TS  0|AC  0|TAMS 0x00000006ca100000, 0x00000006ca100000|
|  56|0x00000006ca200000, 0x00000006ca200000, 0x00000006ca300000|  0%| F|  |TS  0|AC  0|TAMS 0x00000006ca200000, 0x00000006ca200000|
|  57|0x00000006ca300000, 0x00000006ca300000, 0x00000006ca400000|  0%| F|  |TS  0|AC  0|TAMS 0x00000006ca300000, 0x00000006ca300000|
|  58|0x00000006ca400000, 0x00000006ca400000, 0x00000006ca500000|  0%| F|  |TS  0|AC  0|TAMS 0x00000006ca400000, 0x00000006ca400000|
|  59|0x00000006ca500000, 0x00000006ca500000, 0x00000006ca600000|  0%| F|  |TS  0|AC  0|TAMS 0x00000006ca500000, 0x00000006ca500000|
|  60|0x00000006ca600000, 0x00000006ca600000, 0x00000006ca700000|  0%| F|  |TS  0|AC  0|TAMS 0x00000006ca600000, 0x00000006ca600000|
|  61|0x00000006ca700000, 0x00000006ca700000, 0x00000006ca800000|  0%| F|  |TS  0|AC  0|TAMS 0x00000006ca700000, 0x00000006ca700000|
|  62|0x00000006ca800000, 0x00000006ca800000, 0x00000006ca900000|  0%| F|  |TS  0|AC  0|TAMS 0x00000006ca800000, 0x00000006ca800000|
|  63|0x00000006ca900000, 0x00000006ca900000, 0x00000006caa00000|  0%| F|  |TS  0|AC  0|TAMS 0x00000006ca900000, 0x00000006ca900000|
|  64|0x00000006caa00000, 0x00000006caa00000, 0x00000006cab00000|  0%| F|  |TS  0|AC  0|TAMS 0x00000006caa00000, 0x00000006caa00000|
|  65|0x00000006cab00000, 0x00000006cab00000, 0x00000006cac00000|  0%| F|  |TS  0|AC  0|TAMS 0x00000006cab00000, 0x00000006cab00000|
|  66|0x00000006cac00000, 0x00000006cac00000, 0x00000006cad00000|  0%| F|  |TS  0|AC  0|TAMS 0x00000006cac00000, 0x00000006cac00000|
|  67|0x00000006cad00000, 0x00000006cad00000, 0x00000006cae00000|  0%| F|  |TS  0|AC  0|TAMS 0x00000006cad00000, 0x00000006cad00000|
|  68|0x00000006cae00000, 0x00000006cae00000, 0x00000006caf00000|  0%| F|  |TS  0|AC  0|TAMS 0x00000006cae00000, 0x00000006cae00000|
|  69|0x00000006caf00000, 0x00000006caf00000, 0x00000006cb000000|  0%| F|  |TS  0|AC  0|TAMS 0x00000006caf00000, 0x00000006caf00000|
|  70|0x00000006cb000000, 0x00000006cb000000, 0x00000006cb100000|  0%| F|  |TS  0|AC  0|TAMS 0x00000006cb000000, 0x00000006cb000000|
|  71|0x00000006cb100000, 0x00000006cb100000, 0x00000006cb200000|  0%| F|  |TS  0|AC  0|TAMS 0x00000006cb100000, 0x00000006cb100000|
|  72|0x00000006cb200000, 0x00000006cb200000, 0x00000006cb300000|  0%| F|  |TS  0|AC  0|TAMS 0x00000006cb200000, 0x00000006cb200000|
|  73|0x00000006cb300000, 0x00000006cb300000, 0x00000006cb400000|  0%| F|  |TS  0|AC  0|TAMS 0x00000006cb300000, 0x00000006cb300000|
|  74|0x00000006cb400000, 0x00000006cb400000, 0x00000006cb500000|  0%| F|  |TS  0|AC  0|TAMS 0x00000006cb400000, 0x00000006cb400000|
|  75|0x00000006cb500000, 0x00000006cb500000, 0x00000006cb600000|  0%| F|  |TS  0|AC  0|TAMS 0x00000006cb500000, 0x00000006cb500000|
|  76|0x00000006cb600000, 0x00000006cb600000, 0x00000006cb700000|  0%| F|  |TS  0|AC  0|TAMS 0x00000006cb600000, 0x00000006cb600000|
|  77|0x00000006cb700000, 0x00000006cb700000, 0x00000006cb800000|  0%| F|  |TS  0|AC  0|TAMS 0x00000006cb700000, 0x00000006cb700000|
|  78|0x00000006cb800000, 0x00000006cb800000, 0x00000006cb900000|  0%| F|  |TS  0|AC  0|TAMS 0x00000006cb800000, 0x00000006cb800000|
|  79|0x00000006cb900000, 0x00000006cb900000, 0x00000006cba00000|  0%| F|  |TS  0|AC  0|TAMS 0x00000006cb900000, 0x00000006cb900000|
|  80|0x00000006cba00000, 0x00000006cba00000, 0x00000006cbb00000|  0%| F|  |TS  0|AC  0|TAMS 0x00000006cba00000, 0x00000006cba00000|
|  81|0x00000006cbb00000, 0x00000006cbb00000, 0x00000006cbc00000|  0%| F|  |TS  0|AC  0|TAMS 0x00000006cbb00000, 0x00000006cbb00000|
|  82|0x00000006cbc00000, 0x00000006cbc00000, 0x00000006cbd00000|  0%| F|  |TS  0|AC  0|TAMS 0x00000006cbc00000, 0x00000006cbc00000|
|  83|0x00000006cbd00000, 0x00000006cbd00000, 0x00000006cbe00000|  0%| F|  |TS  0|AC  0|TAMS 0x00000006cbd00000, 0x00000006cbd00000|
|  84|0x00000006cbe00000, 0x00000006cbe00000, 0x00000006cbf00000|  0%| F|  |TS  0|AC  0|TAMS 0x00000006cbe00000, 0x00000006cbe00000|
|  85|0x00000006cbf00000, 0x00000006cbf00000, 0x00000006cc000000|  0%| F|  |TS  0|AC  0|TAMS 0x00000006cbf00000, 0x00000006cbf00000|
|  86|0x00000006cc000000, 0x00000006cc000000, 0x00000006cc100000|  0%| F|  |TS  0|AC  0|TAMS 0x00000006cc000000, 0x00000006cc000000|
|  87|0x00000006cc100000, 0x00000006cc100000, 0x00000006cc200000|  0%| F|  |TS  0|AC  0|TAMS 0x00000006cc100000, 0x00000006cc100000|
|  88|0x00000006cc200000, 0x00000006cc200000, 0x00000006cc300000|  0%| F|  |TS  0|AC  0|TAMS 0x00000006cc200000, 0x00000006cc200000|
|  89|0x00000006cc300000, 0x00000006cc300000, 0x00000006cc400000|  0%| F|  |TS  0|AC  0|TAMS 0x00000006cc300000, 0x00000006cc300000|
|  90|0x00000006cc400000, 0x00000006cc400000, 0x00000006cc500000|  0%| F|  |TS  0|AC  0|TAMS 0x00000006cc400000, 0x00000006cc400000|
|  91|0x00000006cc500000, 0x00000006cc500000, 0x00000006cc600000|  0%| F|  |TS  0|AC  0|TAMS 0x00000006cc500000, 0x00000006cc500000|
|  92|0x00000006cc600000, 0x00000006cc600000, 0x00000006cc700000|  0%| F|  |TS  0|AC  0|TAMS 0x00000006cc600000, 0x00000006cc600000|
|  93|0x00000006cc700000, 0x00000006cc700000, 0x00000006cc800000|  0%| F|  |TS  0|AC  0|TAMS 0x00000006cc700000, 0x00000006cc700000|
|  94|0x00000006cc800000, 0x00000006cc800000, 0x00000006cc900000|  0%| F|  |TS  0|AC  0|TAMS 0x00000006cc800000, 0x00000006cc800000|
|  95|0x00000006cc900000, 0x00000006cc900000, 0x00000006cca00000|  0%| F|  |TS  0|AC  0|TAMS 0x00000006cc900000, 0x00000006cc900000|
|  96|0x00000006cca00000, 0x00000006cca00000, 0x00000006ccb00000|  0%| F|  |TS  0|AC  0|TAMS 0x00000006cca00000, 0x00000006cca00000|
|  97|0x00000006ccb00000, 0x00000006ccb00000, 0x00000006ccc00000|  0%| F|  |TS  0|AC  0|TAMS 0x00000006ccb00000, 0x00000006ccb00000|
|  98|0x00000006ccc00000, 0x00000006ccc00000, 0x00000006ccd00000|  0%| F|  |TS  0|AC  0|TAMS 0x00000006ccc00000, 0x00000006ccc00000|
|  99|0x00000006ccd00000, 0x00000006ccd00000, 0x00000006cce00000|  0%| F|  |TS  0|AC  0|TAMS 0x00000006ccd00000, 0x00000006ccd00000|
| 100|0x00000006cce00000, 0x00000006cce00000, 0x00000006ccf00000|  0%| F|  |TS  0|AC  0|TAMS 0x00000006cce00000, 0x00000006cce00000|
| 101|0x00000006ccf00000, 0x00000006ccf00000, 0x00000006cd000000|  0%| F|  |TS  0|AC  0|TAMS 0x00000006ccf00000, 0x00000006ccf00000|
| 102|0x00000006cd000000, 0x00000006cd000000, 0x00000006cd100000|  0%| F|  |TS  0|AC  0|TAMS 0x00000006cd000000, 0x00000006cd000000|
| 103|0x00000006cd100000, 0x00000006cd100000, 0x00000006cd200000|  0%| F|  |TS  0|AC  0|TAMS 0x00000006cd100000, 0x00000006cd100000|
| 104|0x00000006cd200000, 0x00000006cd200000, 0x00000006cd300000|  0%| F|  |TS  0|AC  0|TAMS 0x00000006cd200000, 0x00000006cd200000|
| 105|0x00000006cd300000, 0x00000006cd300000, 0x00000006cd400000|  0%| F|  |TS  0|AC  0|TAMS 0x00000006cd300000, 0x00000006cd300000|
| 106|0x00000006cd400000, 0x00000006cd400000, 0x00000006cd500000|  0%| F|  |TS  0|AC  0|TAMS 0x00000006cd400000, 0x00000006cd400000|
| 107|0x00000006cd500000, 0x00000006cd500000, 0x00000006cd600000|  0%| F|  |TS  0|AC  0|TAMS 0x00000006cd500000, 0x00000006cd500000|
| 108|0x00000006cd600000, 0x00000006cd600000, 0x00000006cd700000|  0%| F|  |TS  0|AC  0|TAMS 0x00000006cd600000, 0x00000006cd600000|
| 109|0x00000006cd700000, 0x00000006cd700000, 0x00000006cd800000|  0%| F|  |TS  0|AC  0|TAMS 0x00000006cd700000, 0x00000006cd700000|
| 110|0x00000006cd800000, 0x00000006cd800000, 0x00000006cd900000|  0%| F|  |TS  0|AC  0|TAMS 0x00000006cd800000, 0x00000006cd800000|
| 111|0x00000006cd900000, 0x00000006cd900000, 0x00000006cda00000|  0%| F|  |TS  0|AC  0|TAMS 0x00000006cd900000, 0x00000006cd900000|
| 112|0x00000006cda00000, 0x00000006cda00000, 0x00000006cdb00000|  0%| F|  |TS  0|AC  0|TAMS 0x00000006cda00000, 0x00000006cda00000|
| 113|0x00000006cdb00000, 0x00000006cdb00000, 0x00000006cdc00000|  0%| F|  |TS  0|AC  0|TAMS 0x00000006cdb00000, 0x00000006cdb00000|
| 114|0x00000006cdc00000, 0x00000006cdc00000, 0x00000006cdd00000|  0%| F|  |TS  0|AC  0|TAMS 0x00000006cdc00000, 0x00000006cdc00000|
| 115|0x00000006cdd00000, 0x00000006cdd00000, 0x00000006cde00000|  0%| F|  |TS  0|AC  0|TAMS 0x00000006cdd00000, 0x00000006cdd00000|
| 116|0x00000006cde00000, 0x00000006cde00000, 0x00000006cdf00000|  0%| F|  |TS  0|AC  0|TAMS 0x00000006cde00000, 0x00000006cde00000|
| 117|0x00000006cdf00000, 0x00000006cdf00000, 0x00000006ce000000|  0%| F|  |TS  0|AC  0|TAMS 0x00000006cdf00000, 0x00000006cdf00000|
| 118|0x00000006ce000000, 0x00000006ce000000, 0x00000006ce100000|  0%| F|  |TS  0|AC  0|TAMS 0x00000006ce000000, 0x00000006ce000000|
| 119|0x00000006ce100000, 0x00000006ce100000, 0x00000006ce200000|  0%| F|  |TS  0|AC  0|TAMS 0x00000006ce100000, 0x00000006ce100000|
| 120|0x00000006ce200000, 0x00000006ce200000, 0x00000006ce300000|  0%| F|  |TS  0|AC  0|TAMS 0x00000006ce200000, 0x00000006ce200000|
| 121|0x00000006ce300000, 0x00000006ce300000, 0x00000006ce400000|  0%| F|  |TS  0|AC  0|TAMS 0x00000006ce300000, 0x00000006ce300000|
| 122|0x00000006ce400000, 0x00000006ce400000, 0x00000006ce500000|  0%| F|  |TS  0|AC  0|TAMS 0x00000006ce400000, 0x00000006ce400000|
| 123|0x00000006ce500000, 0x00000006ce500000, 0x00000006ce600000|  0%| F|  |TS  0|AC  0|TAMS 0x00000006ce500000, 0x00000006ce500000|
| 124|0x00000006ce600000, 0x00000006ce600000, 0x00000006ce700000|  0%| F|  |TS  0|AC  0|TAMS 0x00000006ce600000, 0x00000006ce600000|
| 125|0x00000006ce700000, 0x00000006ce700000, 0x00000006ce800000|  0%| F|  |TS  0|AC  0|TAMS 0x00000006ce700000, 0x00000006ce700000|
| 126|0x00000006ce800000, 0x00000006ce800000, 0x00000006ce900000|  0%| F|  |TS  0|AC  0|TAMS 0x00000006ce800000, 0x00000006ce800000|
| 127|0x00000006ce900000, 0x00000006ce900000, 0x00000006cea00000|  0%| F|  |TS  0|AC  0|TAMS 0x00000006ce900000, 0x00000006ce900000|
| 128|0x00000006cea00000, 0x00000006cea00000, 0x00000006ceb00000|  0%| F|  |TS  0|AC  0|TAMS 0x00000006cea00000, 0x00000006cea00000|
| 129|0x00000006ceb00000, 0x00000006ceb00000, 0x00000006cec00000|  0%| F|  |TS  0|AC  0|TAMS 0x00000006ceb00000, 0x00000006ceb00000|
| 130|0x00000006cec00000, 0x00000006cec00000, 0x00000006ced00000|  0%| F|  |TS  0|AC  0|TAMS 0x00000006cec00000, 0x00000006cec00000|
| 131|0x00000006ced00000, 0x00000006ced00000, 0x00000006cee00000|  0%| F|  |TS  0|AC  0|TAMS 0x00000006ced00000, 0x00000006ced00000|
| 132|0x00000006cee00000, 0x00000006cee00000, 0x00000006cef00000|  0%| F|  |TS  0|AC  0|TAMS 0x00000006cee00000, 0x00000006cee00000|
| 133|0x00000006cef00000, 0x00000006cef00000, 0x00000006cf000000|  0%| F|  |TS  0|AC  0|TAMS 0x00000006cef00000, 0x00000006cef00000|
| 134|0x00000006cf000000, 0x00000006cf000000, 0x00000006cf100000|  0%| F|  |TS  0|AC  0|TAMS 0x00000006cf000000, 0x00000006cf000000|
| 135|0x00000006cf100000, 0x00000006cf100000, 0x00000006cf200000|  0%| F|  |TS  0|AC  0|TAMS 0x00000006cf100000, 0x00000006cf100000|
| 136|0x00000006cf200000, 0x00000006cf200000, 0x00000006cf300000|  0%| F|  |TS  0|AC  0|TAMS 0x00000006cf200000, 0x00000006cf200000|
| 137|0x00000006cf300000, 0x00000006cf300000, 0x00000006cf400000|  0%| F|  |TS  0|AC  0|TAMS 0x00000006cf300000, 0x00000006cf300000|
| 138|0x00000006cf400000, 0x00000006cf400000, 0x00000006cf500000|  0%| F|  |TS  0|AC  0|TAMS 0x00000006cf400000, 0x00000006cf400000|
| 139|0x00000006cf500000, 0x00000006cf500000, 0x00000006cf600000|  0%| F|  |TS  0|AC  0|TAMS 0x00000006cf500000, 0x00000006cf500000|
| 140|0x00000006cf600000, 0x00000006cf600000, 0x00000006cf700000|  0%| F|  |TS  0|AC  0|TAMS 0x00000006cf600000, 0x00000006cf600000|
| 141|0x00000006cf700000, 0x00000006cf700000, 0x00000006cf800000|  0%| F|  |TS  0|AC  0|TAMS 0x00000006cf700000, 0x00000006cf700000|
| 142|0x00000006cf800000, 0x00000006cf800000, 0x00000006cf900000|  0%| F|  |TS  0|AC  0|TAMS 0x00000006cf800000, 0x00000006cf800000|
| 143|0x00000006cf900000, 0x00000006cf900000, 0x00000006cfa00000|  0%| F|  |TS  0|AC  0|TAMS 0x00000006cf900000, 0x00000006cf900000|
| 144|0x00000006cfa00000, 0x00000006cfa00000, 0x00000006cfb00000|  0%| F|  |TS  0|AC  0|TAMS 0x00000006cfa00000, 0x00000006cfa00000|
| 145|0x00000006cfb00000, 0x00000006cfb00000, 0x00000006cfc00000|  0%| F|  |TS  0|AC  0|TAMS 0x00000006cfb00000, 0x00000006cfb00000|
| 146|0x00000006cfc00000, 0x00000006cfc00000, 0x00000006cfd00000|  0%| F|  |TS  0|AC  0|TAMS 0x00000006cfc00000, 0x00000006cfc00000|
| 147|0x00000006cfd00000, 0x00000006cfd00000, 0x00000006cfe00000|  0%| F|  |TS  0|AC  0|TAMS 0x00000006cfd00000, 0x00000006cfd00000|
| 148|0x00000006cfe00000, 0x00000006cfe00000, 0x00000006cff00000|  0%| F|  |TS  0|AC  0|TAMS 0x00000006cfe00000, 0x00000006cfe00000|
| 149|0x00000006cff00000, 0x00000006cff00000, 0x00000006d0000000|  0%| F|  |TS  0|AC  0|TAMS 0x00000006cff00000, 0x00000006cff00000|
| 150|0x00000006d0000000, 0x00000006d0000000, 0x00000006d0100000|  0%| F|  |TS  0|AC  0|TAMS 0x00000006d0000000, 0x00000006d0000000|
| 151|0x00000006d0100000, 0x00000006d0100000, 0x00000006d0200000|  0%| F|  |TS  0|AC  0|TAMS 0x00000006d0100000, 0x00000006d0100000|
| 152|0x00000006d0200000, 0x00000006d0200000, 0x00000006d0300000|  0%| F|  |TS  0|AC  0|TAMS 0x00000006d0200000, 0x00000006d0200000|
| 153|0x00000006d0300000, 0x00000006d0300000, 0x00000006d0400000|  0%| F|  |TS  0|AC  0|TAMS 0x00000006d0300000, 0x00000006d0300000|
| 154|0x00000006d0400000, 0x00000006d0400000, 0x00000006d0500000|  0%| F|  |TS  0|AC  0|TAMS 0x00000006d0400000, 0x00000006d0400000|
| 155|0x00000006d0500000, 0x00000006d0500000, 0x00000006d0600000|  0%| F|  |TS  0|AC  0|TAMS 0x00000006d0500000, 0x00000006d0500000|
| 156|0x00000006d0600000, 0x00000006d0600000, 0x00000006d0700000|  0%| F|  |TS  0|AC  0|TAMS 0x00000006d0600000, 0x00000006d0600000|
| 157|0x00000006d0700000, 0x00000006d0700000, 0x00000006d0800000|  0%| F|  |TS  0|AC  0|TAMS 0x00000006d0700000, 0x00000006d0700000|
| 158|0x00000006d0800000, 0x00000006d0800000, 0x00000006d0900000|  0%| F|  |TS  0|AC  0|TAMS 0x00000006d0800000, 0x00000006d0800000|
| 159|0x00000006d0900000, 0x00000006d0900000, 0x00000006d0a00000|  0%| F|  |TS  0|AC  0|TAMS 0x00000006d0900000, 0x00000006d0900000|
| 160|0x00000006d0a00000, 0x00000006d0a00000, 0x00000006d0b00000|  0%| F|  |TS  0|AC  0|TAMS 0x00000006d0a00000, 0x00000006d0a00000|
| 161|0x00000006d0b00000, 0x00000006d0b00000, 0x00000006d0c00000|  0%| F|  |TS  0|AC  0|TAMS 0x00000006d0b00000, 0x00000006d0b00000|
| 162|0x00000006d0c00000, 0x00000006d0c00000, 0x00000006d0d00000|  0%| F|  |TS  0|AC  0|TAMS 0x00000006d0c00000, 0x00000006d0c00000|
| 163|0x00000006d0d00000, 0x00000006d0d00000, 0x00000006d0e00000|  0%| F|  |TS  0|AC  0|TAMS 0x00000006d0d00000, 0x00000006d0d00000|
| 164|0x00000006d0e00000, 0x00000006d0e00000, 0x00000006d0f00000|  0%| F|  |TS  0|AC  0|TAMS 0x00000006d0e00000, 0x00000006d0e00000|
| 165|0x00000006d0f00000, 0x00000006d0f00000, 0x00000006d1000000|  0%| F|  |TS  0|AC  0|TAMS 0x00000006d0f00000, 0x00000006d0f00000|
| 166|0x00000006d1000000, 0x00000006d1000000, 0x00000006d1100000|  0%| F|  |TS  0|AC  0|TAMS 0x00000006d1000000, 0x00000006d1000000|
| 167|0x00000006d1100000, 0x00000006d1100000, 0x00000006d1200000|  0%| F|  |TS  0|AC  0|TAMS 0x00000006d1100000, 0x00000006d1100000|
| 168|0x00000006d1200000, 0x00000006d1200000, 0x00000006d1300000|  0%| F|  |TS  0|AC  0|TAMS 0x00000006d1200000, 0x00000006d1200000|
| 169|0x00000006d1300000, 0x00000006d1300000, 0x00000006d1400000|  0%| F|  |TS  0|AC  0|TAMS 0x00000006d1300000, 0x00000006d1300000|
| 170|0x00000006d1400000, 0x00000006d1400000, 0x00000006d1500000|  0%| F|  |TS  0|AC  0|TAMS 0x00000006d1400000, 0x00000006d1400000|
| 171|0x00000006d1500000, 0x00000006d1500000, 0x00000006d1600000|  0%| F|  |TS  0|AC  0|TAMS 0x00000006d1500000, 0x00000006d1500000|
| 172|0x00000006d1600000, 0x00000006d1600000, 0x00000006d1700000|  0%| F|  |TS  0|AC  0|TAMS 0x00000006d1600000, 0x00000006d1600000|
| 173|0x00000006d1700000, 0x00000006d1700000, 0x00000006d1800000|  0%| F|  |TS  0|AC  0|TAMS 0x00000006d1700000, 0x00000006d1700000|
| 174|0x00000006d1800000, 0x00000006d1800000, 0x00000006d1900000|  0%| F|  |TS  0|AC  0|TAMS 0x00000006d1800000, 0x00000006d1800000|
| 175|0x00000006d1900000, 0x00000006d1900000, 0x00000006d1a00000|  0%| F|  |TS  0|AC  0|TAMS 0x00000006d1900000, 0x00000006d1900000|
| 176|0x00000006d1a00000, 0x00000006d1a00000, 0x00000006d1b00000|  0%| F|  |TS  0|AC  0|TAMS 0x00000006d1a00000, 0x00000006d1a00000|
| 177|0x00000006d1b00000, 0x00000006d1b00000, 0x00000006d1c00000|  0%| F|  |TS  0|AC  0|TAMS 0x00000006d1b00000, 0x00000006d1b00000|
| 178|0x00000006d1c00000, 0x00000006d1c00000, 0x00000006d1d00000|  0%| F|  |TS  0|AC  0|TAMS 0x00000006d1c00000, 0x00000006d1c00000|
| 179|0x00000006d1d00000, 0x00000006d1d00000, 0x00000006d1e00000|  0%| F|  |TS  0|AC  0|TAMS 0x00000006d1d00000, 0x00000006d1d00000|
| 180|0x00000006d1e00000, 0x00000006d1e00000, 0x00000006d1f00000|  0%| F|  |TS  0|AC  0|TAMS 0x00000006d1e00000, 0x00000006d1e00000|
| 181|0x00000006d1f00000, 0x00000006d1f00000, 0x00000006d2000000|  0%| F|  |TS  0|AC  0|TAMS 0x00000006d1f00000, 0x00000006d1f00000|
| 182|0x00000006d2000000, 0x00000006d2000000, 0x00000006d2100000|  0%| F|  |TS  0|AC  0|TAMS 0x00000006d2000000, 0x00000006d2000000|
| 183|0x00000006d2100000, 0x00000006d2100000, 0x00000006d2200000|  0%| F|  |TS  0|AC  0|TAMS 0x00000006d2100000, 0x00000006d2100000|
| 184|0x00000006d2200000, 0x00000006d2200000, 0x00000006d2300000|  0%| F|  |TS  0|AC  0|TAMS 0x00000006d2200000, 0x00000006d2200000|
| 185|0x00000006d2300000, 0x00000006d2300000, 0x00000006d2400000|  0%| F|  |TS  0|AC  0|TAMS 0x00000006d2300000, 0x00000006d2300000|
| 186|0x00000006d2400000, 0x00000006d2400000, 0x00000006d2500000|  0%| F|  |TS  0|AC  0|TAMS 0x00000006d2400000, 0x00000006d2400000|
| 187|0x00000006d2500000, 0x00000006d2500000, 0x00000006d2600000|  0%| F|  |TS  0|AC  0|TAMS 0x00000006d2500000, 0x00000006d2500000|
| 188|0x00000006d2600000, 0x00000006d2600000, 0x00000006d2700000|  0%| F|  |TS  0|AC  0|TAMS 0x00000006d2600000, 0x00000006d2600000|
| 189|0x00000006d2700000, 0x00000006d2700000, 0x00000006d2800000|  0%| F|  |TS  0|AC  0|TAMS 0x00000006d2700000, 0x00000006d2700000|
| 190|0x00000006d2800000, 0x00000006d2800000, 0x00000006d2900000|  0%| F|  |TS  0|AC  0|TAMS 0x00000006d2800000, 0x00000006d2800000|
| 191|0x00000006d2900000, 0x00000006d2900000, 0x00000006d2a00000|  0%| F|  |TS  0|AC  0|TAMS 0x00000006d2900000, 0x00000006d2900000|
| 192|0x00000006d2a00000, 0x00000006d2a00000, 0x00000006d2b00000|  0%| F|  |TS  0|AC  0|TAMS 0x00000006d2a00000, 0x00000006d2a00000|
| 193|0x00000006d2b00000, 0x00000006d2b00000, 0x00000006d2c00000|  0%| F|  |TS  0|AC  0|TAMS 0x00000006d2b00000, 0x00000006d2b00000|
| 194|0x00000006d2c00000, 0x00000006d2c00000, 0x00000006d2d00000|  0%| F|  |TS  0|AC  0|TAMS 0x00000006d2c00000, 0x00000006d2c00000|
| 195|0x00000006d2d00000, 0x00000006d2d00000, 0x00000006d2e00000|  0%| F|  |TS  0|AC  0|TAMS 0x00000006d2d00000, 0x00000006d2d00000|
| 196|0x00000006d2e00000, 0x00000006d2e00000, 0x00000006d2f00000|  0%| F|  |TS  0|AC  0|TAMS 0x00000006d2e00000, 0x00000006d2e00000|
| 197|0x00000006d2f00000, 0x00000006d2f00000, 0x00000006d3000000|  0%| F|  |TS  0|AC  0|TAMS 0x00000006d2f00000, 0x00000006d2f00000|
| 198|0x00000006d3000000, 0x00000006d3000000, 0x00000006d3100000|  0%| F|  |TS  0|AC  0|TAMS 0x00000006d3000000, 0x00000006d3000000|
| 199|0x00000006d3100000, 0x00000006d3100000, 0x00000006d3200000|  0%| F|  |TS  0|AC  0|TAMS 0x00000006d3100000, 0x00000006d3100000|
| 200|0x00000006d3200000, 0x00000006d3200000, 0x00000006d3300000|  0%| F|  |TS  0|AC  0|TAMS 0x00000006d3200000, 0x00000006d3200000|
| 201|0x00000006d3300000, 0x00000006d3300000, 0x00000006d3400000|  0%| F|  |TS  0|AC  0|TAMS 0x00000006d3300000, 0x00000006d3300000|
| 202|0x00000006d3400000, 0x00000006d3400000, 0x00000006d3500000|  0%| F|  |TS  0|AC  0|TAMS 0x00000006d3400000, 0x00000006d3400000|
| 203|0x00000006d3500000, 0x00000006d3500000, 0x00000006d3600000|  0%| F|  |TS  0|AC  0|TAMS 0x00000006d3500000, 0x00000006d3500000|
| 204|0x00000006d3600000, 0x00000006d3600000, 0x00000006d3700000|  0%| F|  |TS  0|AC  0|TAMS 0x00000006d3600000, 0x00000006d3600000|
| 205|0x00000006d3700000, 0x00000006d3700000, 0x00000006d3800000|  0%| F|  |TS  0|AC  0|TAMS 0x00000006d3700000, 0x00000006d3700000|
| 206|0x00000006d3800000, 0x00000006d3800000, 0x00000006d3900000|  0%| F|  |TS  0|AC  0|TAMS 0x00000006d3800000, 0x00000006d3800000|
| 207|0x00000006d3900000, 0x00000006d3900000, 0x00000006d3a00000|  0%| F|  |TS  0|AC  0|TAMS 0x00000006d3900000, 0x00000006d3900000|
| 208|0x00000006d3a00000, 0x00000006d3a00000, 0x00000006d3b00000|  0%| F|  |TS  0|AC  0|TAMS 0x00000006d3a00000, 0x00000006d3a00000|
| 209|0x00000006d3b00000, 0x00000006d3b00000, 0x00000006d3c00000|  0%| F|  |TS  0|AC  0|TAMS 0x00000006d3b00000, 0x00000006d3b00000|
| 210|0x00000006d3c00000, 0x00000006d3c00000, 0x00000006d3d00000|  0%| F|  |TS  0|AC  0|TAMS 0x00000006d3c00000, 0x00000006d3c00000|
| 211|0x00000006d3d00000, 0x00000006d3d00000, 0x00000006d3e00000|  0%| F|  |TS  0|AC  0|TAMS 0x00000006d3d00000, 0x00000006d3d00000|
| 212|0x00000006d3e00000, 0x00000006d3e00000, 0x00000006d3f00000|  0%| F|  |TS  0|AC  0|TAMS 0x00000006d3e00000, 0x00000006d3e00000|
| 213|0x00000006d3f00000, 0x00000006d3f00000, 0x00000006d4000000|  0%| F|  |TS  0|AC  0|TAMS 0x00000006d3f00000, 0x00000006d3f00000|
| 214|0x00000006d4000000, 0x00000006d4000000, 0x00000006d4100000|  0%| F|  |TS  0|AC  0|TAMS 0x00000006d4000000, 0x00000006d4000000|
| 215|0x00000006d4100000, 0x00000006d4100000, 0x00000006d4200000|  0%| F|  |TS  0|AC  0|TAMS 0x00000006d4100000, 0x00000006d4100000|
| 216|0x00000006d4200000, 0x00000006d4200000, 0x00000006d4300000|  0%| F|  |TS  0|AC  0|TAMS 0x00000006d4200000, 0x00000006d4200000|
| 217|0x00000006d4300000, 0x00000006d4300000, 0x00000006d4400000|  0%| F|  |TS  0|AC  0|TAMS 0x00000006d4300000, 0x00000006d4300000|
| 218|0x00000006d4400000, 0x00000006d4400000, 0x00000006d4500000|  0%| F|  |TS  0|AC  0|TAMS 0x00000006d4400000, 0x00000006d4400000|
| 219|0x00000006d4500000, 0x00000006d4500000, 0x00000006d4600000|  0%| F|  |TS  0|AC  0|TAMS 0x00000006d4500000, 0x00000006d4500000|
| 220|0x00000006d4600000, 0x00000006d4600000, 0x00000006d4700000|  0%| F|  |TS  0|AC  0|TAMS 0x00000006d4600000, 0x00000006d4600000|
| 221|0x00000006d4700000, 0x00000006d4700000, 0x00000006d4800000|  0%| F|  |TS  0|AC  0|TAMS 0x00000006d4700000, 0x00000006d4700000|
| 222|0x00000006d4800000, 0x00000006d4800000, 0x00000006d4900000|  0%| F|  |TS  0|AC  0|TAMS 0x00000006d4800000, 0x00000006d4800000|
| 223|0x00000006d4900000, 0x00000006d4900000, 0x00000006d4a00000|  0%| F|  |TS  0|AC  0|TAMS 0x00000006d4900000, 0x00000006d4900000|
| 224|0x00000006d4a00000, 0x00000006d4a00000, 0x00000006d4b00000|  0%| F|  |TS  0|AC  0|TAMS 0x00000006d4a00000, 0x00000006d4a00000|
| 225|0x00000006d4b00000, 0x00000006d4b00000, 0x00000006d4c00000|  0%| F|  |TS  0|AC  0|TAMS 0x00000006d4b00000, 0x00000006d4b00000|
| 226|0x00000006d4c00000, 0x00000006d4c00000, 0x00000006d4d00000|  0%| F|  |TS  0|AC  0|TAMS 0x00000006d4c00000, 0x00000006d4c00000|
| 227|0x00000006d4d00000, 0x00000006d4d00000, 0x00000006d4e00000|  0%| F|  |TS  0|AC  0|TAMS 0x00000006d4d00000, 0x00000006d4d00000|
| 228|0x00000006d4e00000, 0x00000006d4e00000, 0x00000006d4f00000|  0%| F|  |TS  0|AC  0|TAMS 0x00000006d4e00000, 0x00000006d4e00000|
| 229|0x00000006d4f00000, 0x00000006d4f00000, 0x00000006d5000000|  0%| F|  |TS  0|AC  0|TAMS 0x00000006d4f00000, 0x00000006d4f00000|
| 230|0x00000006d5000000, 0x00000006d5000000, 0x00000006d5100000|  0%| F|  |TS  0|AC  0|TAMS 0x00000006d5000000, 0x00000006d5000000|
| 231|0x00000006d5100000, 0x00000006d5100000, 0x00000006d5200000|  0%| F|  |TS  0|AC  0|TAMS 0x00000006d5100000, 0x00000006d5100000|
| 232|0x00000006d5200000, 0x00000006d5200000, 0x00000006d5300000|  0%| F|  |TS  0|AC  0|TAMS 0x00000006d5200000, 0x00000006d5200000|
| 233|0x00000006d5300000, 0x00000006d5300000, 0x00000006d5400000|  0%| F|  |TS  0|AC  0|TAMS 0x00000006d5300000, 0x00000006d5300000|
| 234|0x00000006d5400000, 0x00000006d5400000, 0x00000006d5500000|  0%| F|  |TS  0|AC  0|TAMS 0x00000006d5400000, 0x00000006d5400000|
| 235|0x00000006d5500000, 0x00000006d5500000, 0x00000006d5600000|  0%| F|  |TS  0|AC  0|TAMS 0x00000006d5500000, 0x00000006d5500000|
| 236|0x00000006d5600000, 0x00000006d5600000, 0x00000006d5700000|  0%| F|  |TS  0|AC  0|TAMS 0x00000006d5600000, 0x00000006d5600000|
| 237|0x00000006d5700000, 0x00000006d5700000, 0x00000006d5800000|  0%| F|  |TS  0|AC  0|TAMS 0x00000006d5700000, 0x00000006d5700000|
| 238|0x00000006d5800000, 0x00000006d5800000, 0x00000006d5900000|  0%| F|  |TS  0|AC  0|TAMS 0x00000006d5800000, 0x00000006d5800000|
| 239|0x00000006d5900000, 0x00000006d5900000, 0x00000006d5a00000|  0%| F|  |TS  0|AC  0|TAMS 0x00000006d5900000, 0x00000006d5900000|
| 240|0x00000006d5a00000, 0x00000006d5a00000, 0x00000006d5b00000|  0%| F|  |TS  0|AC  0|TAMS 0x00000006d5a00000, 0x00000006d5a00000|
| 241|0x00000006d5b00000, 0x00000006d5b00000, 0x00000006d5c00000|  0%| F|  |TS  0|AC  0|TAMS 0x00000006d5b00000, 0x00000006d5b00000|
| 242|0x00000006d5c00000, 0x00000006d5c00000, 0x00000006d5d00000|  0%| F|  |TS  0|AC  0|TAMS 0x00000006d5c00000, 0x00000006d5c00000|
| 243|0x00000006d5d00000, 0x00000006d5d00000, 0x00000006d5e00000|  0%| F|  |TS  0|AC  0|TAMS 0x00000006d5d00000, 0x00000006d5d00000|
| 244|0x00000006d5e00000, 0x00000006d5e00000, 0x00000006d5f00000|  0%| F|  |TS  0|AC  0|TAMS 0x00000006d5e00000, 0x00000006d5e00000|
| 245|0x00000006d5f00000, 0x00000006d5f00000, 0x00000006d6000000|  0%| F|  |TS  0|AC  0|TAMS 0x00000006d5f00000, 0x00000006d5f00000|
| 246|0x00000006d6000000, 0x00000006d6000000, 0x00000006d6100000|  0%| F|  |TS  0|AC  0|TAMS 0x00000006d6000000, 0x00000006d6000000|
| 247|0x00000006d6100000, 0x00000006d617b6a0, 0x00000006d6200000| 48%| E|  |TS  0|AC  0|TAMS 0x00000006d6100000, 0x00000006d6100000|
| 248|0x00000006d6200000, 0x00000006d6300000, 0x00000006d6300000|100%| E|CS|TS  0|AC  0|TAMS 0x00000006d6200000, 0x00000006d6200000|
| 249|0x00000006d6300000, 0x00000006d6400000, 0x00000006d6400000|100%| E|CS|TS  0|AC  0|TAMS 0x00000006d6300000, 0x00000006d6300000|

Card table byte_map: [0x00007fd33db89000,0x00007fd33e354000] byte_map_base: 0x00007fd33a554000

Marking Bits (Prev, Next): (CMBitMap*) 0x00007fd37808c670, (CMBitMap*) 0x00007fd37808c6a8
 Prev Bits: [0x00007fd3101a8000, 0x00007fd314000000)
 Next Bits: [0x00007fd30c350000, 0x00007fd3101a8000)

Polling page: 0x00007fd37ebe1000

CodeHeap 'non-profiled nmethods': size=120032Kb used=39Kb max_used=39Kb free=119992Kb
 bounds [0x00007fd364995000, 0x00007fd364c05000, 0x00007fd36becd000]
CodeHeap 'profiled nmethods': size=120028Kb used=172Kb max_used=172Kb free=119855Kb
 bounds [0x00007fd35d45e000, 0x00007fd35d6ce000, 0x00007fd364995000]
CodeHeap 'non-nmethods': size=5700Kb used=1136Kb max_used=1144Kb free=4563Kb
 bounds [0x00007fd35cecd000, 0x00007fd35d13d000, 0x00007fd35d45e000]
 total_blobs=458 nmethods=141 adapters=169
 compilation: enabled

Compilation events (10 events):
Event: 0,093 Thread 0x00007fd378212800  137       3       java.util.HashMap::containsKey (18 bytes)
Event: 0,093 Thread 0x00007fd378212800 nmethod 137 0x00007fd35d487610 code [0x00007fd35d4877e0, 0x00007fd35d487bd8]
Event: 0,093 Thread 0x00007fd378212800  138       3       java.lang.Math::min (11 bytes)
Event: 0,093 Thread 0x00007fd378212800 nmethod 138 0x00007fd35d487d10 code [0x00007fd35d487ec0, 0x00007fd35d488050]
Event: 0,095 Thread 0x00007fd378212800  139       3       java.lang.String::indexOf (7 bytes)
Event: 0,095 Thread 0x00007fd378212800 nmethod 139 0x00007fd35d488110 code [0x00007fd35d4882e0, 0x00007fd35d488698]
Event: 0,095 Thread 0x00007fd378212800  140       3       sun.nio.fs.UnixPath::checkNotNul (16 bytes)
Event: 0,095 Thread 0x00007fd378212800 nmethod 140 0x00007fd35d488790 code [0x00007fd35d488940, 0x00007fd35d488b48]
Event: 0,096 Thread 0x00007fd378212800  141       3       java.lang.StringLatin1::indexOf (61 bytes)
Event: 0,097 Thread 0x00007fd378212800 nmethod 141 0x00007fd35d488c10 code [0x00007fd35d488de0, 0x00007fd35d4891d0]

GC Heap History (0 events):
No events

Deoptimization events (0 events):
No events

Classes redefined (0 events):
No events

Internal exceptions (0 events):
No events

Events (10 events):
Event: 0,096 loading class java/lang/NamedPackage
Event: 0,096 loading class java/lang/NamedPackage done
Event: 0,096 loading class java/lang/PublicMethods$MethodList
Event: 0,096 loading class java/lang/PublicMethods$MethodList done
Event: 0,096 loading class java/lang/PublicMethods$Key
Event: 0,096 loading class java/lang/PublicMethods$Key done
Event: 0,096 loading class java/lang/Void
Event: 0,096 loading class java/lang/Void done
Event: 0,096 loading class java/lang/ClassLoaderHelper
Event: 0,096 loading class java/lang/ClassLoaderHelper done


Dynamic libraries:
00400000-00401000 r-xp 00000000 08:01 14685579                           /usr/lib/jvm/java-9-oracle/bin/java
00600000-00601000 rw-p 00000000 08:01 14685579                           /usr/lib/jvm/java-9-oracle/bin/java
01d09000-01d2a000 rw-p 00000000 00:00 0                                  [heap]
6c6a00000-6d6400000 rw-p 00000000 00:00 0 
6d6400000-7c0000000 ---p 00000000 00:00 0 
7c0000000-7c0080000 rw-p 00000000 00:00 0 
7c0080000-800000000 ---p 00000000 00:00 0 
7fd2c8000000-7fd2c8021000 rw-p 00000000 00:00 0 
7fd2c8021000-7fd2cc000000 ---p 00000000 00:00 0 
7fd2d0000000-7fd2d0021000 rw-p 00000000 00:00 0 
7fd2d0021000-7fd2d4000000 ---p 00000000 00:00 0 
7fd2d4000000-7fd2d4021000 rw-p 00000000 00:00 0 
7fd2d4021000-7fd2d8000000 ---p 00000000 00:00 0 
7fd2d8000000-7fd2d8047000 rw-p 00000000 00:00 0 
7fd2d8047000-7fd2dc000000 ---p 00000000 00:00 0 
7fd2dc000000-7fd2dc021000 rw-p 00000000 00:00 0 
7fd2dc021000-7fd2e0000000 ---p 00000000 00:00 0 
7fd2e0000000-7fd2e003a000 rw-p 00000000 00:00 0 
7fd2e003a000-7fd2e4000000 ---p 00000000 00:00 0 
7fd2e4000000-7fd2e4021000 rw-p 00000000 00:00 0 
7fd2e4021000-7fd2e8000000 ---p 00000000 00:00 0 
7fd2e8000000-7fd2e8021000 rw-p 00000000 00:00 0 
7fd2e8021000-7fd2ec000000 ---p 00000000 00:00 0 
7fd2ec000000-7fd2ec09e000 rw-p 00000000 00:00 0 
7fd2ec09e000-7fd2f0000000 ---p 00000000 00:00 0 
7fd2f0000000-7fd2f0021000 rw-p 00000000 00:00 0 
7fd2f0021000-7fd2f4000000 ---p 00000000 00:00 0 
7fd2f4000000-7fd2f4021000 rw-p 00000000 00:00 0 
7fd2f4021000-7fd2f8000000 ---p 00000000 00:00 0 
7fd2f8000000-7fd2f8021000 rw-p 00000000 00:00 0 
7fd2f8021000-7fd2fc000000 ---p 00000000 00:00 0 
7fd2fc2f9000-7fd2fc627000 rw-p 00000000 00:00 0 
7fd2fc627000-7fd2fc63e000 r-xp 00000000 08:01 3936150                    /lib/x86_64-linux-gnu/libgcc_s.so.1
7fd2fc63e000-7fd2fc83d000 ---p 00017000 08:01 3936150                    /lib/x86_64-linux-gnu/libgcc_s.so.1
7fd2fc83d000-7fd2fc83e000 r--p 00016000 08:01 3936150                    /lib/x86_64-linux-gnu/libgcc_s.so.1
7fd2fc83e000-7fd2fc83f000 rw-p 00017000 08:01 3936150                    /lib/x86_64-linux-gnu/libgcc_s.so.1
7fd2fc83f000-7fd2fc9bd000 r-xp 00000000 08:01 14680529                   /usr/lib/x86_64-linux-gnu/libstdc++.so.6.0.25
7fd2fc9bd000-7fd2fcbbd000 ---p 0017e000 08:01 14680529                   /usr/lib/x86_64-linux-gnu/libstdc++.so.6.0.25
7fd2fcbbd000-7fd2fcbc7000 r--p 0017e000 08:01 14680529                   /usr/lib/x86_64-linux-gnu/libstdc++.so.6.0.25
7fd2fcbc7000-7fd2fcbc9000 rw-p 00188000 08:01 14680529                   /usr/lib/x86_64-linux-gnu/libstdc++.so.6.0.25
7fd2fcbc9000-7fd2fcbcd000 rw-p 00000000 00:00 0 
7fd2fcbcd000-7fd2fcbcf000 r-xp 00000000 00:34 12468237                   /home/black/Work/lab/Lab11Task1V2/src/main/java/libhello.so
7fd2fcbcf000-7fd2fcdcf000 ---p 00002000 00:34 12468237                   /home/black/Work/lab/Lab11Task1V2/src/main/java/libhello.so
7fd2fcdcf000-7fd2fcdd0000 r--p 00002000 00:34 12468237                   /home/black/Work/lab/Lab11Task1V2/src/main/java/libhello.so
7fd2fcdd0000-7fd2fcdd1000 rw-p 00003000 00:34 12468237                   /home/black/Work/lab/Lab11Task1V2/src/main/java/libhello.so
7fd2fcdd1000-7fd2fcdd2000 ---p 00000000 00:00 0 
7fd2fcdd2000-7fd2fced3000 rw-p 00000000 00:00 0 
7fd2fced3000-7fd2fced7000 ---p 00000000 00:00 0 
7fd2fced7000-7fd2fcfd4000 rw-p 00000000 00:00 0 
7fd2fcfd4000-7fd2fcfd8000 ---p 00000000 00:00 0 
7fd2fcfd8000-7fd2fd0d5000 rw-p 00000000 00:00 0 
7fd2fd0d5000-7fd2fd0eb000 r-xp 00000000 08:01 3016376                    /usr/lib/jvm/java-9-oracle/lib/libnet.so
7fd2fd0eb000-7fd2fd2eb000 ---p 00016000 08:01 3016376                    /usr/lib/jvm/java-9-oracle/lib/libnet.so
7fd2fd2eb000-7fd2fd2ec000 rw-p 00016000 08:01 3016376                    /usr/lib/jvm/java-9-oracle/lib/libnet.so
7fd2fd2ec000-7fd2fd2fc000 r-xp 00000000 08:01 3016558                    /usr/lib/jvm/java-9-oracle/lib/libnio.so
7fd2fd2fc000-7fd2fd4fc000 ---p 00010000 08:01 3016558                    /usr/lib/jvm/java-9-oracle/lib/libnio.so
7fd2fd4fc000-7fd2fd4fd000 rw-p 00010000 08:01 3016558                    /usr/lib/jvm/java-9-oracle/lib/libnio.so
7fd2fd4fd000-7fd2fd501000 ---p 00000000 00:00 0 
7fd2fd501000-7fd2fd5fe000 rw-p 00000000 00:00 0 
7fd2fd5fe000-7fd2fd602000 ---p 00000000 00:00 0 
7fd2fd602000-7fd2fd6ff000 rw-p 00000000 00:00 0 
7fd2fd6ff000-7fd2fd703000 ---p 00000000 00:00 0 
7fd2fd703000-7fd2fdc40000 rw-p 00000000 00:00 0 
7fd2fdc40000-7fd2fe000000 ---p 00000000 00:00 0 
7fd2fe000000-7fd300000000 rwxp 00000000 00:00 0 
7fd300000000-7fd300021000 rw-p 00000000 00:00 0 
7fd300021000-7fd304000000 ---p 00000000 00:00 0 
7fd304000000-7fd304021000 rw-p 00000000 00:00 0 
7fd304021000-7fd308000000 ---p 00000000 00:00 0 
7fd308000000-7fd308021000 rw-p 00000000 00:00 0 
7fd308021000-7fd30c000000 ---p 00000000 00:00 0 
7fd30c04d000-7fd30c051000 ---p 00000000 00:00 0 
7fd30c051000-7fd30c14e000 rw-p 00000000 00:00 0 
7fd30c14e000-7fd30c152000 ---p 00000000 00:00 0 
7fd30c152000-7fd30c24f000 rw-p 00000000 00:00 0 
7fd30c24f000-7fd30c253000 ---p 00000000 00:00 0 
7fd30c253000-7fd30c738000 rw-p 00000000 00:00 0 
7fd30c738000-7fd3101a8000 ---p 00000000 00:00 0 
7fd3101a8000-7fd310590000 rw-p 00000000 00:00 0 
7fd310590000-7fd314000000 ---p 00000000 00:00 0 
7fd314000000-7fd314021000 rw-p 00000000 00:00 0 
7fd314021000-7fd318000000 ---p 00000000 00:00 0 
7fd318000000-7fd318021000 rw-p 00000000 00:00 0 
7fd318021000-7fd31c000000 ---p 00000000 00:00 0 
7fd31c000000-7fd31c021000 rw-p 00000000 00:00 0 
7fd31c021000-7fd320000000 ---p 00000000 00:00 0 
7fd320000000-7fd320021000 rw-p 00000000 00:00 0 
7fd320021000-7fd324000000 ---p 00000000 00:00 0 
7fd324000000-7fd324021000 rw-p 00000000 00:00 0 
7fd324021000-7fd328000000 ---p 00000000 00:00 0 
7fd328000000-7fd328021000 rw-p 00000000 00:00 0 
7fd328021000-7fd32c000000 ---p 00000000 00:00 0 
7fd32c000000-7fd32c021000 rw-p 00000000 00:00 0 
7fd32c021000-7fd330000000 ---p 00000000 00:00 0 
7fd330000000-7fd330021000 rw-p 00000000 00:00 0 
7fd330021000-7fd334000000 ---p 00000000 00:00 0 
7fd334000000-7fd334021000 rw-p 00000000 00:00 0 
7fd334021000-7fd338000000 ---p 00000000 00:00 0 
7fd338000000-7fd338021000 rw-p 00000000 00:00 0 
7fd338021000-7fd33c000000 ---p 00000000 00:00 0 
7fd33c072000-7fd33c0a3000 rw-p 00000000 00:00 0 
7fd33c0a3000-7fd33c4b2000 r--p 00000000 08:01 14689433                   /usr/lib/locale/locale-archive
7fd33c4b2000-7fd33c4b6000 ---p 00000000 00:00 0 
7fd33c4b6000-7fd33c5b3000 rw-p 00000000 00:00 0 
7fd33c5b3000-7fd33c5b7000 ---p 00000000 00:00 0 
7fd33c5b7000-7fd33c6b4000 rw-p 00000000 00:00 0 
7fd33c6b4000-7fd33c6b5000 ---p 00000000 00:00 0 
7fd33c6b5000-7fd33cfbe000 rw-p 00000000 00:00 0 
7fd33cfbe000-7fd33cfbf000 ---p 00000000 00:00 0 
7fd33cfbf000-7fd33d0c0000 rw-p 00000000 00:00 0 
7fd33d0c0000-7fd33d0c1000 ---p 00000000 00:00 0 
7fd33d0c1000-7fd33d1c2000 rw-p 00000000 00:00 0 
7fd33d1c2000-7fd33d1c3000 ---p 00000000 00:00 0 
7fd33d1c3000-7fd33d43b000 rw-p 00000000 00:00 0 
7fd33d43b000-7fd33db89000 ---p 00000000 00:00 0 
7fd33db89000-7fd33dc06000 rw-p 00000000 00:00 0 
7fd33dc06000-7fd33eb1f000 ---p 00000000 00:00 0 
7fd33eb1f000-7fd33eb9c000 rw-p 00000000 00:00 0 
7fd33eb9c000-7fd33f2ea000 ---p 00000000 00:00 0 
7fd33f2ea000-7fd33f2eb000 ---p 00000000 00:00 0 
7fd33f2eb000-7fd33f3ec000 rw-p 00000000 00:00 0 
7fd33f3ec000-7fd33f3ed000 ---p 00000000 00:00 0 
7fd33f3ed000-7fd33f4ee000 rw-p 00000000 00:00 0 
7fd33f4ee000-7fd33f4ef000 ---p 00000000 00:00 0 
7fd33f4ef000-7fd33f5f0000 rw-p 00000000 00:00 0 
7fd33f5f0000-7fd33f5f1000 ---p 00000000 00:00 0 
7fd33f5f1000-7fd33f6f2000 rw-p 00000000 00:00 0 
7fd33f6f2000-7fd33f6f3000 ---p 00000000 00:00 0 
7fd33f6f3000-7fd33f7f4000 rw-p 00000000 00:00 0 
7fd33f7f4000-7fd33f7f5000 ---p 00000000 00:00 0 
7fd33f7f5000-7fd33f8f6000 rw-p 00000000 00:00 0 
7fd33f8f6000-7fd33f8f7000 ---p 00000000 00:00 0 
7fd33f8f7000-7fd33f9f8000 rw-p 00000000 00:00 0 
7fd33f9f8000-7fd33f9f9000 ---p 00000000 00:00 0 
7fd33f9f9000-7fd33fafa000 rw-p 00000000 00:00 0 
7fd33fafa000-7fd33fafb000 ---p 00000000 00:00 0 
7fd33fafb000-7fd340000000 rw-p 00000000 00:00 0 
7fd340000000-7fd340021000 rw-p 00000000 00:00 0 
7fd340021000-7fd344000000 ---p 00000000 00:00 0 
7fd344000000-7fd344021000 rw-p 00000000 00:00 0 
7fd344021000-7fd348000000 ---p 00000000 00:00 0 
7fd348000000-7fd348021000 rw-p 00000000 00:00 0 
7fd348021000-7fd34c000000 ---p 00000000 00:00 0 
7fd34c000000-7fd34c021000 rw-p 00000000 00:00 0 
7fd34c021000-7fd350000000 ---p 00000000 00:00 0 
7fd350000000-7fd350021000 rw-p 00000000 00:00 0 
7fd350021000-7fd354000000 ---p 00000000 00:00 0 
7fd354000000-7fd354021000 rw-p 00000000 00:00 0 
7fd354021000-7fd358000000 ---p 00000000 00:00 0 
7fd358000000-7fd358021000 rw-p 00000000 00:00 0 
7fd358021000-7fd35c000000 ---p 00000000 00:00 0 
7fd35c012000-7fd35c4e7000 rw-p 00000000 00:00 0 
7fd35c4e7000-7fd35c4e8000 ---p 00000000 00:00 0 
7fd35c4e8000-7fd35c5e9000 rw-p 00000000 00:00 0 
7fd35c5e9000-7fd35c5ea000 ---p 00000000 00:00 0 
7fd35c5ea000-7fd35c6eb000 rw-p 00000000 00:00 0 
7fd35c6eb000-7fd35c6ec000 ---p 00000000 00:00 0 
7fd35c6ec000-7fd35c7ed000 rw-p 00000000 00:00 0 
7fd35c7ed000-7fd35c7ee000 ---p 00000000 00:00 0 
7fd35c7ee000-7fd35c8ef000 rw-p 00000000 00:00 0 
7fd35c8ef000-7fd35c8f0000 ---p 00000000 00:00 0 
7fd35c8f0000-7fd35c9f1000 rw-p 00000000 00:00 0 
7fd35c9f1000-7fd35c9f2000 ---p 00000000 00:00 0 
7fd35c9f2000-7fd35caf3000 rw-p 00000000 00:00 0 
7fd35caf3000-7fd35caf4000 ---p 00000000 00:00 0 
7fd35caf4000-7fd35cbf5000 rw-p 00000000 00:00 0 
7fd35cbf5000-7fd35cbf6000 ---p 00000000 00:00 0 
7fd35cbf6000-7fd35ccfc000 rw-p 00000000 00:00 0 
7fd35ccfc000-7fd35cde2000 ---p 00000000 00:00 0 
7fd35cde2000-7fd35cde7000 rw-p 00000000 00:00 0 
7fd35cde7000-7fd35cecd000 ---p 00000000 00:00 0 
7fd35cecd000-7fd35d13d000 rwxp 00000000 00:00 0 
7fd35d13d000-7fd35d45e000 ---p 00000000 00:00 0 
7fd35d45e000-7fd35d6ce000 rwxp 00000000 00:00 0 
7fd35d6ce000-7fd364995000 ---p 00000000 00:00 0 
7fd364995000-7fd364c05000 rwxp 00000000 00:00 0 
7fd364c05000-7fd36becd000 ---p 00000000 00:00 0 
7fd36becd000-7fd37738a000 r--s 00000000 08:01 3016522                    /usr/lib/jvm/java-9-oracle/lib/modules
7fd37738a000-7fd3773a4000 r-xp 00000000 08:01 3016333                    /usr/lib/jvm/java-9-oracle/lib/libjimage.so
7fd3773a4000-7fd3775a3000 ---p 0001a000 08:01 3016333                    /usr/lib/jvm/java-9-oracle/lib/libjimage.so
7fd3775a3000-7fd3775a5000 rw-p 00019000 08:01 3016333                    /usr/lib/jvm/java-9-oracle/lib/libjimage.so
7fd3775a5000-7fd3775b7000 rw-p 00000000 00:00 0 
7fd3775b7000-7fd3775be000 r-xp 00000000 08:01 3017235                    /usr/lib/jvm/java-9-oracle/lib/libzip.so
7fd3775be000-7fd3777bd000 ---p 00007000 08:01 3017235                    /usr/lib/jvm/java-9-oracle/lib/libzip.so
7fd3777bd000-7fd3777be000 rw-p 00006000 08:01 3017235                    /usr/lib/jvm/java-9-oracle/lib/libzip.so
7fd3777be000-7fd3777c9000 r-xp 00000000 08:01 3936165                    /lib/x86_64-linux-gnu/libnss_files-2.27.so
7fd3777c9000-7fd3779c8000 ---p 0000b000 08:01 3936165                    /lib/x86_64-linux-gnu/libnss_files-2.27.so
7fd3779c8000-7fd3779c9000 r--p 0000a000 08:01 3936165                    /lib/x86_64-linux-gnu/libnss_files-2.27.so
7fd3779c9000-7fd3779ca000 rw-p 0000b000 08:01 3936165                    /lib/x86_64-linux-gnu/libnss_files-2.27.so
7fd3779ca000-7fd3779d0000 rw-p 00000000 00:00 0 
7fd3779d0000-7fd3779e7000 r-xp 00000000 08:01 3936162                    /lib/x86_64-linux-gnu/libnsl-2.27.so
7fd3779e7000-7fd377be6000 ---p 00017000 08:01 3936162                    /lib/x86_64-linux-gnu/libnsl-2.27.so
7fd377be6000-7fd377be7000 r--p 00016000 08:01 3936162                    /lib/x86_64-linux-gnu/libnsl-2.27.so
7fd377be7000-7fd377be8000 rw-p 00017000 08:01 3936162                    /lib/x86_64-linux-gnu/libnsl-2.27.so
7fd377be8000-7fd377bea000 rw-p 00000000 00:00 0 
7fd377bea000-7fd377bf5000 r-xp 00000000 08:01 3936167                    /lib/x86_64-linux-gnu/libnss_nis-2.27.so
7fd377bf5000-7fd377df4000 ---p 0000b000 08:01 3936167                    /lib/x86_64-linux-gnu/libnss_nis-2.27.so
7fd377df4000-7fd377df5000 r--p 0000a000 08:01 3936167                    /lib/x86_64-linux-gnu/libnss_nis-2.27.so
7fd377df5000-7fd377df6000 rw-p 0000b000 08:01 3936167                    /lib/x86_64-linux-gnu/libnss_nis-2.27.so
7fd377df6000-7fd377dfe000 r-xp 00000000 08:01 3936163                    /lib/x86_64-linux-gnu/libnss_compat-2.27.so
7fd377dfe000-7fd377ffe000 ---p 00008000 08:01 3936163                    /lib/x86_64-linux-gnu/libnss_compat-2.27.so
7fd377ffe000-7fd377fff000 r--p 00008000 08:01 3936163                    /lib/x86_64-linux-gnu/libnss_compat-2.27.so
7fd377fff000-7fd378000000 rw-p 00009000 08:01 3936163                    /lib/x86_64-linux-gnu/libnss_compat-2.27.so
7fd378000000-7fd3782f6000 rw-p 00000000 00:00 0 
7fd3782f6000-7fd37c000000 ---p 00000000 00:00 0 
7fd37c016000-7fd37c041000 r-xp 00000000 08:01 3016369                    /usr/lib/jvm/java-9-oracle/lib/libjava.so
7fd37c041000-7fd37c240000 ---p 0002b000 08:01 3016369                    /usr/lib/jvm/java-9-oracle/lib/libjava.so
7fd37c240000-7fd37c242000 rw-p 0002a000 08:01 3016369                    /usr/lib/jvm/java-9-oracle/lib/libjava.so
7fd37c242000-7fd37c24f000 r-xp 00000000 08:01 3016394                    /usr/lib/jvm/java-9-oracle/lib/libverify.so
7fd37c24f000-7fd37c44e000 ---p 0000d000 08:01 3016394                    /usr/lib/jvm/java-9-oracle/lib/libverify.so
7fd37c44e000-7fd37c450000 rw-p 0000c000 08:01 3016394                    /usr/lib/jvm/java-9-oracle/lib/libverify.so
7fd37c450000-7fd37c457000 r-xp 00000000 08:01 3936172                    /lib/x86_64-linux-gnu/librt-2.27.so
7fd37c457000-7fd37c656000 ---p 00007000 08:01 3936172                    /lib/x86_64-linux-gnu/librt-2.27.so
7fd37c656000-7fd37c657000 r--p 00006000 08:01 3936172                    /lib/x86_64-linux-gnu/librt-2.27.so
7fd37c657000-7fd37c658000 rw-p 00007000 08:01 3936172                    /lib/x86_64-linux-gnu/librt-2.27.so
7fd37c658000-7fd37c7f5000 r-xp 00000000 08:01 3936159                    /lib/x86_64-linux-gnu/libm-2.27.so
7fd37c7f5000-7fd37c9f4000 ---p 0019d000 08:01 3936159                    /lib/x86_64-linux-gnu/libm-2.27.so
7fd37c9f4000-7fd37c9f5000 r--p 0019c000 08:01 3936159                    /lib/x86_64-linux-gnu/libm-2.27.so
7fd37c9f5000-7fd37c9f6000 rw-p 0019d000 08:01 3936159                    /lib/x86_64-linux-gnu/libm-2.27.so
7fd37c9f6000-7fd37da0b000 r-xp 00000000 08:01 3017240                    /usr/lib/jvm/java-9-oracle/lib/server/libjvm.so
7fd37da0b000-7fd37dc0a000 ---p 01015000 08:01 3017240                    /usr/lib/jvm/java-9-oracle/lib/server/libjvm.so
7fd37dc0a000-7fd37dcdb000 r--p 01014000 08:01 3017240                    /usr/lib/jvm/java-9-oracle/lib/server/libjvm.so
7fd37dcdb000-7fd37dd12000 rw-p 010e5000 08:01 3017240                    /usr/lib/jvm/java-9-oracle/lib/server/libjvm.so
7fd37dd12000-7fd37dd7b000 rw-p 00000000 00:00 0 
7fd37dd7b000-7fd37df62000 r-xp 00000000 08:01 3936155                    /lib/x86_64-linux-gnu/libc-2.27.so
7fd37df62000-7fd37e162000 ---p 001e7000 08:01 3936155                    /lib/x86_64-linux-gnu/libc-2.27.so
7fd37e162000-7fd37e166000 r--p 001e7000 08:01 3936155                    /lib/x86_64-linux-gnu/libc-2.27.so
7fd37e166000-7fd37e168000 rw-p 001eb000 08:01 3936155                    /lib/x86_64-linux-gnu/libc-2.27.so
7fd37e168000-7fd37e16c000 rw-p 00000000 00:00 0 
7fd37e16c000-7fd37e16f000 r-xp 00000000 08:01 3936158                    /lib/x86_64-linux-gnu/libdl-2.27.so
7fd37e16f000-7fd37e36e000 ---p 00003000 08:01 3936158                    /lib/x86_64-linux-gnu/libdl-2.27.so
7fd37e36e000-7fd37e36f000 r--p 00002000 08:01 3936158                    /lib/x86_64-linux-gnu/libdl-2.27.so
7fd37e36f000-7fd37e370000 rw-p 00003000 08:01 3936158                    /lib/x86_64-linux-gnu/libdl-2.27.so
7fd37e370000-7fd37e37e000 r-xp 00000000 08:01 3017248                    /usr/lib/jvm/java-9-oracle/lib/jli/libjli.so
7fd37e37e000-7fd37e57e000 ---p 0000e000 08:01 3017248                    /usr/lib/jvm/java-9-oracle/lib/jli/libjli.so
7fd37e57e000-7fd37e57f000 rw-p 0000e000 08:01 3017248                    /usr/lib/jvm/java-9-oracle/lib/jli/libjli.so
7fd37e57f000-7fd37e599000 r-xp 00000000 08:01 3936170                    /lib/x86_64-linux-gnu/libpthread-2.27.so
7fd37e599000-7fd37e798000 ---p 0001a000 08:01 3936170                    /lib/x86_64-linux-gnu/libpthread-2.27.so
7fd37e798000-7fd37e799000 r--p 00019000 08:01 3936170                    /lib/x86_64-linux-gnu/libpthread-2.27.so
7fd37e799000-7fd37e79a000 rw-p 0001a000 08:01 3936170                    /lib/x86_64-linux-gnu/libpthread-2.27.so
7fd37e79a000-7fd37e79e000 rw-p 00000000 00:00 0 
7fd37e79e000-7fd37e7ba000 r-xp 00000000 08:01 3936888                    /lib/x86_64-linux-gnu/libz.so.1.2.11
7fd37e7ba000-7fd37e9b9000 ---p 0001c000 08:01 3936888                    /lib/x86_64-linux-gnu/libz.so.1.2.11
7fd37e9b9000-7fd37e9ba000 r--p 0001b000 08:01 3936888                    /lib/x86_64-linux-gnu/libz.so.1.2.11
7fd37e9ba000-7fd37e9bb000 rw-p 0001c000 08:01 3936888                    /lib/x86_64-linux-gnu/libz.so.1.2.11
7fd37e9bb000-7fd37e9e2000 r-xp 00000000 08:01 3933928                    /lib/x86_64-linux-gnu/ld-2.27.so
7fd37ea12000-7fd37eabf000 rw-p 00000000 00:00 0 
7fd37eabf000-7fd37eac0000 ---p 00000000 00:00 0 
7fd37eac0000-7fd37eac1000 rw-p 00000000 00:00 0 
7fd37eac1000-7fd37eac5000 ---p 00000000 00:00 0 
7fd37eac5000-7fd37ebc4000 rw-p 00000000 00:00 0 
7fd37ebcb000-7fd37ebd1000 rw-p 00000000 00:00 0 
7fd37ebd1000-7fd37ebd8000 ---p 00000000 00:00 0 
7fd37ebd8000-7fd37ebe0000 rw-s 00000000 08:01 6291493                    /tmp/hsperfdata_black/23835
7fd37ebe0000-7fd37ebe1000 rw-p 00000000 00:00 0 
7fd37ebe1000-7fd37ebe2000 r--p 00000000 00:00 0 
7fd37ebe2000-7fd37ebe3000 r--p 00027000 08:01 3933928                    /lib/x86_64-linux-gnu/ld-2.27.so
7fd37ebe3000-7fd37ebe4000 rw-p 00028000 08:01 3933928                    /lib/x86_64-linux-gnu/ld-2.27.so
7fd37ebe4000-7fd37ebe5000 rw-p 00000000 00:00 0 
7ffec1df0000-7ffec1e11000 rw-p 00000000 00:00 0                          [stack]
7ffec1f21000-7ffec1f24000 r--p 00000000 00:00 0                          [vvar]
7ffec1f24000-7ffec1f26000 r-xp 00000000 00:00 0                          [vdso]
ffffffffff600000-ffffffffff601000 r-xp 00000000 00:00 0                  [vsyscall]

VM Arguments:
jvm_args: -Djava.library.path=. 
java_command: HelloJNI
java_class_path (initial): .
Launcher Type: SUN_STANDARD

Logging:
Log output configuration:
#0: stdout all=warning uptime,level,tags
#1: stderr all=off uptime,level,tags

Environment Variables:
JAVA_HOME=/usr/lib/jvm/java-9-oracle
PATH=/usr/local/sbin:/usr/local/bin:/usr/sbin:/usr/bin:/sbin:/bin:/usr/games:/usr/local/games:/snap/bin:/usr/lib/jvm/java-9-oracle/bin:/usr/lib/jvm/java-9-oracle/db/bin:/usr/lib/jvm/java-9-oracle/bin:/usr/lib/jvm/java-9-oracle/db/bin
USERNAME=black
SHELL=/bin/bash
DISPLAY=:1

Signal Handlers:
SIGSEGV: [libjvm.so+0xd4d370], sa_mask[0]=11111111011111111101111111111110, sa_flags=SA_RESTART|SA_SIGINFO
SIGBUS: [libjvm.so+0xd4d370], sa_mask[0]=11111111011111111101111111111110, sa_flags=SA_RESTART|SA_SIGINFO
SIGFPE: [libjvm.so+0xd4d370], sa_mask[0]=11111111011111111101111111111110, sa_flags=SA_RESTART|SA_SIGINFO
SIGPIPE: [libjvm.so+0xb64780], sa_mask[0]=11111111011111111101111111111110, sa_flags=SA_RESTART|SA_SIGINFO
SIGXFSZ: [libjvm.so+0xb64780], sa_mask[0]=11111111011111111101111111111110, sa_flags=SA_RESTART|SA_SIGINFO
SIGILL: [libjvm.so+0xd4d370], sa_mask[0]=11111111011111111101111111111110, sa_flags=SA_RESTART|SA_SIGINFO
SIGUSR2: [libjvm.so+0xb64640], sa_mask[0]=00100000000000000000000000000000, sa_flags=SA_RESTART|SA_SIGINFO
SIGHUP: [libjvm.so+0xb64850], sa_mask[0]=11111111011111111101111111111110, sa_flags=SA_RESTART|SA_SIGINFO
SIGINT: [libjvm.so+0xb64850], sa_mask[0]=11111111011111111101111111111110, sa_flags=SA_RESTART|SA_SIGINFO
SIGTERM: [libjvm.so+0xb64850], sa_mask[0]=11111111011111111101111111111110, sa_flags=SA_RESTART|SA_SIGINFO
SIGQUIT: [libjvm.so+0xb64850], sa_mask[0]=11111111011111111101111111111110, sa_flags=SA_RESTART|SA_SIGINFO


---------------  S Y S T E M  ---------------

OS:DISTRIB_ID=Ubuntu
DISTRIB_RELEASE=18.04
DISTRIB_CODENAME=bionic
DISTRIB_DESCRIPTION="Ubuntu 18.04 LTS"
uname:Linux 4.15.0-20-generic #21-Ubuntu SMP Tue Apr 24 06:16:15 UTC 2018 x86_64
libc:glibc 2.27 NPTL 2.27 
rlimit: STACK 8192k, CORE 0k, NPROC 63565, NOFILE 1048576, AS infinity
load average:0,84 1,02 0,89

/proc/meminfo:
MemTotal:       16340096 kB
MemFree:         4102184 kB
MemAvailable:    9720036 kB
Buffers:          238968 kB
Cached:          4972680 kB
SwapCached:            0 kB
Active:          7381136 kB
Inactive:        4190916 kB
Active(anon):    5674736 kB
Inactive(anon):   125700 kB
Active(file):    1706400 kB
Inactive(file):  4065216 kB
Unevictable:        1020 kB
Mlocked:            1020 kB
SwapTotal:             0 kB
SwapFree:              0 kB
Dirty:              5636 kB
Writeback:             0 kB
AnonPages:       6361488 kB
Mapped:          1012060 kB
Shmem:            130800 kB
Slab:             317584 kB
SReclaimable:     186432 kB
SUnreclaim:       131152 kB
KernelStack:       23312 kB
PageTables:        95608 kB
NFS_Unstable:          0 kB
Bounce:                0 kB
WritebackTmp:          0 kB
CommitLimit:     8170048 kB
Committed_AS:   18264548 kB
VmallocTotal:   34359738367 kB
VmallocUsed:           0 kB
VmallocChunk:          0 kB
HardwareCorrupted:     0 kB
AnonHugePages:         0 kB
ShmemHugePages:        0 kB
ShmemPmdMapped:        0 kB
CmaTotal:              0 kB
CmaFree:               0 kB
HugePages_Total:       0
HugePages_Free:        0
HugePages_Rsvd:        0
HugePages_Surp:        0
Hugepagesize:       2048 kB
DirectMap4k:      475904 kB
DirectMap2M:    15167488 kB
DirectMap1G:     2097152 kB


CPU:total 8 (initial active 8) (4 cores per cpu, 2 threads per core) family 6 model 60 stepping 3, cmov, cx8, fxsr, mmx, sse, sse2, sse3, ssse3, sse4.1, sse4.2, popcnt, avx, avx2, aes, clmul, erms, lzcnt, ht, tsc, tscinvbit, bmi1, bmi2, fma
CPU Model and flags from /proc/cpuinfo:
model name	: Intel(R) Core(TM) i7-4720HQ CPU @ 2.60GHz
flags		: fpu vme de pse tsc msr pae mce cx8 apic sep mtrr pge mca cmov pat pse36 clflush dts acpi mmx fxsr sse sse2 ss ht tm pbe syscall nx pdpe1gb rdtscp lm constant_tsc arch_perfmon pebs bts rep_good nopl xtopology nonstop_tsc cpuid aperfmperf pni pclmulqdq dtes64 monitor ds_cpl vmx est tm2 ssse3 sdbg fma cx16 xtpr pdcm pcid sse4_1 sse4_2 x2apic movbe popcnt tsc_deadline_timer aes xsave avx f16c rdrand lahf_lm abm cpuid_fault epb invpcid_single pti tpr_shadow vnmi flexpriority ept vpid fsgsbase tsc_adjust bmi1 avx2 smep bmi2 erms invpcid xsaveopt ibpb ibrs stibp dtherm ida arat pln pts

Memory: 4k page, physical 16340096k(4102184k free), swap 0k(0k free)

vm_info: Java HotSpot(TM) 64-Bit Server VM (9.0.4+11) for linux-amd64 JRE (9.0.4+11), built on Dec 19 2017 18:12:19 by "mach5one" with gcc 4.9.2

END.
