#
# A fatal error has been detected by the Java Runtime Environment:
#
#  SIGSEGV (0xb) at pc=0x00007f6b6847eabc, pid=22431, tid=22432
#
# JRE version: Java(TM) SE Runtime Environment (9.0+11) (build 9.0.4+11)
# Java VM: Java HotSpot(TM) 64-Bit Server VM (9.0.4+11, mixed mode, tiered, compressed oops, g1 gc, linux-amd64)
# Problematic frame:
# V  [libjvm.so+0x8a1abc]  jni_SetFloatArrayRegion+0x14c
#
# Core dump will be written. Default location: Core dumps may be processed with "/usr/share/apport/apport %p %s %c %d %P" (or dumping to /home/black/Work/lab/Lab11Task1V2/src/main/java/core.22431)
#
# If you would like to submit a bug report, please visit:
#   http://bugreport.java.com/bugreport/crash.jsp
#

---------------  S U M M A R Y ------------

Command Line: -Djava.library.path=. HelloJNI

Host: Intel(R) Core(TM) i7-4720HQ CPU @ 2.60GHz, 8 cores, 15G, Ubuntu 18.04 LTS
Time: Mon May 14 18:50:06 2018 CEST elapsed time: 0 seconds (0d 0h 0m 0s)

---------------  T H R E A D  ---------------

Current thread (0x00007f6b60013000):  JavaThread "main" [_thread_in_vm, id=22432, stack(0x00007f6b69ca8000,0x00007f6b69da7000)]

Stack: [0x00007f6b69ca8000,0x00007f6b69da7000],  sp=0x00007f6b69da57c0,  free space=1013k
Native frames: (J=compiled Java code, A=aot compiled Java code, j=interpreted, Vv=VM code, C=native code)
V  [libjvm.so+0x8a1abc]  jni_SetFloatArrayRegion+0x14c
C  [libhello.so+0x1ba6]  JNIEnv_::SetFloatArrayRegion(_jfloatArray*, int, int, float const*)+0x3c
C  [libhello.so+0x182e]  Java_HelloJNI_forEachElement+0x287
j  HelloJNI.forEachElement([FFLjava/lang/String;)[F+0
j  HelloJNI.main([Ljava/lang/String;)V+59
v  ~StubRoutines::call_stub
V  [libjvm.so+0x83d60a]  JavaCalls::call_helper(JavaValue*, methodHandle const&, JavaCallArguments*, Thread*)+0x47a
V  [libjvm.so+0x89a67f]  jni_invoke_static(JNIEnv_*, JavaValue*, _jobject*, JNICallType, _jmethodID*, JNI_ArgumentPusher*, Thread*) [clone .isra.90]+0x21f
V  [libjvm.so+0x8ab5ce]  jni_CallStaticVoidMethod+0x14e
C  [libjli.so+0x4397]  JavaMain+0xa17
C  [libpthread.so.0+0x76db]  start_thread+0xdb

Java frames: (J=compiled Java code, j=interpreted, Vv=VM code)
j  HelloJNI.forEachElement([FFLjava/lang/String;)[F+0
j  HelloJNI.main([Ljava/lang/String;)V+59
v  ~StubRoutines::call_stub

siginfo: si_signo: 11 (SIGSEGV), si_code: 1 (SEGV_MAPERR), si_addr: 0x0000000344607908

Register to memory mapping:

RAX=0x00007f6b68e0a210: <offset 0x000000000122d210> in /usr/lib/jvm/java-9-oracle/lib/server/libjvm.so at 0x00007f6b67bdd000
RBX=0x00007f6b60013000 is a thread
RCX=0x0000000000000000 is an unknown value
RDX=0x0000000344607900 is an unknown value
RSP=0x00007f6b69da57c0 is pointing into the stack for thread: 0x00007f6b60013000
RBP=0x00007f6b69da5820 is pointing into the stack for thread: 0x00007f6b60013000
RSI=0x00007f6b68edfbe0: <offset 0x0000000001302be0> in /usr/lib/jvm/java-9-oracle/lib/server/libjvm.so at 0x00007f6b67bdd000
RDI=0x00007f6b60013000 is a thread
R8 =0x00007f6b602eba60 is an unknown value
R9 =0x0000000000000002 is an unknown value
R10=0x0000000000000006 is an unknown value
R11=0x00007f6abbcfbb6a: _ZN7JNIEnv_19SetFloatArrayRegionEP12_jfloatArrayiiPKf+0x0000000000000000 in /home/black/Work/lab/Lab11Task1V2/src/main/java/libhello.so at 0x00007f6abbcfa000
R12=0x0000000000000003 is an unknown value
R13=0x0000000000000000 is an unknown value
R14=0x00007f6b60013218 is an unknown value
R15=0x00007f6b60013000 is a thread


Registers:
RAX=0x00007f6b68e0a210, RBX=0x00007f6b60013000, RCX=0x0000000000000000, RDX=0x0000000344607900
RSP=0x00007f6b69da57c0, RBP=0x00007f6b69da5820, RSI=0x00007f6b68edfbe0, RDI=0x00007f6b60013000
R8 =0x00007f6b602eba60, R9 =0x0000000000000002, R10=0x0000000000000006, R11=0x00007f6abbcfbb6a
R12=0x0000000000000003, R13=0x0000000000000000, R14=0x00007f6b60013218, R15=0x00007f6b60013000
RIP=0x00007f6b6847eabc, EFLAGS=0x0000000000010206, CSGSFS=0x002b000000000033, ERR=0x0000000000000004
  TRAPNO=0x000000000000000e

Top of Stack: (sp=0x00007f6b69da57c0)
0x00007f6b69da57c0:   0000000000000000 00007f6b602eba60
0x00007f6b69da57d0:   00007f6b60013000 0000000000000000
0x00007f6b69da57e0:   0000000000000000 0000000000000000
0x00007f6b69da57f0:   0000000000000000 00007f6ae97fc508 

Instructions: (pc=0x00007f6b6847eabc)
0x00007f6b6847ea9c:   0f 1f 40 00 45 85 e4 74 36 84 c9 74 4f 48 8d 35
0x00007f6b6847eaac:   30 11 a6 00 8b 50 08 8b 4e 08 48 d3 e2 48 8b 0e
0x00007f6b6847eabc:   8b 4c 11 08 41 d3 e4 b9 10 00 00 00 49 63 d4 48
0x00007f6b6847eacc:   01 c8 48 8b 75 a8 4a 8d 3c a8 e8 05 0f 9d ff 48 


---------------  P R O C E S S  ---------------

Java Threads: ( => current thread )
  0x00007f6b602da800 JavaThread "Service Thread" daemon [_thread_blocked, id=22463, stack(0x00007f6ae80b9000,0x00007f6ae81ba000)]
  0x00007f6b60233800 JavaThread "Common-Cleaner" daemon [_thread_blocked, id=22462, stack(0x00007f6ae81ba000,0x00007f6ae82bb000)]
  0x00007f6b60214800 JavaThread "Sweeper thread" daemon [_thread_blocked, id=22461, stack(0x00007f6ae86e3000,0x00007f6ae87e4000)]
  0x00007f6b60212800 JavaThread "C1 CompilerThread3" daemon [_thread_blocked, id=22460, stack(0x00007f6ae87e4000,0x00007f6ae88e5000)]
  0x00007f6b60210800 JavaThread "C2 CompilerThread2" daemon [_thread_blocked, id=22459, stack(0x00007f6ae88e5000,0x00007f6ae89e6000)]
  0x00007f6b6020e800 JavaThread "C2 CompilerThread1" daemon [_thread_blocked, id=22458, stack(0x00007f6ae89e6000,0x00007f6ae8ae7000)]
  0x00007f6b6020a800 JavaThread "C2 CompilerThread0" daemon [_thread_blocked, id=22457, stack(0x00007f6ae8ae7000,0x00007f6ae8be8000)]
  0x00007f6b6020c800 JavaThread "Signal Dispatcher" daemon [_thread_blocked, id=22456, stack(0x00007f6ae8be8000,0x00007f6ae8ce9000)]
  0x00007f6b601ef000 JavaThread "Finalizer" daemon [_thread_blocked, id=22455, stack(0x00007f6ae90f8000,0x00007f6ae91f9000)]
  0x00007f6b601e6800 JavaThread "Reference Handler" daemon [_thread_blocked, id=22454, stack(0x00007f6ae91f9000,0x00007f6ae92fa000)]
=>0x00007f6b60013000 JavaThread "main" [_thread_in_vm, id=22432, stack(0x00007f6b69ca8000,0x00007f6b69da7000)]

Other Threads:
  0x00007f6b601dd000 VMThread "VM Thread" [stack: 0x00007f6ae92fc000,0x00007f6ae93fc000] [id=22453]
  0x00007f6b602dd000 WatcherThread [stack: 0x00007f6abbf00000,0x00007f6abc000000] [id=22464]
  0x00007f6b6002a800 GCTaskThread "GC Thread#0" [stack: 0x00007f6b662b1000,0x00007f6b663b1000] [id=22433]
  0x00007f6b6002c000 GCTaskThread "GC Thread#1" [stack: 0x00007f6b661af000,0x00007f6b662af000] [id=22434]
  0x00007f6b6002e000 GCTaskThread "GC Thread#2" [stack: 0x00007f6b660ad000,0x00007f6b661ad000] [id=22435]
  0x00007f6b6002f800 GCTaskThread "GC Thread#3" [stack: 0x00007f6b65fab000,0x00007f6b660ab000] [id=22436]
  0x00007f6b60031800 GCTaskThread "GC Thread#4" [stack: 0x00007f6b65ea9000,0x00007f6b65fa9000] [id=22437]
  0x00007f6b60033000 GCTaskThread "GC Thread#5" [stack: 0x00007f6b65da7000,0x00007f6b65ea7000] [id=22438]
  0x00007f6b60035000 GCTaskThread "GC Thread#6" [stack: 0x00007f6b65ca5000,0x00007f6b65da5000] [id=22439]
  0x00007f6b60036800 GCTaskThread "GC Thread#7" [stack: 0x00007f6b65ba3000,0x00007f6b65ca3000] [id=22440]
  0x00007f6b6008d000 ConcurrentGCThread "G1 Main Marker" [stack: 0x00007f6b640c2000,0x00007f6b641c2000] [id=22450]
  0x00007f6b6008f000 ConcurrentGCThread "G1 Marker#0" [stack: 0x00007f6b442e2000,0x00007f6b443e2000] [id=22451]
  0x00007f6b60091000 ConcurrentGCThread "G1 Marker#1" [stack: 0x00007f6b441e0000,0x00007f6b442e0000] [id=22452]
  0x00007f6b60045000 ConcurrentGCThread "G1 Refine#0" [stack: 0x00007f6b64b8b000,0x00007f6b64c8b000] [id=22448]
  0x00007f6b60043800 ConcurrentGCThread "G1 Refine#1" [stack: 0x00007f6b64c8d000,0x00007f6b64d8d000] [id=22447]
  0x00007f6b60041800 ConcurrentGCThread "G1 Refine#2" [stack: 0x00007f6b64d8f000,0x00007f6b64e8f000] [id=22446]
  0x00007f6b60040000 ConcurrentGCThread "G1 Refine#3" [stack: 0x00007f6b64e91000,0x00007f6b64f91000] [id=22445]
  0x00007f6b6003e000 ConcurrentGCThread "G1 Refine#4" [stack: 0x00007f6b64f93000,0x00007f6b65093000] [id=22444]
  0x00007f6b6003c000 ConcurrentGCThread "G1 Refine#5" [stack: 0x00007f6b65095000,0x00007f6b65195000] [id=22443]
  0x00007f6b6003a800 ConcurrentGCThread "G1 Refine#6" [stack: 0x00007f6b65197000,0x00007f6b65297000] [id=22442]
  0x00007f6b60038800 ConcurrentGCThread "G1 Refine#7" [stack: 0x00007f6b65299000,0x00007f6b65399000] [id=22441]
  0x00007f6b60047000 ConcurrentGCThread "G1 Young RemSet Sampling" [stack: 0x00007f6b64a89000,0x00007f6b64b89000] [id=22449]

Threads with active compile tasks:

VM state:not at safepoint (normal execution)

VM Mutex/Monitor currently owned by a thread: None

Heap address: 0x00000006c6a00000, size: 3990 MB, Compressed Oops mode: Zero based, Oop shift amount: 3
Narrow klass base: 0x0000000000000000, Narrow klass shift: 3
Compressed class space size: 1073741824 Address: 0x00000007c0000000

Heap:
 garbage-first heap   total 256000K, used 2048K [0x00000006c6a00000, 0x00000006c6b007d0, 0x00000007c0000000)
  region size 1024K, 3 young (3072K), 0 survivors (0K)
 Metaspace       used 4104K, capacity 4486K, committed 4864K, reserved 1056768K
  class space    used 353K, capacity 386K, committed 512K, reserved 1048576K
Heap Regions: E=young(eden), S=young(survivor), O=old, HS=humongous(starts), HC=humongous(continues), CS=collection set, F=free, A=archive, TS=gc time stamp, AC=allocation context, TAMS=top-at-mark-start (previous, next)
|   0|0x00000006c6a00000, 0x00000006c6a00000, 0x00000006c6b00000|  0%| F|  |TS  0|AC  0|TAMS 0x00000006c6a00000, 0x00000006c6a00000|
|   1|0x00000006c6b00000, 0x00000006c6b00000, 0x00000006c6c00000|  0%| F|  |TS  0|AC  0|TAMS 0x00000006c6b00000, 0x00000006c6b00000|
|   2|0x00000006c6c00000, 0x00000006c6c00000, 0x00000006c6d00000|  0%| F|  |TS  0|AC  0|TAMS 0x00000006c6c00000, 0x00000006c6c00000|
|   3|0x00000006c6d00000, 0x00000006c6d00000, 0x00000006c6e00000|  0%| F|  |TS  0|AC  0|TAMS 0x00000006c6d00000, 0x00000006c6d00000|
|   4|0x00000006c6e00000, 0x00000006c6e00000, 0x00000006c6f00000|  0%| F|  |TS  0|AC  0|TAMS 0x00000006c6e00000, 0x00000006c6e00000|
|   5|0x00000006c6f00000, 0x00000006c6f00000, 0x00000006c7000000|  0%| F|  |TS  0|AC  0|TAMS 0x00000006c6f00000, 0x00000006c6f00000|
|   6|0x00000006c7000000, 0x00000006c7000000, 0x00000006c7100000|  0%| F|  |TS  0|AC  0|TAMS 0x00000006c7000000, 0x00000006c7000000|
|   7|0x00000006c7100000, 0x00000006c7100000, 0x00000006c7200000|  0%| F|  |TS  0|AC  0|TAMS 0x00000006c7100000, 0x00000006c7100000|
|   8|0x00000006c7200000, 0x00000006c7200000, 0x00000006c7300000|  0%| F|  |TS  0|AC  0|TAMS 0x00000006c7200000, 0x00000006c7200000|
|   9|0x00000006c7300000, 0x00000006c7300000, 0x00000006c7400000|  0%| F|  |TS  0|AC  0|TAMS 0x00000006c7300000, 0x00000006c7300000|
|  10|0x00000006c7400000, 0x00000006c7400000, 0x00000006c7500000|  0%| F|  |TS  0|AC  0|TAMS 0x00000006c7400000, 0x00000006c7400000|
|  11|0x00000006c7500000, 0x00000006c7500000, 0x00000006c7600000|  0%| F|  |TS  0|AC  0|TAMS 0x00000006c7500000, 0x00000006c7500000|
|  12|0x00000006c7600000, 0x00000006c7600000, 0x00000006c7700000|  0%| F|  |TS  0|AC  0|TAMS 0x00000006c7600000, 0x00000006c7600000|
|  13|0x00000006c7700000, 0x00000006c7700000, 0x00000006c7800000|  0%| F|  |TS  0|AC  0|TAMS 0x00000006c7700000, 0x00000006c7700000|
|  14|0x00000006c7800000, 0x00000006c7800000, 0x00000006c7900000|  0%| F|  |TS  0|AC  0|TAMS 0x00000006c7800000, 0x00000006c7800000|
|  15|0x00000006c7900000, 0x00000006c7900000, 0x00000006c7a00000|  0%| F|  |TS  0|AC  0|TAMS 0x00000006c7900000, 0x00000006c7900000|
|  16|0x00000006c7a00000, 0x00000006c7a00000, 0x00000006c7b00000|  0%| F|  |TS  0|AC  0|TAMS 0x00000006c7a00000, 0x00000006c7a00000|
|  17|0x00000006c7b00000, 0x00000006c7b00000, 0x00000006c7c00000|  0%| F|  |TS  0|AC  0|TAMS 0x00000006c7b00000, 0x00000006c7b00000|
|  18|0x00000006c7c00000, 0x00000006c7c00000, 0x00000006c7d00000|  0%| F|  |TS  0|AC  0|TAMS 0x00000006c7c00000, 0x00000006c7c00000|
|  19|0x00000006c7d00000, 0x00000006c7d00000, 0x00000006c7e00000|  0%| F|  |TS  0|AC  0|TAMS 0x00000006c7d00000, 0x00000006c7d00000|
|  20|0x00000006c7e00000, 0x00000006c7e00000, 0x00000006c7f00000|  0%| F|  |TS  0|AC  0|TAMS 0x00000006c7e00000, 0x00000006c7e00000|
|  21|0x00000006c7f00000, 0x00000006c7f00000, 0x00000006c8000000|  0%| F|  |TS  0|AC  0|TAMS 0x00000006c7f00000, 0x00000006c7f00000|
|  22|0x00000006c8000000, 0x00000006c8000000, 0x00000006c8100000|  0%| F|  |TS  0|AC  0|TAMS 0x00000006c8000000, 0x00000006c8000000|
|  23|0x00000006c8100000, 0x00000006c8100000, 0x00000006c8200000|  0%| F|  |TS  0|AC  0|TAMS 0x00000006c8100000, 0x00000006c8100000|
|  24|0x00000006c8200000, 0x00000006c8200000, 0x00000006c8300000|  0%| F|  |TS  0|AC  0|TAMS 0x00000006c8200000, 0x00000006c8200000|
|  25|0x00000006c8300000, 0x00000006c8300000, 0x00000006c8400000|  0%| F|  |TS  0|AC  0|TAMS 0x00000006c8300000, 0x00000006c8300000|
|  26|0x00000006c8400000, 0x00000006c8400000, 0x00000006c8500000|  0%| F|  |TS  0|AC  0|TAMS 0x00000006c8400000, 0x00000006c8400000|
|  27|0x00000006c8500000, 0x00000006c8500000, 0x00000006c8600000|  0%| F|  |TS  0|AC  0|TAMS 0x00000006c8500000, 0x00000006c8500000|
|  28|0x00000006c8600000, 0x00000006c8600000, 0x00000006c8700000|  0%| F|  |TS  0|AC  0|TAMS 0x00000006c8600000, 0x00000006c8600000|
|  29|0x00000006c8700000, 0x00000006c8700000, 0x00000006c8800000|  0%| F|  |TS  0|AC  0|TAMS 0x00000006c8700000, 0x00000006c8700000|
|  30|0x00000006c8800000, 0x00000006c8800000, 0x00000006c8900000|  0%| F|  |TS  0|AC  0|TAMS 0x00000006c8800000, 0x00000006c8800000|
|  31|0x00000006c8900000, 0x00000006c8900000, 0x00000006c8a00000|  0%| F|  |TS  0|AC  0|TAMS 0x00000006c8900000, 0x00000006c8900000|
|  32|0x00000006c8a00000, 0x00000006c8a00000, 0x00000006c8b00000|  0%| F|  |TS  0|AC  0|TAMS 0x00000006c8a00000, 0x00000006c8a00000|
|  33|0x00000006c8b00000, 0x00000006c8b00000, 0x00000006c8c00000|  0%| F|  |TS  0|AC  0|TAMS 0x00000006c8b00000, 0x00000006c8b00000|
|  34|0x00000006c8c00000, 0x00000006c8c00000, 0x00000006c8d00000|  0%| F|  |TS  0|AC  0|TAMS 0x00000006c8c00000, 0x00000006c8c00000|
|  35|0x00000006c8d00000, 0x00000006c8d00000, 0x00000006c8e00000|  0%| F|  |TS  0|AC  0|TAMS 0x00000006c8d00000, 0x00000006c8d00000|
|  36|0x00000006c8e00000, 0x00000006c8e00000, 0x00000006c8f00000|  0%| F|  |TS  0|AC  0|TAMS 0x00000006c8e00000, 0x00000006c8e00000|
|  37|0x00000006c8f00000, 0x00000006c8f00000, 0x00000006c9000000|  0%| F|  |TS  0|AC  0|TAMS 0x00000006c8f00000, 0x00000006c8f00000|
|  38|0x00000006c9000000, 0x00000006c9000000, 0x00000006c9100000|  0%| F|  |TS  0|AC  0|TAMS 0x00000006c9000000, 0x00000006c9000000|
|  39|0x00000006c9100000, 0x00000006c9100000, 0x00000006c9200000|  0%| F|  |TS  0|AC  0|TAMS 0x00000006c9100000, 0x00000006c9100000|
|  40|0x00000006c9200000, 0x00000006c9200000, 0x00000006c9300000|  0%| F|  |TS  0|AC  0|TAMS 0x00000006c9200000, 0x00000006c9200000|
|  41|0x00000006c9300000, 0x00000006c9300000, 0x00000006c9400000|  0%| F|  |TS  0|AC  0|TAMS 0x00000006c9300000, 0x00000006c9300000|
|  42|0x00000006c9400000, 0x00000006c9400000, 0x00000006c9500000|  0%| F|  |TS  0|AC  0|TAMS 0x00000006c9400000, 0x00000006c9400000|
|  43|0x00000006c9500000, 0x00000006c9500000, 0x00000006c9600000|  0%| F|  |TS  0|AC  0|TAMS 0x00000006c9500000, 0x00000006c9500000|
|  44|0x00000006c9600000, 0x00000006c9600000, 0x00000006c9700000|  0%| F|  |TS  0|AC  0|TAMS 0x00000006c9600000, 0x00000006c9600000|
|  45|0x00000006c9700000, 0x00000006c9700000, 0x00000006c9800000|  0%| F|  |TS  0|AC  0|TAMS 0x00000006c9700000, 0x00000006c9700000|
|  46|0x00000006c9800000, 0x00000006c9800000, 0x00000006c9900000|  0%| F|  |TS  0|AC  0|TAMS 0x00000006c9800000, 0x00000006c9800000|
|  47|0x00000006c9900000, 0x00000006c9900000, 0x00000006c9a00000|  0%| F|  |TS  0|AC  0|TAMS 0x00000006c9900000, 0x00000006c9900000|
|  48|0x00000006c9a00000, 0x00000006c9a00000, 0x00000006c9b00000|  0%| F|  |TS  0|AC  0|TAMS 0x00000006c9a00000, 0x00000006c9a00000|
|  49|0x00000006c9b00000, 0x00000006c9b00000, 0x00000006c9c00000|  0%| F|  |TS  0|AC  0|TAMS 0x00000006c9b00000, 0x00000006c9b00000|
|  50|0x00000006c9c00000, 0x00000006c9c00000, 0x00000006c9d00000|  0%| F|  |TS  0|AC  0|TAMS 0x00000006c9c00000, 0x00000006c9c00000|
|  51|0x00000006c9d00000, 0x00000006c9d00000, 0x00000006c9e00000|  0%| F|  |TS  0|AC  0|TAMS 0x00000006c9d00000, 0x00000006c9d00000|
|  52|0x00000006c9e00000, 0x00000006c9e00000, 0x00000006c9f00000|  0%| F|  |TS  0|AC  0|TAMS 0x00000006c9e00000, 0x00000006c9e00000|
|  53|0x00000006c9f00000, 0x00000006c9f00000, 0x00000006ca000000|  0%| F|  |TS  0|AC  0|TAMS 0x00000006c9f00000, 0x00000006c9f00000|
|  54|0x00000006ca000000, 0x00000006ca000000, 0x00000006ca100000|  0%| F|  |TS  0|AC  0|TAMS 0x00000006ca000000, 0x00000006ca000000|
|  55|0x00000006ca100000, 0x00000006ca100000, 0x00000006ca200000|  0%| F|  |TS  0|AC  0|TAMS 0x00000006ca100000, 0x00000006ca100000|
|  56|0x00000006ca200000, 0x00000006ca200000, 0x00000006ca300000|  0%| F|  |TS  0|AC  0|TAMS 0x00000006ca200000, 0x00000006ca200000|
|  57|0x00000006ca300000, 0x00000006ca300000, 0x00000006ca400000|  0%| F|  |TS  0|AC  0|TAMS 0x00000006ca300000, 0x00000006ca300000|
|  58|0x00000006ca400000, 0x00000006ca400000, 0x00000006ca500000|  0%| F|  |TS  0|AC  0|TAMS 0x00000006ca400000, 0x00000006ca400000|
|  59|0x00000006ca500000, 0x00000006ca500000, 0x00000006ca600000|  0%| F|  |TS  0|AC  0|TAMS 0x00000006ca500000, 0x00000006ca500000|
|  60|0x00000006ca600000, 0x00000006ca600000, 0x00000006ca700000|  0%| F|  |TS  0|AC  0|TAMS 0x00000006ca600000, 0x00000006ca600000|
|  61|0x00000006ca700000, 0x00000006ca700000, 0x00000006ca800000|  0%| F|  |TS  0|AC  0|TAMS 0x00000006ca700000, 0x00000006ca700000|
|  62|0x00000006ca800000, 0x00000006ca800000, 0x00000006ca900000|  0%| F|  |TS  0|AC  0|TAMS 0x00000006ca800000, 0x00000006ca800000|
|  63|0x00000006ca900000, 0x00000006ca900000, 0x00000006caa00000|  0%| F|  |TS  0|AC  0|TAMS 0x00000006ca900000, 0x00000006ca900000|
|  64|0x00000006caa00000, 0x00000006caa00000, 0x00000006cab00000|  0%| F|  |TS  0|AC  0|TAMS 0x00000006caa00000, 0x00000006caa00000|
|  65|0x00000006cab00000, 0x00000006cab00000, 0x00000006cac00000|  0%| F|  |TS  0|AC  0|TAMS 0x00000006cab00000, 0x00000006cab00000|
|  66|0x00000006cac00000, 0x00000006cac00000, 0x00000006cad00000|  0%| F|  |TS  0|AC  0|TAMS 0x00000006cac00000, 0x00000006cac00000|
|  67|0x00000006cad00000, 0x00000006cad00000, 0x00000006cae00000|  0%| F|  |TS  0|AC  0|TAMS 0x00000006cad00000, 0x00000006cad00000|
|  68|0x00000006cae00000, 0x00000006cae00000, 0x00000006caf00000|  0%| F|  |TS  0|AC  0|TAMS 0x00000006cae00000, 0x00000006cae00000|
|  69|0x00000006caf00000, 0x00000006caf00000, 0x00000006cb000000|  0%| F|  |TS  0|AC  0|TAMS 0x00000006caf00000, 0x00000006caf00000|
|  70|0x00000006cb000000, 0x00000006cb000000, 0x00000006cb100000|  0%| F|  |TS  0|AC  0|TAMS 0x00000006cb000000, 0x00000006cb000000|
|  71|0x00000006cb100000, 0x00000006cb100000, 0x00000006cb200000|  0%| F|  |TS  0|AC  0|TAMS 0x00000006cb100000, 0x00000006cb100000|
|  72|0x00000006cb200000, 0x00000006cb200000, 0x00000006cb300000|  0%| F|  |TS  0|AC  0|TAMS 0x00000006cb200000, 0x00000006cb200000|
|  73|0x00000006cb300000, 0x00000006cb300000, 0x00000006cb400000|  0%| F|  |TS  0|AC  0|TAMS 0x00000006cb300000, 0x00000006cb300000|
|  74|0x00000006cb400000, 0x00000006cb400000, 0x00000006cb500000|  0%| F|  |TS  0|AC  0|TAMS 0x00000006cb400000, 0x00000006cb400000|
|  75|0x00000006cb500000, 0x00000006cb500000, 0x00000006cb600000|  0%| F|  |TS  0|AC  0|TAMS 0x00000006cb500000, 0x00000006cb500000|
|  76|0x00000006cb600000, 0x00000006cb600000, 0x00000006cb700000|  0%| F|  |TS  0|AC  0|TAMS 0x00000006cb600000, 0x00000006cb600000|
|  77|0x00000006cb700000, 0x00000006cb700000, 0x00000006cb800000|  0%| F|  |TS  0|AC  0|TAMS 0x00000006cb700000, 0x00000006cb700000|
|  78|0x00000006cb800000, 0x00000006cb800000, 0x00000006cb900000|  0%| F|  |TS  0|AC  0|TAMS 0x00000006cb800000, 0x00000006cb800000|
|  79|0x00000006cb900000, 0x00000006cb900000, 0x00000006cba00000|  0%| F|  |TS  0|AC  0|TAMS 0x00000006cb900000, 0x00000006cb900000|
|  80|0x00000006cba00000, 0x00000006cba00000, 0x00000006cbb00000|  0%| F|  |TS  0|AC  0|TAMS 0x00000006cba00000, 0x00000006cba00000|
|  81|0x00000006cbb00000, 0x00000006cbb00000, 0x00000006cbc00000|  0%| F|  |TS  0|AC  0|TAMS 0x00000006cbb00000, 0x00000006cbb00000|
|  82|0x00000006cbc00000, 0x00000006cbc00000, 0x00000006cbd00000|  0%| F|  |TS  0|AC  0|TAMS 0x00000006cbc00000, 0x00000006cbc00000|
|  83|0x00000006cbd00000, 0x00000006cbd00000, 0x00000006cbe00000|  0%| F|  |TS  0|AC  0|TAMS 0x00000006cbd00000, 0x00000006cbd00000|
|  84|0x00000006cbe00000, 0x00000006cbe00000, 0x00000006cbf00000|  0%| F|  |TS  0|AC  0|TAMS 0x00000006cbe00000, 0x00000006cbe00000|
|  85|0x00000006cbf00000, 0x00000006cbf00000, 0x00000006cc000000|  0%| F|  |TS  0|AC  0|TAMS 0x00000006cbf00000, 0x00000006cbf00000|
|  86|0x00000006cc000000, 0x00000006cc000000, 0x00000006cc100000|  0%| F|  |TS  0|AC  0|TAMS 0x00000006cc000000, 0x00000006cc000000|
|  87|0x00000006cc100000, 0x00000006cc100000, 0x00000006cc200000|  0%| F|  |TS  0|AC  0|TAMS 0x00000006cc100000, 0x00000006cc100000|
|  88|0x00000006cc200000, 0x00000006cc200000, 0x00000006cc300000|  0%| F|  |TS  0|AC  0|TAMS 0x00000006cc200000, 0x00000006cc200000|
|  89|0x00000006cc300000, 0x00000006cc300000, 0x00000006cc400000|  0%| F|  |TS  0|AC  0|TAMS 0x00000006cc300000, 0x00000006cc300000|
|  90|0x00000006cc400000, 0x00000006cc400000, 0x00000006cc500000|  0%| F|  |TS  0|AC  0|TAMS 0x00000006cc400000, 0x00000006cc400000|
|  91|0x00000006cc500000, 0x00000006cc500000, 0x00000006cc600000|  0%| F|  |TS  0|AC  0|TAMS 0x00000006cc500000, 0x00000006cc500000|
|  92|0x00000006cc600000, 0x00000006cc600000, 0x00000006cc700000|  0%| F|  |TS  0|AC  0|TAMS 0x00000006cc600000, 0x00000006cc600000|
|  93|0x00000006cc700000, 0x00000006cc700000, 0x00000006cc800000|  0%| F|  |TS  0|AC  0|TAMS 0x00000006cc700000, 0x00000006cc700000|
|  94|0x00000006cc800000, 0x00000006cc800000, 0x00000006cc900000|  0%| F|  |TS  0|AC  0|TAMS 0x00000006cc800000, 0x00000006cc800000|
|  95|0x00000006cc900000, 0x00000006cc900000, 0x00000006cca00000|  0%| F|  |TS  0|AC  0|TAMS 0x00000006cc900000, 0x00000006cc900000|
|  96|0x00000006cca00000, 0x00000006cca00000, 0x00000006ccb00000|  0%| F|  |TS  0|AC  0|TAMS 0x00000006cca00000, 0x00000006cca00000|
|  97|0x00000006ccb00000, 0x00000006ccb00000, 0x00000006ccc00000|  0%| F|  |TS  0|AC  0|TAMS 0x00000006ccb00000, 0x00000006ccb00000|
|  98|0x00000006ccc00000, 0x00000006ccc00000, 0x00000006ccd00000|  0%| F|  |TS  0|AC  0|TAMS 0x00000006ccc00000, 0x00000006ccc00000|
|  99|0x00000006ccd00000, 0x00000006ccd00000, 0x00000006cce00000|  0%| F|  |TS  0|AC  0|TAMS 0x00000006ccd00000, 0x00000006ccd00000|
| 100|0x00000006cce00000, 0x00000006cce00000, 0x00000006ccf00000|  0%| F|  |TS  0|AC  0|TAMS 0x00000006cce00000, 0x00000006cce00000|
| 101|0x00000006ccf00000, 0x00000006ccf00000, 0x00000006cd000000|  0%| F|  |TS  0|AC  0|TAMS 0x00000006ccf00000, 0x00000006ccf00000|
| 102|0x00000006cd000000, 0x00000006cd000000, 0x00000006cd100000|  0%| F|  |TS  0|AC  0|TAMS 0x00000006cd000000, 0x00000006cd000000|
| 103|0x00000006cd100000, 0x00000006cd100000, 0x00000006cd200000|  0%| F|  |TS  0|AC  0|TAMS 0x00000006cd100000, 0x00000006cd100000|
| 104|0x00000006cd200000, 0x00000006cd200000, 0x00000006cd300000|  0%| F|  |TS  0|AC  0|TAMS 0x00000006cd200000, 0x00000006cd200000|
| 105|0x00000006cd300000, 0x00000006cd300000, 0x00000006cd400000|  0%| F|  |TS  0|AC  0|TAMS 0x00000006cd300000, 0x00000006cd300000|
| 106|0x00000006cd400000, 0x00000006cd400000, 0x00000006cd500000|  0%| F|  |TS  0|AC  0|TAMS 0x00000006cd400000, 0x00000006cd400000|
| 107|0x00000006cd500000, 0x00000006cd500000, 0x00000006cd600000|  0%| F|  |TS  0|AC  0|TAMS 0x00000006cd500000, 0x00000006cd500000|
| 108|0x00000006cd600000, 0x00000006cd600000, 0x00000006cd700000|  0%| F|  |TS  0|AC  0|TAMS 0x00000006cd600000, 0x00000006cd600000|
| 109|0x00000006cd700000, 0x00000006cd700000, 0x00000006cd800000|  0%| F|  |TS  0|AC  0|TAMS 0x00000006cd700000, 0x00000006cd700000|
| 110|0x00000006cd800000, 0x00000006cd800000, 0x00000006cd900000|  0%| F|  |TS  0|AC  0|TAMS 0x00000006cd800000, 0x00000006cd800000|
| 111|0x00000006cd900000, 0x00000006cd900000, 0x00000006cda00000|  0%| F|  |TS  0|AC  0|TAMS 0x00000006cd900000, 0x00000006cd900000|
| 112|0x00000006cda00000, 0x00000006cda00000, 0x00000006cdb00000|  0%| F|  |TS  0|AC  0|TAMS 0x00000006cda00000, 0x00000006cda00000|
| 113|0x00000006cdb00000, 0x00000006cdb00000, 0x00000006cdc00000|  0%| F|  |TS  0|AC  0|TAMS 0x00000006cdb00000, 0x00000006cdb00000|
| 114|0x00000006cdc00000, 0x00000006cdc00000, 0x00000006cdd00000|  0%| F|  |TS  0|AC  0|TAMS 0x00000006cdc00000, 0x00000006cdc00000|
| 115|0x00000006cdd00000, 0x00000006cdd00000, 0x00000006cde00000|  0%| F|  |TS  0|AC  0|TAMS 0x00000006cdd00000, 0x00000006cdd00000|
| 116|0x00000006cde00000, 0x00000006cde00000, 0x00000006cdf00000|  0%| F|  |TS  0|AC  0|TAMS 0x00000006cde00000, 0x00000006cde00000|
| 117|0x00000006cdf00000, 0x00000006cdf00000, 0x00000006ce000000|  0%| F|  |TS  0|AC  0|TAMS 0x00000006cdf00000, 0x00000006cdf00000|
| 118|0x00000006ce000000, 0x00000006ce000000, 0x00000006ce100000|  0%| F|  |TS  0|AC  0|TAMS 0x00000006ce000000, 0x00000006ce000000|
| 119|0x00000006ce100000, 0x00000006ce100000, 0x00000006ce200000|  0%| F|  |TS  0|AC  0|TAMS 0x00000006ce100000, 0x00000006ce100000|
| 120|0x00000006ce200000, 0x00000006ce200000, 0x00000006ce300000|  0%| F|  |TS  0|AC  0|TAMS 0x00000006ce200000, 0x00000006ce200000|
| 121|0x00000006ce300000, 0x00000006ce300000, 0x00000006ce400000|  0%| F|  |TS  0|AC  0|TAMS 0x00000006ce300000, 0x00000006ce300000|
| 122|0x00000006ce400000, 0x00000006ce400000, 0x00000006ce500000|  0%| F|  |TS  0|AC  0|TAMS 0x00000006ce400000, 0x00000006ce400000|
| 123|0x00000006ce500000, 0x00000006ce500000, 0x00000006ce600000|  0%| F|  |TS  0|AC  0|TAMS 0x00000006ce500000, 0x00000006ce500000|
| 124|0x00000006ce600000, 0x00000006ce600000, 0x00000006ce700000|  0%| F|  |TS  0|AC  0|TAMS 0x00000006ce600000, 0x00000006ce600000|
| 125|0x00000006ce700000, 0x00000006ce700000, 0x00000006ce800000|  0%| F|  |TS  0|AC  0|TAMS 0x00000006ce700000, 0x00000006ce700000|
| 126|0x00000006ce800000, 0x00000006ce800000, 0x00000006ce900000|  0%| F|  |TS  0|AC  0|TAMS 0x00000006ce800000, 0x00000006ce800000|
| 127|0x00000006ce900000, 0x00000006ce900000, 0x00000006cea00000|  0%| F|  |TS  0|AC  0|TAMS 0x00000006ce900000, 0x00000006ce900000|
| 128|0x00000006cea00000, 0x00000006cea00000, 0x00000006ceb00000|  0%| F|  |TS  0|AC  0|TAMS 0x00000006cea00000, 0x00000006cea00000|
| 129|0x00000006ceb00000, 0x00000006ceb00000, 0x00000006cec00000|  0%| F|  |TS  0|AC  0|TAMS 0x00000006ceb00000, 0x00000006ceb00000|
| 130|0x00000006cec00000, 0x00000006cec00000, 0x00000006ced00000|  0%| F|  |TS  0|AC  0|TAMS 0x00000006cec00000, 0x00000006cec00000|
| 131|0x00000006ced00000, 0x00000006ced00000, 0x00000006cee00000|  0%| F|  |TS  0|AC  0|TAMS 0x00000006ced00000, 0x00000006ced00000|
| 132|0x00000006cee00000, 0x00000006cee00000, 0x00000006cef00000|  0%| F|  |TS  0|AC  0|TAMS 0x00000006cee00000, 0x00000006cee00000|
| 133|0x00000006cef00000, 0x00000006cef00000, 0x00000006cf000000|  0%| F|  |TS  0|AC  0|TAMS 0x00000006cef00000, 0x00000006cef00000|
| 134|0x00000006cf000000, 0x00000006cf000000, 0x00000006cf100000|  0%| F|  |TS  0|AC  0|TAMS 0x00000006cf000000, 0x00000006cf000000|
| 135|0x00000006cf100000, 0x00000006cf100000, 0x00000006cf200000|  0%| F|  |TS  0|AC  0|TAMS 0x00000006cf100000, 0x00000006cf100000|
| 136|0x00000006cf200000, 0x00000006cf200000, 0x00000006cf300000|  0%| F|  |TS  0|AC  0|TAMS 0x00000006cf200000, 0x00000006cf200000|
| 137|0x00000006cf300000, 0x00000006cf300000, 0x00000006cf400000|  0%| F|  |TS  0|AC  0|TAMS 0x00000006cf300000, 0x00000006cf300000|
| 138|0x00000006cf400000, 0x00000006cf400000, 0x00000006cf500000|  0%| F|  |TS  0|AC  0|TAMS 0x00000006cf400000, 0x00000006cf400000|
| 139|0x00000006cf500000, 0x00000006cf500000, 0x00000006cf600000|  0%| F|  |TS  0|AC  0|TAMS 0x00000006cf500000, 0x00000006cf500000|
| 140|0x00000006cf600000, 0x00000006cf600000, 0x00000006cf700000|  0%| F|  |TS  0|AC  0|TAMS 0x00000006cf600000, 0x00000006cf600000|
| 141|0x00000006cf700000, 0x00000006cf700000, 0x00000006cf800000|  0%| F|  |TS  0|AC  0|TAMS 0x00000006cf700000, 0x00000006cf700000|
| 142|0x00000006cf800000, 0x00000006cf800000, 0x00000006cf900000|  0%| F|  |TS  0|AC  0|TAMS 0x00000006cf800000, 0x00000006cf800000|
| 143|0x00000006cf900000, 0x00000006cf900000, 0x00000006cfa00000|  0%| F|  |TS  0|AC  0|TAMS 0x00000006cf900000, 0x00000006cf900000|
| 144|0x00000006cfa00000, 0x00000006cfa00000, 0x00000006cfb00000|  0%| F|  |TS  0|AC  0|TAMS 0x00000006cfa00000, 0x00000006cfa00000|
| 145|0x00000006cfb00000, 0x00000006cfb00000, 0x00000006cfc00000|  0%| F|  |TS  0|AC  0|TAMS 0x00000006cfb00000, 0x00000006cfb00000|
| 146|0x00000006cfc00000, 0x00000006cfc00000, 0x00000006cfd00000|  0%| F|  |TS  0|AC  0|TAMS 0x00000006cfc00000, 0x00000006cfc00000|
| 147|0x00000006cfd00000, 0x00000006cfd00000, 0x00000006cfe00000|  0%| F|  |TS  0|AC  0|TAMS 0x00000006cfd00000, 0x00000006cfd00000|
| 148|0x00000006cfe00000, 0x00000006cfe00000, 0x00000006cff00000|  0%| F|  |TS  0|AC  0|TAMS 0x00000006cfe00000, 0x00000006cfe00000|
| 149|0x00000006cff00000, 0x00000006cff00000, 0x00000006d0000000|  0%| F|  |TS  0|AC  0|TAMS 0x00000006cff00000, 0x00000006cff00000|
| 150|0x00000006d0000000, 0x00000006d0000000, 0x00000006d0100000|  0%| F|  |TS  0|AC  0|TAMS 0x00000006d0000000, 0x00000006d0000000|
| 151|0x00000006d0100000, 0x00000006d0100000, 0x00000006d0200000|  0%| F|  |TS  0|AC  0|TAMS 0x00000006d0100000, 0x00000006d0100000|
| 152|0x00000006d0200000, 0x00000006d0200000, 0x00000006d0300000|  0%| F|  |TS  0|AC  0|TAMS 0x00000006d0200000, 0x00000006d0200000|
| 153|0x00000006d0300000, 0x00000006d0300000, 0x00000006d0400000|  0%| F|  |TS  0|AC  0|TAMS 0x00000006d0300000, 0x00000006d0300000|
| 154|0x00000006d0400000, 0x00000006d0400000, 0x00000006d0500000|  0%| F|  |TS  0|AC  0|TAMS 0x00000006d0400000, 0x00000006d0400000|
| 155|0x00000006d0500000, 0x00000006d0500000, 0x00000006d0600000|  0%| F|  |TS  0|AC  0|TAMS 0x00000006d0500000, 0x00000006d0500000|
| 156|0x00000006d0600000, 0x00000006d0600000, 0x00000006d0700000|  0%| F|  |TS  0|AC  0|TAMS 0x00000006d0600000, 0x00000006d0600000|
| 157|0x00000006d0700000, 0x00000006d0700000, 0x00000006d0800000|  0%| F|  |TS  0|AC  0|TAMS 0x00000006d0700000, 0x00000006d0700000|
| 158|0x00000006d0800000, 0x00000006d0800000, 0x00000006d0900000|  0%| F|  |TS  0|AC  0|TAMS 0x00000006d0800000, 0x00000006d0800000|
| 159|0x00000006d0900000, 0x00000006d0900000, 0x00000006d0a00000|  0%| F|  |TS  0|AC  0|TAMS 0x00000006d0900000, 0x00000006d0900000|
| 160|0x00000006d0a00000, 0x00000006d0a00000, 0x00000006d0b00000|  0%| F|  |TS  0|AC  0|TAMS 0x00000006d0a00000, 0x00000006d0a00000|
| 161|0x00000006d0b00000, 0x00000006d0b00000, 0x00000006d0c00000|  0%| F|  |TS  0|AC  0|TAMS 0x00000006d0b00000, 0x00000006d0b00000|
| 162|0x00000006d0c00000, 0x00000006d0c00000, 0x00000006d0d00000|  0%| F|  |TS  0|AC  0|TAMS 0x00000006d0c00000, 0x00000006d0c00000|
| 163|0x00000006d0d00000, 0x00000006d0d00000, 0x00000006d0e00000|  0%| F|  |TS  0|AC  0|TAMS 0x00000006d0d00000, 0x00000006d0d00000|
| 164|0x00000006d0e00000, 0x00000006d0e00000, 0x00000006d0f00000|  0%| F|  |TS  0|AC  0|TAMS 0x00000006d0e00000, 0x00000006d0e00000|
| 165|0x00000006d0f00000, 0x00000006d0f00000, 0x00000006d1000000|  0%| F|  |TS  0|AC  0|TAMS 0x00000006d0f00000, 0x00000006d0f00000|
| 166|0x00000006d1000000, 0x00000006d1000000, 0x00000006d1100000|  0%| F|  |TS  0|AC  0|TAMS 0x00000006d1000000, 0x00000006d1000000|
| 167|0x00000006d1100000, 0x00000006d1100000, 0x00000006d1200000|  0%| F|  |TS  0|AC  0|TAMS 0x00000006d1100000, 0x00000006d1100000|
| 168|0x00000006d1200000, 0x00000006d1200000, 0x00000006d1300000|  0%| F|  |TS  0|AC  0|TAMS 0x00000006d1200000, 0x00000006d1200000|
| 169|0x00000006d1300000, 0x00000006d1300000, 0x00000006d1400000|  0%| F|  |TS  0|AC  0|TAMS 0x00000006d1300000, 0x00000006d1300000|
| 170|0x00000006d1400000, 0x00000006d1400000, 0x00000006d1500000|  0%| F|  |TS  0|AC  0|TAMS 0x00000006d1400000, 0x00000006d1400000|
| 171|0x00000006d1500000, 0x00000006d1500000, 0x00000006d1600000|  0%| F|  |TS  0|AC  0|TAMS 0x00000006d1500000, 0x00000006d1500000|
| 172|0x00000006d1600000, 0x00000006d1600000, 0x00000006d1700000|  0%| F|  |TS  0|AC  0|TAMS 0x00000006d1600000, 0x00000006d1600000|
| 173|0x00000006d1700000, 0x00000006d1700000, 0x00000006d1800000|  0%| F|  |TS  0|AC  0|TAMS 0x00000006d1700000, 0x00000006d1700000|
| 174|0x00000006d1800000, 0x00000006d1800000, 0x00000006d1900000|  0%| F|  |TS  0|AC  0|TAMS 0x00000006d1800000, 0x00000006d1800000|
| 175|0x00000006d1900000, 0x00000006d1900000, 0x00000006d1a00000|  0%| F|  |TS  0|AC  0|TAMS 0x00000006d1900000, 0x00000006d1900000|
| 176|0x00000006d1a00000, 0x00000006d1a00000, 0x00000006d1b00000|  0%| F|  |TS  0|AC  0|TAMS 0x00000006d1a00000, 0x00000006d1a00000|
| 177|0x00000006d1b00000, 0x00000006d1b00000, 0x00000006d1c00000|  0%| F|  |TS  0|AC  0|TAMS 0x00000006d1b00000, 0x00000006d1b00000|
| 178|0x00000006d1c00000, 0x00000006d1c00000, 0x00000006d1d00000|  0%| F|  |TS  0|AC  0|TAMS 0x00000006d1c00000, 0x00000006d1c00000|
| 179|0x00000006d1d00000, 0x00000006d1d00000, 0x00000006d1e00000|  0%| F|  |TS  0|AC  0|TAMS 0x00000006d1d00000, 0x00000006d1d00000|
| 180|0x00000006d1e00000, 0x00000006d1e00000, 0x00000006d1f00000|  0%| F|  |TS  0|AC  0|TAMS 0x00000006d1e00000, 0x00000006d1e00000|
| 181|0x00000006d1f00000, 0x00000006d1f00000, 0x00000006d2000000|  0%| F|  |TS  0|AC  0|TAMS 0x00000006d1f00000, 0x00000006d1f00000|
| 182|0x00000006d2000000, 0x00000006d2000000, 0x00000006d2100000|  0%| F|  |TS  0|AC  0|TAMS 0x00000006d2000000, 0x00000006d2000000|
| 183|0x00000006d2100000, 0x00000006d2100000, 0x00000006d2200000|  0%| F|  |TS  0|AC  0|TAMS 0x00000006d2100000, 0x00000006d2100000|
| 184|0x00000006d2200000, 0x00000006d2200000, 0x00000006d2300000|  0%| F|  |TS  0|AC  0|TAMS 0x00000006d2200000, 0x00000006d2200000|
| 185|0x00000006d2300000, 0x00000006d2300000, 0x00000006d2400000|  0%| F|  |TS  0|AC  0|TAMS 0x00000006d2300000, 0x00000006d2300000|
| 186|0x00000006d2400000, 0x00000006d2400000, 0x00000006d2500000|  0%| F|  |TS  0|AC  0|TAMS 0x00000006d2400000, 0x00000006d2400000|
| 187|0x00000006d2500000, 0x00000006d2500000, 0x00000006d2600000|  0%| F|  |TS  0|AC  0|TAMS 0x00000006d2500000, 0x00000006d2500000|
| 188|0x00000006d2600000, 0x00000006d2600000, 0x00000006d2700000|  0%| F|  |TS  0|AC  0|TAMS 0x00000006d2600000, 0x00000006d2600000|
| 189|0x00000006d2700000, 0x00000006d2700000, 0x00000006d2800000|  0%| F|  |TS  0|AC  0|TAMS 0x00000006d2700000, 0x00000006d2700000|
| 190|0x00000006d2800000, 0x00000006d2800000, 0x00000006d2900000|  0%| F|  |TS  0|AC  0|TAMS 0x00000006d2800000, 0x00000006d2800000|
| 191|0x00000006d2900000, 0x00000006d2900000, 0x00000006d2a00000|  0%| F|  |TS  0|AC  0|TAMS 0x00000006d2900000, 0x00000006d2900000|
| 192|0x00000006d2a00000, 0x00000006d2a00000, 0x00000006d2b00000|  0%| F|  |TS  0|AC  0|TAMS 0x00000006d2a00000, 0x00000006d2a00000|
| 193|0x00000006d2b00000, 0x00000006d2b00000, 0x00000006d2c00000|  0%| F|  |TS  0|AC  0|TAMS 0x00000006d2b00000, 0x00000006d2b00000|
| 194|0x00000006d2c00000, 0x00000006d2c00000, 0x00000006d2d00000|  0%| F|  |TS  0|AC  0|TAMS 0x00000006d2c00000, 0x00000006d2c00000|
| 195|0x00000006d2d00000, 0x00000006d2d00000, 0x00000006d2e00000|  0%| F|  |TS  0|AC  0|TAMS 0x00000006d2d00000, 0x00000006d2d00000|
| 196|0x00000006d2e00000, 0x00000006d2e00000, 0x00000006d2f00000|  0%| F|  |TS  0|AC  0|TAMS 0x00000006d2e00000, 0x00000006d2e00000|
| 197|0x00000006d2f00000, 0x00000006d2f00000, 0x00000006d3000000|  0%| F|  |TS  0|AC  0|TAMS 0x00000006d2f00000, 0x00000006d2f00000|
| 198|0x00000006d3000000, 0x00000006d3000000, 0x00000006d3100000|  0%| F|  |TS  0|AC  0|TAMS 0x00000006d3000000, 0x00000006d3000000|
| 199|0x00000006d3100000, 0x00000006d3100000, 0x00000006d3200000|  0%| F|  |TS  0|AC  0|TAMS 0x00000006d3100000, 0x00000006d3100000|
| 200|0x00000006d3200000, 0x00000006d3200000, 0x00000006d3300000|  0%| F|  |TS  0|AC  0|TAMS 0x00000006d3200000, 0x00000006d3200000|
| 201|0x00000006d3300000, 0x00000006d3300000, 0x00000006d3400000|  0%| F|  |TS  0|AC  0|TAMS 0x00000006d3300000, 0x00000006d3300000|
| 202|0x00000006d3400000, 0x00000006d3400000, 0x00000006d3500000|  0%| F|  |TS  0|AC  0|TAMS 0x00000006d3400000, 0x00000006d3400000|
| 203|0x00000006d3500000, 0x00000006d3500000, 0x00000006d3600000|  0%| F|  |TS  0|AC  0|TAMS 0x00000006d3500000, 0x00000006d3500000|
| 204|0x00000006d3600000, 0x00000006d3600000, 0x00000006d3700000|  0%| F|  |TS  0|AC  0|TAMS 0x00000006d3600000, 0x00000006d3600000|
| 205|0x00000006d3700000, 0x00000006d3700000, 0x00000006d3800000|  0%| F|  |TS  0|AC  0|TAMS 0x00000006d3700000, 0x00000006d3700000|
| 206|0x00000006d3800000, 0x00000006d3800000, 0x00000006d3900000|  0%| F|  |TS  0|AC  0|TAMS 0x00000006d3800000, 0x00000006d3800000|
| 207|0x00000006d3900000, 0x00000006d3900000, 0x00000006d3a00000|  0%| F|  |TS  0|AC  0|TAMS 0x00000006d3900000, 0x00000006d3900000|
| 208|0x00000006d3a00000, 0x00000006d3a00000, 0x00000006d3b00000|  0%| F|  |TS  0|AC  0|TAMS 0x00000006d3a00000, 0x00000006d3a00000|
| 209|0x00000006d3b00000, 0x00000006d3b00000, 0x00000006d3c00000|  0%| F|  |TS  0|AC  0|TAMS 0x00000006d3b00000, 0x00000006d3b00000|
| 210|0x00000006d3c00000, 0x00000006d3c00000, 0x00000006d3d00000|  0%| F|  |TS  0|AC  0|TAMS 0x00000006d3c00000, 0x00000006d3c00000|
| 211|0x00000006d3d00000, 0x00000006d3d00000, 0x00000006d3e00000|  0%| F|  |TS  0|AC  0|TAMS 0x00000006d3d00000, 0x00000006d3d00000|
| 212|0x00000006d3e00000, 0x00000006d3e00000, 0x00000006d3f00000|  0%| F|  |TS  0|AC  0|TAMS 0x00000006d3e00000, 0x00000006d3e00000|
| 213|0x00000006d3f00000, 0x00000006d3f00000, 0x00000006d4000000|  0%| F|  |TS  0|AC  0|TAMS 0x00000006d3f00000, 0x00000006d3f00000|
| 214|0x00000006d4000000, 0x00000006d4000000, 0x00000006d4100000|  0%| F|  |TS  0|AC  0|TAMS 0x00000006d4000000, 0x00000006d4000000|
| 215|0x00000006d4100000, 0x00000006d4100000, 0x00000006d4200000|  0%| F|  |TS  0|AC  0|TAMS 0x00000006d4100000, 0x00000006d4100000|
| 216|0x00000006d4200000, 0x00000006d4200000, 0x00000006d4300000|  0%| F|  |TS  0|AC  0|TAMS 0x00000006d4200000, 0x00000006d4200000|
| 217|0x00000006d4300000, 0x00000006d4300000, 0x00000006d4400000|  0%| F|  |TS  0|AC  0|TAMS 0x00000006d4300000, 0x00000006d4300000|
| 218|0x00000006d4400000, 0x00000006d4400000, 0x00000006d4500000|  0%| F|  |TS  0|AC  0|TAMS 0x00000006d4400000, 0x00000006d4400000|
| 219|0x00000006d4500000, 0x00000006d4500000, 0x00000006d4600000|  0%| F|  |TS  0|AC  0|TAMS 0x00000006d4500000, 0x00000006d4500000|
| 220|0x00000006d4600000, 0x00000006d4600000, 0x00000006d4700000|  0%| F|  |TS  0|AC  0|TAMS 0x00000006d4600000, 0x00000006d4600000|
| 221|0x00000006d4700000, 0x00000006d4700000, 0x00000006d4800000|  0%| F|  |TS  0|AC  0|TAMS 0x00000006d4700000, 0x00000006d4700000|
| 222|0x00000006d4800000, 0x00000006d4800000, 0x00000006d4900000|  0%| F|  |TS  0|AC  0|TAMS 0x00000006d4800000, 0x00000006d4800000|
| 223|0x00000006d4900000, 0x00000006d4900000, 0x00000006d4a00000|  0%| F|  |TS  0|AC  0|TAMS 0x00000006d4900000, 0x00000006d4900000|
| 224|0x00000006d4a00000, 0x00000006d4a00000, 0x00000006d4b00000|  0%| F|  |TS  0|AC  0|TAMS 0x00000006d4a00000, 0x00000006d4a00000|
| 225|0x00000006d4b00000, 0x00000006d4b00000, 0x00000006d4c00000|  0%| F|  |TS  0|AC  0|TAMS 0x00000006d4b00000, 0x00000006d4b00000|
| 226|0x00000006d4c00000, 0x00000006d4c00000, 0x00000006d4d00000|  0%| F|  |TS  0|AC  0|TAMS 0x00000006d4c00000, 0x00000006d4c00000|
| 227|0x00000006d4d00000, 0x00000006d4d00000, 0x00000006d4e00000|  0%| F|  |TS  0|AC  0|TAMS 0x00000006d4d00000, 0x00000006d4d00000|
| 228|0x00000006d4e00000, 0x00000006d4e00000, 0x00000006d4f00000|  0%| F|  |TS  0|AC  0|TAMS 0x00000006d4e00000, 0x00000006d4e00000|
| 229|0x00000006d4f00000, 0x00000006d4f00000, 0x00000006d5000000|  0%| F|  |TS  0|AC  0|TAMS 0x00000006d4f00000, 0x00000006d4f00000|
| 230|0x00000006d5000000, 0x00000006d5000000, 0x00000006d5100000|  0%| F|  |TS  0|AC  0|TAMS 0x00000006d5000000, 0x00000006d5000000|
| 231|0x00000006d5100000, 0x00000006d5100000, 0x00000006d5200000|  0%| F|  |TS  0|AC  0|TAMS 0x00000006d5100000, 0x00000006d5100000|
| 232|0x00000006d5200000, 0x00000006d5200000, 0x00000006d5300000|  0%| F|  |TS  0|AC  0|TAMS 0x00000006d5200000, 0x00000006d5200000|
| 233|0x00000006d5300000, 0x00000006d5300000, 0x00000006d5400000|  0%| F|  |TS  0|AC  0|TAMS 0x00000006d5300000, 0x00000006d5300000|
| 234|0x00000006d5400000, 0x00000006d5400000, 0x00000006d5500000|  0%| F|  |TS  0|AC  0|TAMS 0x00000006d5400000, 0x00000006d5400000|
| 235|0x00000006d5500000, 0x00000006d5500000, 0x00000006d5600000|  0%| F|  |TS  0|AC  0|TAMS 0x00000006d5500000, 0x00000006d5500000|
| 236|0x00000006d5600000, 0x00000006d5600000, 0x00000006d5700000|  0%| F|  |TS  0|AC  0|TAMS 0x00000006d5600000, 0x00000006d5600000|
| 237|0x00000006d5700000, 0x00000006d5700000, 0x00000006d5800000|  0%| F|  |TS  0|AC  0|TAMS 0x00000006d5700000, 0x00000006d5700000|
| 238|0x00000006d5800000, 0x00000006d5800000, 0x00000006d5900000|  0%| F|  |TS  0|AC  0|TAMS 0x00000006d5800000, 0x00000006d5800000|
| 239|0x00000006d5900000, 0x00000006d5900000, 0x00000006d5a00000|  0%| F|  |TS  0|AC  0|TAMS 0x00000006d5900000, 0x00000006d5900000|
| 240|0x00000006d5a00000, 0x00000006d5a00000, 0x00000006d5b00000|  0%| F|  |TS  0|AC  0|TAMS 0x00000006d5a00000, 0x00000006d5a00000|
| 241|0x00000006d5b00000, 0x00000006d5b00000, 0x00000006d5c00000|  0%| F|  |TS  0|AC  0|TAMS 0x00000006d5b00000, 0x00000006d5b00000|
| 242|0x00000006d5c00000, 0x00000006d5c00000, 0x00000006d5d00000|  0%| F|  |TS  0|AC  0|TAMS 0x00000006d5c00000, 0x00000006d5c00000|
| 243|0x00000006d5d00000, 0x00000006d5d00000, 0x00000006d5e00000|  0%| F|  |TS  0|AC  0|TAMS 0x00000006d5d00000, 0x00000006d5d00000|
| 244|0x00000006d5e00000, 0x00000006d5e00000, 0x00000006d5f00000|  0%| F|  |TS  0|AC  0|TAMS 0x00000006d5e00000, 0x00000006d5e00000|
| 245|0x00000006d5f00000, 0x00000006d5f00000, 0x00000006d6000000|  0%| F|  |TS  0|AC  0|TAMS 0x00000006d5f00000, 0x00000006d5f00000|
| 246|0x00000006d6000000, 0x00000006d6000000, 0x00000006d6100000|  0%| F|  |TS  0|AC  0|TAMS 0x00000006d6000000, 0x00000006d6000000|
| 247|0x00000006d6100000, 0x00000006d617b650, 0x00000006d6200000| 48%| E|  |TS  0|AC  0|TAMS 0x00000006d6100000, 0x00000006d6100000|
| 248|0x00000006d6200000, 0x00000006d6300000, 0x00000006d6300000|100%| E|CS|TS  0|AC  0|TAMS 0x00000006d6200000, 0x00000006d6200000|
| 249|0x00000006d6300000, 0x00000006d6400000, 0x00000006d6400000|100%| E|CS|TS  0|AC  0|TAMS 0x00000006d6300000, 0x00000006d6300000|

Card table byte_map: [0x00007f6b44bad000,0x00007f6b45378000] byte_map_base: 0x00007f6b41578000

Marking Bits (Prev, Next): (CMBitMap*) 0x00007f6b6008c670, (CMBitMap*) 0x00007f6b6008c6a8
 Prev Bits: [0x00007f6afc1a8000, 0x00007f6b00000000)
 Next Bits: [0x00007f6af8350000, 0x00007f6afc1a8000)

Polling page: 0x00007f6b69dc8000

CodeHeap 'non-profiled nmethods': size=120032Kb used=37Kb max_used=37Kb free=119994Kb
 bounds [0x00007f6b4d60b000, 0x00007f6b4d87b000, 0x00007f6b54b43000]
CodeHeap 'profiled nmethods': size=120028Kb used=175Kb max_used=175Kb free=119852Kb
 bounds [0x00007f6b460d4000, 0x00007f6b46344000, 0x00007f6b4d60b000]
CodeHeap 'non-nmethods': size=5700Kb used=1137Kb max_used=1144Kb free=4563Kb
 bounds [0x00007f6b45b43000, 0x00007f6b45db3000, 0x00007f6b460d4000]
 total_blobs=454 nmethods=139 adapters=169
 compilation: enabled

Compilation events (10 events):
Event: 0,084 Thread 0x00007f6b60212800  135       3       java.lang.Character::toLowerCase (9 bytes)
Event: 0,084 Thread 0x00007f6b60212800 nmethod 135 0x00007f6b460fe090 code [0x00007f6b460fe260, 0x00007f6b460fe498]
Event: 0,084 Thread 0x00007f6b60212800  136       3       java.lang.CharacterDataLatin1::toLowerCase (39 bytes)
Event: 0,084 Thread 0x00007f6b60212800 nmethod 136 0x00007f6b460fe590 code [0x00007f6b460fe740, 0x00007f6b460fe9d0]
Event: 0,087 Thread 0x00007f6b60212800  137       3       java.lang.String::indexOf (7 bytes)
Event: 0,087 Thread 0x00007f6b60212800 nmethod 137 0x00007f6b460feb10 code [0x00007f6b460fece0, 0x00007f6b460ff098]
Event: 0,087 Thread 0x00007f6b60212800  138       3       sun.nio.fs.UnixPath::checkNotNul (16 bytes)
Event: 0,087 Thread 0x00007f6b60212800 nmethod 138 0x00007f6b460ff190 code [0x00007f6b460ff340, 0x00007f6b460ff548]
Event: 0,088 Thread 0x00007f6b60212800  139       3       java.lang.StringLatin1::indexOf (61 bytes)
Event: 0,089 Thread 0x00007f6b60212800 nmethod 139 0x00007f6b460ff610 code [0x00007f6b460ff7e0, 0x00007f6b460ffbd0]

GC Heap History (0 events):
No events

Deoptimization events (0 events):
No events

Classes redefined (0 events):
No events

Internal exceptions (0 events):
No events

Events (10 events):
Event: 0,088 loading class java/lang/NamedPackage
Event: 0,088 loading class java/lang/NamedPackage done
Event: 0,088 loading class java/lang/PublicMethods$MethodList
Event: 0,088 loading class java/lang/PublicMethods$MethodList done
Event: 0,088 loading class java/lang/PublicMethods$Key
Event: 0,088 loading class java/lang/PublicMethods$Key done
Event: 0,088 loading class java/lang/Void
Event: 0,088 loading class java/lang/Void done
Event: 0,088 loading class java/lang/ClassLoaderHelper
Event: 0,088 loading class java/lang/ClassLoaderHelper done


Dynamic libraries:
00400000-00401000 r-xp 00000000 08:01 14685579                           /usr/lib/jvm/java-9-oracle/bin/java
00600000-00601000 rw-p 00000000 08:01 14685579                           /usr/lib/jvm/java-9-oracle/bin/java
01d39000-01d5a000 rw-p 00000000 00:00 0                                  [heap]
6c6a00000-6d6400000 rw-p 00000000 00:00 0 
6d6400000-7c0000000 ---p 00000000 00:00 0 
7c0000000-7c0080000 rw-p 00000000 00:00 0 
7c0080000-800000000 ---p 00000000 00:00 0 
7f6ab4000000-7f6ab4021000 rw-p 00000000 00:00 0 
7f6ab4021000-7f6ab8000000 ---p 00000000 00:00 0 
7f6abb426000-7f6abb754000 rw-p 00000000 00:00 0 
7f6abb754000-7f6abb76b000 r-xp 00000000 08:01 3936150                    /lib/x86_64-linux-gnu/libgcc_s.so.1
7f6abb76b000-7f6abb96a000 ---p 00017000 08:01 3936150                    /lib/x86_64-linux-gnu/libgcc_s.so.1
7f6abb96a000-7f6abb96b000 r--p 00016000 08:01 3936150                    /lib/x86_64-linux-gnu/libgcc_s.so.1
7f6abb96b000-7f6abb96c000 rw-p 00017000 08:01 3936150                    /lib/x86_64-linux-gnu/libgcc_s.so.1
7f6abb96c000-7f6abbaea000 r-xp 00000000 08:01 14680529                   /usr/lib/x86_64-linux-gnu/libstdc++.so.6.0.25
7f6abbaea000-7f6abbcea000 ---p 0017e000 08:01 14680529                   /usr/lib/x86_64-linux-gnu/libstdc++.so.6.0.25
7f6abbcea000-7f6abbcf4000 r--p 0017e000 08:01 14680529                   /usr/lib/x86_64-linux-gnu/libstdc++.so.6.0.25
7f6abbcf4000-7f6abbcf6000 rw-p 00188000 08:01 14680529                   /usr/lib/x86_64-linux-gnu/libstdc++.so.6.0.25
7f6abbcf6000-7f6abbcfa000 rw-p 00000000 00:00 0 
7f6abbcfa000-7f6abbcfc000 r-xp 00000000 00:34 12468237                   /home/black/Work/lab/Lab11Task1V2/src/main/java/libhello.so
7f6abbcfc000-7f6abbefc000 ---p 00002000 00:34 12468237                   /home/black/Work/lab/Lab11Task1V2/src/main/java/libhello.so
7f6abbefc000-7f6abbefd000 r--p 00002000 00:34 12468237                   /home/black/Work/lab/Lab11Task1V2/src/main/java/libhello.so
7f6abbefd000-7f6abbefe000 rw-p 00003000 00:34 12468237                   /home/black/Work/lab/Lab11Task1V2/src/main/java/libhello.so
7f6abbefe000-7f6abbeff000 ---p 00000000 00:00 0 
7f6abbeff000-7f6abc000000 rw-p 00000000 00:00 0 
7f6abc000000-7f6abc021000 rw-p 00000000 00:00 0 
7f6abc021000-7f6ac0000000 ---p 00000000 00:00 0 
7f6ac0000000-7f6ac0021000 rw-p 00000000 00:00 0 
7f6ac0021000-7f6ac4000000 ---p 00000000 00:00 0 
7f6ac4000000-7f6ac407f000 rw-p 00000000 00:00 0 
7f6ac407f000-7f6ac8000000 ---p 00000000 00:00 0 
7f6ac8000000-7f6ac8021000 rw-p 00000000 00:00 0 
7f6ac8021000-7f6acc000000 ---p 00000000 00:00 0 
7f6acc000000-7f6acc021000 rw-p 00000000 00:00 0 
7f6acc021000-7f6ad0000000 ---p 00000000 00:00 0 
7f6ad0000000-7f6ad0021000 rw-p 00000000 00:00 0 
7f6ad0021000-7f6ad4000000 ---p 00000000 00:00 0 
7f6ad4000000-7f6ad4021000 rw-p 00000000 00:00 0 
7f6ad4021000-7f6ad8000000 ---p 00000000 00:00 0 
7f6ad8000000-7f6ad8066000 rw-p 00000000 00:00 0 
7f6ad8066000-7f6adc000000 ---p 00000000 00:00 0 
7f6adc000000-7f6adc021000 rw-p 00000000 00:00 0 
7f6adc021000-7f6ae0000000 ---p 00000000 00:00 0 
7f6ae0000000-7f6ae0021000 rw-p 00000000 00:00 0 
7f6ae0021000-7f6ae4000000 ---p 00000000 00:00 0 
7f6ae4000000-7f6ae4021000 rw-p 00000000 00:00 0 
7f6ae4021000-7f6ae8000000 ---p 00000000 00:00 0 
7f6ae80b9000-7f6ae80bd000 ---p 00000000 00:00 0 
7f6ae80bd000-7f6ae81ba000 rw-p 00000000 00:00 0 
7f6ae81ba000-7f6ae81be000 ---p 00000000 00:00 0 
7f6ae81be000-7f6ae82bb000 rw-p 00000000 00:00 0 
7f6ae82bb000-7f6ae82d1000 r-xp 00000000 08:01 3016376                    /usr/lib/jvm/java-9-oracle/lib/libnet.so
7f6ae82d1000-7f6ae84d1000 ---p 00016000 08:01 3016376                    /usr/lib/jvm/java-9-oracle/lib/libnet.so
7f6ae84d1000-7f6ae84d2000 rw-p 00016000 08:01 3016376                    /usr/lib/jvm/java-9-oracle/lib/libnet.so
7f6ae84d2000-7f6ae84e2000 r-xp 00000000 08:01 3016558                    /usr/lib/jvm/java-9-oracle/lib/libnio.so
7f6ae84e2000-7f6ae86e2000 ---p 00010000 08:01 3016558                    /usr/lib/jvm/java-9-oracle/lib/libnio.so
7f6ae86e2000-7f6ae86e3000 rw-p 00010000 08:01 3016558                    /usr/lib/jvm/java-9-oracle/lib/libnio.so
7f6ae86e3000-7f6ae86e7000 ---p 00000000 00:00 0 
7f6ae86e7000-7f6ae87e4000 rw-p 00000000 00:00 0 
7f6ae87e4000-7f6ae87e8000 ---p 00000000 00:00 0 
7f6ae87e8000-7f6ae88e5000 rw-p 00000000 00:00 0 
7f6ae88e5000-7f6ae88e9000 ---p 00000000 00:00 0 
7f6ae88e9000-7f6ae89e6000 rw-p 00000000 00:00 0 
7f6ae89e6000-7f6ae89ea000 ---p 00000000 00:00 0 
7f6ae89ea000-7f6ae8ae7000 rw-p 00000000 00:00 0 
7f6ae8ae7000-7f6ae8aeb000 ---p 00000000 00:00 0 
7f6ae8aeb000-7f6ae8be8000 rw-p 00000000 00:00 0 
7f6ae8be8000-7f6ae8bec000 ---p 00000000 00:00 0 
7f6ae8bec000-7f6ae8ce9000 rw-p 00000000 00:00 0 
7f6ae8ce9000-7f6ae90f8000 r--p 00000000 08:01 14689433                   /usr/lib/locale/locale-archive
7f6ae90f8000-7f6ae90fc000 ---p 00000000 00:00 0 
7f6ae90fc000-7f6ae91f9000 rw-p 00000000 00:00 0 
7f6ae91f9000-7f6ae91fd000 ---p 00000000 00:00 0 
7f6ae91fd000-7f6ae92fa000 rw-p 00000000 00:00 0 
7f6ae92fa000-7f6ae92fb000 ---p 00000000 00:00 0 
7f6ae92fb000-7f6ae983c000 rw-p 00000000 00:00 0 
7f6ae983c000-7f6ae9bfc000 ---p 00000000 00:00 0 
7f6ae9bfc000-7f6aea000000 rw-p 00000000 00:00 0 
7f6aea000000-7f6aec000000 rwxp 00000000 00:00 0 
7f6aec000000-7f6aec021000 rw-p 00000000 00:00 0 
7f6aec021000-7f6af0000000 ---p 00000000 00:00 0 
7f6af0000000-7f6af0021000 rw-p 00000000 00:00 0 
7f6af0021000-7f6af4000000 ---p 00000000 00:00 0 
7f6af4000000-7f6af4021000 rw-p 00000000 00:00 0 
7f6af4021000-7f6af8000000 ---p 00000000 00:00 0 
7f6af804d000-7f6af8738000 rw-p 00000000 00:00 0 
7f6af8738000-7f6afc1a8000 ---p 00000000 00:00 0 
7f6afc1a8000-7f6afc590000 rw-p 00000000 00:00 0 
7f6afc590000-7f6b00000000 ---p 00000000 00:00 0 
7f6b00000000-7f6b00021000 rw-p 00000000 00:00 0 
7f6b00021000-7f6b04000000 ---p 00000000 00:00 0 
7f6b04000000-7f6b04021000 rw-p 00000000 00:00 0 
7f6b04021000-7f6b08000000 ---p 00000000 00:00 0 
7f6b08000000-7f6b08021000 rw-p 00000000 00:00 0 
7f6b08021000-7f6b0c000000 ---p 00000000 00:00 0 
7f6b0c000000-7f6b0c021000 rw-p 00000000 00:00 0 
7f6b0c021000-7f6b10000000 ---p 00000000 00:00 0 
7f6b10000000-7f6b10021000 rw-p 00000000 00:00 0 
7f6b10021000-7f6b14000000 ---p 00000000 00:00 0 
7f6b14000000-7f6b14021000 rw-p 00000000 00:00 0 
7f6b14021000-7f6b18000000 ---p 00000000 00:00 0 
7f6b18000000-7f6b18021000 rw-p 00000000 00:00 0 
7f6b18021000-7f6b1c000000 ---p 00000000 00:00 0 
7f6b1c000000-7f6b1c021000 rw-p 00000000 00:00 0 
7f6b1c021000-7f6b20000000 ---p 00000000 00:00 0 
7f6b20000000-7f6b20021000 rw-p 00000000 00:00 0 
7f6b20021000-7f6b24000000 ---p 00000000 00:00 0 
7f6b24000000-7f6b24021000 rw-p 00000000 00:00 0 
7f6b24021000-7f6b28000000 ---p 00000000 00:00 0 
7f6b28000000-7f6b28021000 rw-p 00000000 00:00 0 
7f6b28021000-7f6b2c000000 ---p 00000000 00:00 0 
7f6b2c000000-7f6b2c021000 rw-p 00000000 00:00 0 
7f6b2c021000-7f6b30000000 ---p 00000000 00:00 0 
7f6b30000000-7f6b30021000 rw-p 00000000 00:00 0 
7f6b30021000-7f6b34000000 ---p 00000000 00:00 0 
7f6b34000000-7f6b34021000 rw-p 00000000 00:00 0 
7f6b34021000-7f6b38000000 ---p 00000000 00:00 0 
7f6b38000000-7f6b38021000 rw-p 00000000 00:00 0 
7f6b38021000-7f6b3c000000 ---p 00000000 00:00 0 
7f6b3c000000-7f6b3c021000 rw-p 00000000 00:00 0 
7f6b3c021000-7f6b40000000 ---p 00000000 00:00 0 
7f6b40000000-7f6b40021000 rw-p 00000000 00:00 0 
7f6b40021000-7f6b44000000 ---p 00000000 00:00 0 
7f6b44067000-7f6b441de000 rw-p 00000000 00:00 0 
7f6b441de000-7f6b441df000 ---p 00000000 00:00 0 
7f6b441df000-7f6b442e0000 rw-p 00000000 00:00 0 
7f6b442e0000-7f6b442e1000 ---p 00000000 00:00 0 
7f6b442e1000-7f6b4445f000 rw-p 00000000 00:00 0 
7f6b4445f000-7f6b44bad000 ---p 00000000 00:00 0 
7f6b44bad000-7f6b44c2a000 rw-p 00000000 00:00 0 
7f6b44c2a000-7f6b45b43000 ---p 00000000 00:00 0 
7f6b45b43000-7f6b45db3000 rwxp 00000000 00:00 0 
7f6b45db3000-7f6b460d4000 ---p 00000000 00:00 0 
7f6b460d4000-7f6b46344000 rwxp 00000000 00:00 0 
7f6b46344000-7f6b4d60b000 ---p 00000000 00:00 0 
7f6b4d60b000-7f6b4d87b000 rwxp 00000000 00:00 0 
7f6b4d87b000-7f6b54b43000 ---p 00000000 00:00 0 
7f6b54b43000-7f6b60000000 r--s 00000000 08:01 3016522                    /usr/lib/jvm/java-9-oracle/lib/modules
7f6b60000000-7f6b60316000 rw-p 00000000 00:00 0 
7f6b60316000-7f6b64000000 ---p 00000000 00:00 0 
7f6b64034000-7f6b640c0000 rw-p 00000000 00:00 0 
7f6b640c0000-7f6b640c1000 ---p 00000000 00:00 0 
7f6b640c1000-7f6b64339000 rw-p 00000000 00:00 0 
7f6b64339000-7f6b64a87000 ---p 00000000 00:00 0 
7f6b64a87000-7f6b64a88000 ---p 00000000 00:00 0 
7f6b64a88000-7f6b64b89000 rw-p 00000000 00:00 0 
7f6b64b89000-7f6b64b8a000 ---p 00000000 00:00 0 
7f6b64b8a000-7f6b64c8b000 rw-p 00000000 00:00 0 
7f6b64c8b000-7f6b64c8c000 ---p 00000000 00:00 0 
7f6b64c8c000-7f6b64d8d000 rw-p 00000000 00:00 0 
7f6b64d8d000-7f6b64d8e000 ---p 00000000 00:00 0 
7f6b64d8e000-7f6b64e8f000 rw-p 00000000 00:00 0 
7f6b64e8f000-7f6b64e90000 ---p 00000000 00:00 0 
7f6b64e90000-7f6b64f91000 rw-p 00000000 00:00 0 
7f6b64f91000-7f6b64f92000 ---p 00000000 00:00 0 
7f6b64f92000-7f6b65093000 rw-p 00000000 00:00 0 
7f6b65093000-7f6b65094000 ---p 00000000 00:00 0 
7f6b65094000-7f6b65195000 rw-p 00000000 00:00 0 
7f6b65195000-7f6b65196000 ---p 00000000 00:00 0 
7f6b65196000-7f6b65297000 rw-p 00000000 00:00 0 
7f6b65297000-7f6b65298000 ---p 00000000 00:00 0 
7f6b65298000-7f6b65ba1000 rw-p 00000000 00:00 0 
7f6b65ba1000-7f6b65ba2000 ---p 00000000 00:00 0 
7f6b65ba2000-7f6b65ca3000 rw-p 00000000 00:00 0 
7f6b65ca3000-7f6b65ca4000 ---p 00000000 00:00 0 
7f6b65ca4000-7f6b65da5000 rw-p 00000000 00:00 0 
7f6b65da5000-7f6b65da6000 ---p 00000000 00:00 0 
7f6b65da6000-7f6b65ea7000 rw-p 00000000 00:00 0 
7f6b65ea7000-7f6b65ea8000 ---p 00000000 00:00 0 
7f6b65ea8000-7f6b65fa9000 rw-p 00000000 00:00 0 
7f6b65fa9000-7f6b65faa000 ---p 00000000 00:00 0 
7f6b65faa000-7f6b660ab000 rw-p 00000000 00:00 0 
7f6b660ab000-7f6b660ac000 ---p 00000000 00:00 0 
7f6b660ac000-7f6b661ad000 rw-p 00000000 00:00 0 
7f6b661ad000-7f6b661ae000 ---p 00000000 00:00 0 
7f6b661ae000-7f6b662af000 rw-p 00000000 00:00 0 
7f6b662af000-7f6b662b0000 ---p 00000000 00:00 0 
7f6b662b0000-7f6b663b6000 rw-p 00000000 00:00 0 
7f6b663b6000-7f6b6649c000 ---p 00000000 00:00 0 
7f6b6649c000-7f6b664a1000 rw-p 00000000 00:00 0 
7f6b664a1000-7f6b66587000 ---p 00000000 00:00 0 
7f6b66587000-7f6b665a1000 r-xp 00000000 08:01 3016333                    /usr/lib/jvm/java-9-oracle/lib/libjimage.so
7f6b665a1000-7f6b667a0000 ---p 0001a000 08:01 3016333                    /usr/lib/jvm/java-9-oracle/lib/libjimage.so
7f6b667a0000-7f6b667a2000 rw-p 00019000 08:01 3016333                    /usr/lib/jvm/java-9-oracle/lib/libjimage.so
7f6b667a2000-7f6b667b4000 rw-p 00000000 00:00 0 
7f6b667b4000-7f6b667bb000 r-xp 00000000 08:01 3017235                    /usr/lib/jvm/java-9-oracle/lib/libzip.so
7f6b667bb000-7f6b669ba000 ---p 00007000 08:01 3017235                    /usr/lib/jvm/java-9-oracle/lib/libzip.so
7f6b669ba000-7f6b669bb000 rw-p 00006000 08:01 3017235                    /usr/lib/jvm/java-9-oracle/lib/libzip.so
7f6b669bb000-7f6b669c6000 r-xp 00000000 08:01 3936165                    /lib/x86_64-linux-gnu/libnss_files-2.27.so
7f6b669c6000-7f6b66bc5000 ---p 0000b000 08:01 3936165                    /lib/x86_64-linux-gnu/libnss_files-2.27.so
7f6b66bc5000-7f6b66bc6000 r--p 0000a000 08:01 3936165                    /lib/x86_64-linux-gnu/libnss_files-2.27.so
7f6b66bc6000-7f6b66bc7000 rw-p 0000b000 08:01 3936165                    /lib/x86_64-linux-gnu/libnss_files-2.27.so
7f6b66bc7000-7f6b66bcd000 rw-p 00000000 00:00 0 
7f6b66bcd000-7f6b66be4000 r-xp 00000000 08:01 3936162                    /lib/x86_64-linux-gnu/libnsl-2.27.so
7f6b66be4000-7f6b66de3000 ---p 00017000 08:01 3936162                    /lib/x86_64-linux-gnu/libnsl-2.27.so
7f6b66de3000-7f6b66de4000 r--p 00016000 08:01 3936162                    /lib/x86_64-linux-gnu/libnsl-2.27.so
7f6b66de4000-7f6b66de5000 rw-p 00017000 08:01 3936162                    /lib/x86_64-linux-gnu/libnsl-2.27.so
7f6b66de5000-7f6b66de7000 rw-p 00000000 00:00 0 
7f6b66de7000-7f6b66df2000 r-xp 00000000 08:01 3936167                    /lib/x86_64-linux-gnu/libnss_nis-2.27.so
7f6b66df2000-7f6b66ff1000 ---p 0000b000 08:01 3936167                    /lib/x86_64-linux-gnu/libnss_nis-2.27.so
7f6b66ff1000-7f6b66ff2000 r--p 0000a000 08:01 3936167                    /lib/x86_64-linux-gnu/libnss_nis-2.27.so
7f6b66ff2000-7f6b66ff3000 rw-p 0000b000 08:01 3936167                    /lib/x86_64-linux-gnu/libnss_nis-2.27.so
7f6b66ff3000-7f6b66ffb000 r-xp 00000000 08:01 3936163                    /lib/x86_64-linux-gnu/libnss_compat-2.27.so
7f6b66ffb000-7f6b671fb000 ---p 00008000 08:01 3936163                    /lib/x86_64-linux-gnu/libnss_compat-2.27.so
7f6b671fb000-7f6b671fc000 r--p 00008000 08:01 3936163                    /lib/x86_64-linux-gnu/libnss_compat-2.27.so
7f6b671fc000-7f6b671fd000 rw-p 00009000 08:01 3936163                    /lib/x86_64-linux-gnu/libnss_compat-2.27.so
7f6b671fd000-7f6b67228000 r-xp 00000000 08:01 3016369                    /usr/lib/jvm/java-9-oracle/lib/libjava.so
7f6b67228000-7f6b67427000 ---p 0002b000 08:01 3016369                    /usr/lib/jvm/java-9-oracle/lib/libjava.so
7f6b67427000-7f6b67429000 rw-p 0002a000 08:01 3016369                    /usr/lib/jvm/java-9-oracle/lib/libjava.so
7f6b67429000-7f6b67436000 r-xp 00000000 08:01 3016394                    /usr/lib/jvm/java-9-oracle/lib/libverify.so
7f6b67436000-7f6b67635000 ---p 0000d000 08:01 3016394                    /usr/lib/jvm/java-9-oracle/lib/libverify.so
7f6b67635000-7f6b67637000 rw-p 0000c000 08:01 3016394                    /usr/lib/jvm/java-9-oracle/lib/libverify.so
7f6b67637000-7f6b6763e000 r-xp 00000000 08:01 3936172                    /lib/x86_64-linux-gnu/librt-2.27.so
7f6b6763e000-7f6b6783d000 ---p 00007000 08:01 3936172                    /lib/x86_64-linux-gnu/librt-2.27.so
7f6b6783d000-7f6b6783e000 r--p 00006000 08:01 3936172                    /lib/x86_64-linux-gnu/librt-2.27.so
7f6b6783e000-7f6b6783f000 rw-p 00007000 08:01 3936172                    /lib/x86_64-linux-gnu/librt-2.27.so
7f6b6783f000-7f6b679dc000 r-xp 00000000 08:01 3936159                    /lib/x86_64-linux-gnu/libm-2.27.so
7f6b679dc000-7f6b67bdb000 ---p 0019d000 08:01 3936159                    /lib/x86_64-linux-gnu/libm-2.27.so
7f6b67bdb000-7f6b67bdc000 r--p 0019c000 08:01 3936159                    /lib/x86_64-linux-gnu/libm-2.27.so
7f6b67bdc000-7f6b67bdd000 rw-p 0019d000 08:01 3936159                    /lib/x86_64-linux-gnu/libm-2.27.so
7f6b67bdd000-7f6b68bf2000 r-xp 00000000 08:01 3017240                    /usr/lib/jvm/java-9-oracle/lib/server/libjvm.so
7f6b68bf2000-7f6b68df1000 ---p 01015000 08:01 3017240                    /usr/lib/jvm/java-9-oracle/lib/server/libjvm.so
7f6b68df1000-7f6b68ec2000 r--p 01014000 08:01 3017240                    /usr/lib/jvm/java-9-oracle/lib/server/libjvm.so
7f6b68ec2000-7f6b68ef9000 rw-p 010e5000 08:01 3017240                    /usr/lib/jvm/java-9-oracle/lib/server/libjvm.so
7f6b68ef9000-7f6b68f62000 rw-p 00000000 00:00 0 
7f6b68f62000-7f6b69149000 r-xp 00000000 08:01 3936155                    /lib/x86_64-linux-gnu/libc-2.27.so
7f6b69149000-7f6b69349000 ---p 001e7000 08:01 3936155                    /lib/x86_64-linux-gnu/libc-2.27.so
7f6b69349000-7f6b6934d000 r--p 001e7000 08:01 3936155                    /lib/x86_64-linux-gnu/libc-2.27.so
7f6b6934d000-7f6b6934f000 rw-p 001eb000 08:01 3936155                    /lib/x86_64-linux-gnu/libc-2.27.so
7f6b6934f000-7f6b69353000 rw-p 00000000 00:00 0 
7f6b69353000-7f6b69356000 r-xp 00000000 08:01 3936158                    /lib/x86_64-linux-gnu/libdl-2.27.so
7f6b69356000-7f6b69555000 ---p 00003000 08:01 3936158                    /lib/x86_64-linux-gnu/libdl-2.27.so
7f6b69555000-7f6b69556000 r--p 00002000 08:01 3936158                    /lib/x86_64-linux-gnu/libdl-2.27.so
7f6b69556000-7f6b69557000 rw-p 00003000 08:01 3936158                    /lib/x86_64-linux-gnu/libdl-2.27.so
7f6b69557000-7f6b69565000 r-xp 00000000 08:01 3017248                    /usr/lib/jvm/java-9-oracle/lib/jli/libjli.so
7f6b69565000-7f6b69765000 ---p 0000e000 08:01 3017248                    /usr/lib/jvm/java-9-oracle/lib/jli/libjli.so
7f6b69765000-7f6b69766000 rw-p 0000e000 08:01 3017248                    /usr/lib/jvm/java-9-oracle/lib/jli/libjli.so
7f6b69766000-7f6b69780000 r-xp 00000000 08:01 3936170                    /lib/x86_64-linux-gnu/libpthread-2.27.so
7f6b69780000-7f6b6997f000 ---p 0001a000 08:01 3936170                    /lib/x86_64-linux-gnu/libpthread-2.27.so
7f6b6997f000-7f6b69980000 r--p 00019000 08:01 3936170                    /lib/x86_64-linux-gnu/libpthread-2.27.so
7f6b69980000-7f6b69981000 rw-p 0001a000 08:01 3936170                    /lib/x86_64-linux-gnu/libpthread-2.27.so
7f6b69981000-7f6b69985000 rw-p 00000000 00:00 0 
7f6b69985000-7f6b699a1000 r-xp 00000000 08:01 3936888                    /lib/x86_64-linux-gnu/libz.so.1.2.11
7f6b699a1000-7f6b69ba0000 ---p 0001c000 08:01 3936888                    /lib/x86_64-linux-gnu/libz.so.1.2.11
7f6b69ba0000-7f6b69ba1000 r--p 0001b000 08:01 3936888                    /lib/x86_64-linux-gnu/libz.so.1.2.11
7f6b69ba1000-7f6b69ba2000 rw-p 0001c000 08:01 3936888                    /lib/x86_64-linux-gnu/libz.so.1.2.11
7f6b69ba2000-7f6b69bc9000 r-xp 00000000 08:01 3933928                    /lib/x86_64-linux-gnu/ld-2.27.so
7f6b69bf9000-7f6b69ca6000 rw-p 00000000 00:00 0 
7f6b69ca6000-7f6b69ca7000 ---p 00000000 00:00 0 
7f6b69ca7000-7f6b69ca8000 rw-p 00000000 00:00 0 
7f6b69ca8000-7f6b69cac000 ---p 00000000 00:00 0 
7f6b69cac000-7f6b69dab000 rw-p 00000000 00:00 0 
7f6b69db2000-7f6b69db8000 rw-p 00000000 00:00 0 
7f6b69db8000-7f6b69dbf000 ---p 00000000 00:00 0 
7f6b69dbf000-7f6b69dc7000 rw-s 00000000 08:01 6291491                    /tmp/hsperfdata_black/22431
7f6b69dc7000-7f6b69dc8000 rw-p 00000000 00:00 0 
7f6b69dc8000-7f6b69dc9000 r--p 00000000 00:00 0 
7f6b69dc9000-7f6b69dca000 r--p 00027000 08:01 3933928                    /lib/x86_64-linux-gnu/ld-2.27.so
7f6b69dca000-7f6b69dcb000 rw-p 00028000 08:01 3933928                    /lib/x86_64-linux-gnu/ld-2.27.so
7f6b69dcb000-7f6b69dcc000 rw-p 00000000 00:00 0 
7ffedeef6000-7ffedef17000 rw-p 00000000 00:00 0                          [stack]
7ffedef39000-7ffedef3c000 r--p 00000000 00:00 0                          [vvar]
7ffedef3c000-7ffedef3e000 r-xp 00000000 00:00 0                          [vdso]
ffffffffff600000-ffffffffff601000 r-xp 00000000 00:00 0                  [vsyscall]

VM Arguments:
jvm_args: -Djava.library.path=. 
java_command: HelloJNI
java_class_path (initial): .
Launcher Type: SUN_STANDARD

Logging:
Log output configuration:
#0: stdout all=warning uptime,level,tags
#1: stderr all=off uptime,level,tags

Environment Variables:
JAVA_HOME=/usr/lib/jvm/java-9-oracle
PATH=/usr/local/sbin:/usr/local/bin:/usr/sbin:/usr/bin:/sbin:/bin:/usr/games:/usr/local/games:/snap/bin:/usr/lib/jvm/java-9-oracle/bin:/usr/lib/jvm/java-9-oracle/db/bin:/usr/lib/jvm/java-9-oracle/bin:/usr/lib/jvm/java-9-oracle/db/bin
USERNAME=black
SHELL=/bin/bash
DISPLAY=:1

Signal Handlers:
SIGSEGV: [libjvm.so+0xd4d370], sa_mask[0]=11111111011111111101111111111110, sa_flags=SA_RESTART|SA_SIGINFO
SIGBUS: [libjvm.so+0xd4d370], sa_mask[0]=11111111011111111101111111111110, sa_flags=SA_RESTART|SA_SIGINFO
SIGFPE: [libjvm.so+0xd4d370], sa_mask[0]=11111111011111111101111111111110, sa_flags=SA_RESTART|SA_SIGINFO
SIGPIPE: [libjvm.so+0xb64780], sa_mask[0]=11111111011111111101111111111110, sa_flags=SA_RESTART|SA_SIGINFO
SIGXFSZ: [libjvm.so+0xb64780], sa_mask[0]=11111111011111111101111111111110, sa_flags=SA_RESTART|SA_SIGINFO
SIGILL: [libjvm.so+0xd4d370], sa_mask[0]=11111111011111111101111111111110, sa_flags=SA_RESTART|SA_SIGINFO
SIGUSR2: [libjvm.so+0xb64640], sa_mask[0]=00100000000000000000000000000000, sa_flags=SA_RESTART|SA_SIGINFO
SIGHUP: [libjvm.so+0xb64850], sa_mask[0]=11111111011111111101111111111110, sa_flags=SA_RESTART|SA_SIGINFO
SIGINT: [libjvm.so+0xb64850], sa_mask[0]=11111111011111111101111111111110, sa_flags=SA_RESTART|SA_SIGINFO
SIGTERM: [libjvm.so+0xb64850], sa_mask[0]=11111111011111111101111111111110, sa_flags=SA_RESTART|SA_SIGINFO
SIGQUIT: [libjvm.so+0xb64850], sa_mask[0]=11111111011111111101111111111110, sa_flags=SA_RESTART|SA_SIGINFO


---------------  S Y S T E M  ---------------

OS:DISTRIB_ID=Ubuntu
DISTRIB_RELEASE=18.04
DISTRIB_CODENAME=bionic
DISTRIB_DESCRIPTION="Ubuntu 18.04 LTS"
uname:Linux 4.15.0-20-generic #21-Ubuntu SMP Tue Apr 24 06:16:15 UTC 2018 x86_64
libc:glibc 2.27 NPTL 2.27 
rlimit: STACK 8192k, CORE 0k, NPROC 63565, NOFILE 1048576, AS infinity
load average:0,40 0,54 0,62

/proc/meminfo:
MemTotal:       16340096 kB
MemFree:         5674292 kB
MemAvailable:   10646312 kB
Buffers:          236336 kB
Cached:          4382684 kB
SwapCached:            0 kB
Active:          6431088 kB
Inactive:        3595208 kB
Active(anon):    4784040 kB
Inactive(anon):   102876 kB
Active(file):    1647048 kB
Inactive(file):  3492332 kB
Unevictable:        1004 kB
Mlocked:            1004 kB
SwapTotal:             0 kB
SwapFree:              0 kB
Dirty:             10068 kB
Writeback:             0 kB
AnonPages:       5408360 kB
Mapped:           904480 kB
Shmem:            108000 kB
Slab:             302152 kB
SReclaimable:     172836 kB
SUnreclaim:       129316 kB
KernelStack:       22148 kB
PageTables:        90396 kB
NFS_Unstable:          0 kB
Bounce:                0 kB
WritebackTmp:          0 kB
CommitLimit:     8170048 kB
Committed_AS:   16885412 kB
VmallocTotal:   34359738367 kB
VmallocUsed:           0 kB
VmallocChunk:          0 kB
HardwareCorrupted:     0 kB
AnonHugePages:         0 kB
ShmemHugePages:        0 kB
ShmemPmdMapped:        0 kB
CmaTotal:              0 kB
CmaFree:               0 kB
HugePages_Total:       0
HugePages_Free:        0
HugePages_Rsvd:        0
HugePages_Surp:        0
Hugepagesize:       2048 kB
DirectMap4k:      467712 kB
DirectMap2M:    14127104 kB
DirectMap1G:     3145728 kB


CPU:total 8 (initial active 8) (4 cores per cpu, 2 threads per core) family 6 model 60 stepping 3, cmov, cx8, fxsr, mmx, sse, sse2, sse3, ssse3, sse4.1, sse4.2, popcnt, avx, avx2, aes, clmul, erms, lzcnt, ht, tsc, tscinvbit, bmi1, bmi2, fma
CPU Model and flags from /proc/cpuinfo:
model name	: Intel(R) Core(TM) i7-4720HQ CPU @ 2.60GHz
flags		: fpu vme de pse tsc msr pae mce cx8 apic sep mtrr pge mca cmov pat pse36 clflush dts acpi mmx fxsr sse sse2 ss ht tm pbe syscall nx pdpe1gb rdtscp lm constant_tsc arch_perfmon pebs bts rep_good nopl xtopology nonstop_tsc cpuid aperfmperf pni pclmulqdq dtes64 monitor ds_cpl vmx est tm2 ssse3 sdbg fma cx16 xtpr pdcm pcid sse4_1 sse4_2 x2apic movbe popcnt tsc_deadline_timer aes xsave avx f16c rdrand lahf_lm abm cpuid_fault epb invpcid_single pti tpr_shadow vnmi flexpriority ept vpid fsgsbase tsc_adjust bmi1 avx2 smep bmi2 erms invpcid xsaveopt ibpb ibrs stibp dtherm ida arat pln pts

Memory: 4k page, physical 16340096k(5674292k free), swap 0k(0k free)

vm_info: Java HotSpot(TM) 64-Bit Server VM (9.0.4+11) for linux-amd64 JRE (9.0.4+11), built on Dec 19 2017 18:12:19 by "mach5one" with gcc 4.9.2

END.
