
###!!! [Parent][MessageChannel] Error: (msgtype=0x15007F,name=PBrowser::Msg_Destroy) Closed channel: cannot send/recv

[Parent 3964, Gecko_IOThread] WARNING: pipe error (101): Connection reset by peer: file /build/firefox-c3U081/firefox-60.0+build2/ipc/chromium/src/chrome/common/ipc_channel_posix.cc, line 353
1526625501045	geckodriver	INFO	geckodriver 0.20.1
1526625501048	geckodriver	INFO	Listening on 127.0.0.1:50159
1526625502055	mozrunner::runner	INFO	Running command: "/usr/bin/firefox" "-marionette" "-profile" "/tmp/rust_mozprofile.Rmvr3zCK88qs"
1526625503602	Marionette	INFO	Listening on port 39227
1526625503661	Marionette	WARN	TLS certificate errors will be ignored for this session
*** UTM:SVC TimerManager:registerTimer called after profile-before-change notification. Ignoring timer registration for id: telemetry_modules_ping
1526625641020	geckodriver	INFO	geckodriver 0.20.1
1526625641023	geckodriver	INFO	Listening on 127.0.0.1:58589
1526625642028	mozrunner::runner	INFO	Running command: "/usr/bin/firefox" "-marionette" "-profile" "/tmp/rust_mozprofile.IbiSj4NZQT6A"
1526625643554	Marionette	INFO	Listening on port 33017
1526625643633	Marionette	WARN	TLS certificate errors will be ignored for this session
JavaScript error: http://magento.softwaretestingboard.com/, line 1: ReferenceError: modifyKeywordClickURL is not defined

(/usr/lib/firefox/firefox:5039): dconf-WARNING **: 08:41:47.651: Unable to open /var/lib/snapd/desktop/dconf/profile/user: Permission denied
IPDL protocol error: Handler returned error code!

###!!! [Parent][DispatchAsyncMessage] Error: PLayerTransaction::Msg_ReleaseLayer Processing error: message was deserialized, but the handler returned false (indicating failure)

IPDL protocol error: Handler returned error code!

###!!! [Parent][DispatchAsyncMessage] Error: PLayerTransaction::Msg_ReleaseLayer Processing error: message was deserialized, but the handler returned false (indicating failure)

IPDL protocol error: Handler returned error code!

###!!! [Parent][DispatchAsyncMessage] Error: PLayerTransaction::Msg_ReleaseLayer Processing error: message was deserialized, but the handler returned false (indicating failure)

IPDL protocol error: Handler returned error code!

###!!! [Parent][DispatchAsyncMessage] Error: PLayerTransaction::Msg_ReleaseLayer Processing error: message was deserialized, but the handler returned false (indicating failure)

IPDL protocol error: Handler returned error code!

###!!! [Parent][DispatchAsyncMessage] Error: PLayerTransaction::Msg_ReleaseLayer Processing error: message was deserialized, but the handler returned false (indicating failure)

1526626006249	geckodriver	INFO	geckodriver 0.20.1
1526626006253	geckodriver	INFO	Listening on 127.0.0.1:49417
1526626007259	mozrunner::runner	INFO	Running command: "/usr/bin/firefox" "-marionette" "-profile" "/tmp/rust_mozprofile.vXpNhl8LCcYO"
1526626008777	Marionette	INFO	Listening on port 44343
1526626008865	Marionette	WARN	TLS certificate errors will be ignored for this session
*** UTM:SVC TimerManager:registerTimer called after profile-before-change notification. Ignoring timer registration for id: telemetry_modules_ping
1526626032720	geckodriver	INFO	geckodriver 0.20.1
1526626032724	geckodriver	INFO	Listening on 127.0.0.1:39293
1526626033730	mozrunner::runner	INFO	Running command: "/usr/bin/firefox" "-marionette" "-profile" "/tmp/rust_mozprofile.ZdGJEd8s1rQx"
1526626035208	Marionette	INFO	Listening on port 44359
1526626035244	Marionette	WARN	TLS certificate errors will be ignored for this session
*** UTM:SVC TimerManager:registerTimer called after profile-before-change notification. Ignoring timer registration for id: telemetry_modules_ping
1526626155884	geckodriver	INFO	geckodriver 0.20.1
1526626155889	geckodriver	INFO	Listening on 127.0.0.1:42267
1526626156895	mozrunner::runner	INFO	Running command: "/usr/bin/firefox" "-marionette" "-profile" "/tmp/rust_mozprofile.x0WtOvjbcvdD"
1526626158384	Marionette	INFO	Listening on port 41721
1526626158400	Marionette	WARN	TLS certificate errors will be ignored for this session
*** UTM:SVC TimerManager:registerTimer called after profile-before-change notification. Ignoring timer registration for id: telemetry_modules_ping
1527098880739	geckodriver	INFO	geckodriver 0.20.1
1527098880742	geckodriver	INFO	Listening on 127.0.0.1:43341
1527098881751	mozrunner::runner	INFO	Running command: "/usr/bin/firefox" "-marionette" "-profile" "/tmp/rust_mozprofile.fQ87R7ReWgcO"
1527098883319	Marionette	INFO	Listening on port 45833
1527098883364	Marionette	WARN	TLS certificate errors will be ignored for this session
1527098884067	addons.xpi	WARN	Exception running bootstrap method shutdown on activity-stream@mozilla.org: [Exception... "Component returned failure code: 0x80004005 (NS_ERROR_FAILURE) [nsIObserverService.removeObserver]"  nsresult: "0x80004005 (NS_ERROR_FAILURE)"  location: "JS frame :: resource://activity-stream/lib/SnippetsFeed.jsm :: uninit :: line 185"  data: no] Stack trace: uninit()@resource://activity-stream/lib/SnippetsFeed.jsm:185
onAction()@resource://activity-stream/lib/SnippetsFeed.jsm:201
_middleware/</<()@resource://activity-stream/lib/Store.jsm:49
Store/this[method]()@resource://activity-stream/lib/Store.jsm:28
uninit()@resource://activity-stream/lib/Store.jsm:151
uninit()@resource://activity-stream/lib/ActivityStream.jsm:300
uninit()@resource://gre/modules/addons/XPIProvider.jsm -> jar:file:///usr/lib/firefox/browser/features/activity-stream@mozilla.org.xpi!/bootstrap.js:73
shutdown()@resource://gre/modules/addons/XPIProvider.jsm -> jar:file:///usr/lib/firefox/browser/features/activity-stream@mozilla.org.xpi!/bootstrap.js:169
callBootstrapMethod()@resource://gre/modules/addons/XPIProvider.jsm:4436
observe()@resource://gre/modules/addons/XPIProvider.jsm:2287
GeckoDriver.prototype.quit()@driver.js:3300
despatch()@server.js:293
execute()@server.js:267
onPacket/<()@server.js:242
onPacket()@server.js:241
_onJSONObjectReady/<()@transport.js:500
*** UTM:SVC TimerManager:registerTimer called after profile-before-change notification. Ignoring timer registration for id: telemetry_modules_ping
1527098960743	geckodriver	INFO	geckodriver 0.20.1
1527098960748	geckodriver	INFO	Listening on 127.0.0.1:54319
1527098961753	mozrunner::runner	INFO	Running command: "/usr/bin/firefox" "-marionette" "-profile" "/tmp/rust_mozprofile.oCH8TF2vY02R"
1527098963427	Marionette	INFO	Listening on port 35893
1527098963464	Marionette	WARN	TLS certificate errors will be ignored for this session
1527098964181	addons.xpi	WARN	Exception running bootstrap method shutdown on activity-stream@mozilla.org: [Exception... "Component returned failure code: 0x80004005 (NS_ERROR_FAILURE) [nsIObserverService.removeObserver]"  nsresult: "0x80004005 (NS_ERROR_FAILURE)"  location: "JS frame :: resource://activity-stream/lib/SnippetsFeed.jsm :: uninit :: line 185"  data: no] Stack trace: uninit()@resource://activity-stream/lib/SnippetsFeed.jsm:185
onAction()@resource://activity-stream/lib/SnippetsFeed.jsm:201
_middleware/</<()@resource://activity-stream/lib/Store.jsm:49
Store/this[method]()@resource://activity-stream/lib/Store.jsm:28
uninit()@resource://activity-stream/lib/Store.jsm:151
uninit()@resource://activity-stream/lib/ActivityStream.jsm:300
uninit()@resource://gre/modules/addons/XPIProvider.jsm -> jar:file:///usr/lib/firefox/browser/features/activity-stream@mozilla.org.xpi!/bootstrap.js:73
shutdown()@resource://gre/modules/addons/XPIProvider.jsm -> jar:file:///usr/lib/firefox/browser/features/activity-stream@mozilla.org.xpi!/bootstrap.js:169
callBootstrapMethod()@resource://gre/modules/addons/XPIProvider.jsm:4436
observe()@resource://gre/modules/addons/XPIProvider.jsm:2287
GeckoDriver.prototype.quit()@driver.js:3300
despatch()@server.js:293
execute()@server.js:267
onPacket/<()@server.js:242
onPacket()@server.js:241
_onJSONObjectReady/<()@transport.js:500
*** UTM:SVC TimerManager:registerTimer called after profile-before-change notification. Ignoring timer registration for id: telemetry_modules_ping
1527099077492	geckodriver	INFO	geckodriver 0.20.1
1527099077497	geckodriver	INFO	Listening on 127.0.0.1:57865
1527099078500	mozrunner::runner	INFO	Running command: "/usr/bin/firefox" "-marionette" "-profile" "/tmp/rust_mozprofile.tHg62L4TzRMZ"
1527099080090	Marionette	INFO	Listening on port 43255
1527099080107	Marionette	WARN	TLS certificate errors will be ignored for this session
1527099080938	addons.xpi	WARN	Exception running bootstrap method shutdown on activity-stream@mozilla.org: [Exception... "Component returned failure code: 0x80004005 (NS_ERROR_FAILURE) [nsIObserverService.removeObserver]"  nsresult: "0x80004005 (NS_ERROR_FAILURE)"  location: "JS frame :: resource://activity-stream/lib/SnippetsFeed.jsm :: uninit :: line 185"  data: no] Stack trace: uninit()@resource://activity-stream/lib/SnippetsFeed.jsm:185
onAction()@resource://activity-stream/lib/SnippetsFeed.jsm:201
_middleware/</<()@resource://activity-stream/lib/Store.jsm:49
Store/this[method]()@resource://activity-stream/lib/Store.jsm:28
uninit()@resource://activity-stream/lib/Store.jsm:151
uninit()@resource://activity-stream/lib/ActivityStream.jsm:300
uninit()@resource://gre/modules/addons/XPIProvider.jsm -> jar:file:///usr/lib/firefox/browser/features/activity-stream@mozilla.org.xpi!/bootstrap.js:73
shutdown()@resource://gre/modules/addons/XPIProvider.jsm -> jar:file:///usr/lib/firefox/browser/features/activity-stream@mozilla.org.xpi!/bootstrap.js:169
callBootstrapMethod()@resource://gre/modules/addons/XPIProvider.jsm:4436
observe()@resource://gre/modules/addons/XPIProvider.jsm:2287
GeckoDriver.prototype.quit()@driver.js:3300
despatch()@server.js:293
execute()@server.js:267
onPacket/<()@server.js:242
onPacket()@server.js:241
_onJSONObjectReady/<()@transport.js:500
*** UTM:SVC TimerManager:registerTimer called after profile-before-change notification. Ignoring timer registration for id: telemetry_modules_ping
1527099119289	geckodriver	INFO	geckodriver 0.20.1
1527099119293	geckodriver	INFO	Listening on 127.0.0.1:57485
1527099120301	mozrunner::runner	INFO	Running command: "/usr/bin/firefox" "-marionette" "-profile" "/tmp/rust_mozprofile.ijSWniJrv5uP"
1527099121927	Marionette	INFO	Listening on port 39605
1527099122008	Marionette	WARN	TLS certificate errors will be ignored for this session
Sandbox: Unexpected EOF, op 9 flags 00 path /dev/shm/org.chromium.k9dnfg
1527099122865	addons.xpi	WARN	Exception running bootstrap method shutdown on activity-stream@mozilla.org: [Exception... "Component returned failure code: 0x80004005 (NS_ERROR_FAILURE) [nsIObserverService.removeObserver]"  nsresult: "0x80004005 (NS_ERROR_FAILURE)"  location: "JS frame :: resource://activity-stream/lib/SnippetsFeed.jsm :: uninit :: line 185"  data: no] Stack trace: uninit()@resource://activity-stream/lib/SnippetsFeed.jsm:185
onAction()@resource://activity-stream/lib/SnippetsFeed.jsm:201
_middleware/</<()@resource://activity-stream/lib/Store.jsm:49
Store/this[method]()@resource://activity-stream/lib/Store.jsm:28
uninit()@resource://activity-stream/lib/Store.jsm:151
uninit()@resource://activity-stream/lib/ActivityStream.jsm:300
uninit()@resource://gre/modules/addons/XPIProvider.jsm -> jar:file:///usr/lib/firefox/browser/features/activity-stream@mozilla.org.xpi!/bootstrap.js:73
shutdown()@resource://gre/modules/addons/XPIProvider.jsm -> jar:file:///usr/lib/firefox/browser/features/activity-stream@mozilla.org.xpi!/bootstrap.js:169
callBootstrapMethod()@resource://gre/modules/addons/XPIProvider.jsm:4436
observe()@resource://gre/modules/addons/XPIProvider.jsm:2287
GeckoDriver.prototype.quit()@driver.js:3300
despatch()@server.js:293
execute()@server.js:267
onPacket/<()@server.js:242
onPacket()@server.js:241
_onJSONObjectReady/<()@transport.js:500
*** UTM:SVC TimerManager:registerTimer called after profile-before-change notification. Ignoring timer registration for id: telemetry_modules_ping
1527099152341	geckodriver	INFO	geckodriver 0.20.1
1527099152344	geckodriver	INFO	Listening on 127.0.0.1:41485
1527099153355	mozrunner::runner	INFO	Running command: "/usr/bin/firefox" "-marionette" "-profile" "/tmp/rust_mozprofile.qSl6NWs0jDlI"
1527099154915	Marionette	INFO	Listening on port 41337
1527099154961	Marionette	WARN	TLS certificate errors will be ignored for this session
1527099155817	addons.xpi	WARN	Exception running bootstrap method shutdown on activity-stream@mozilla.org: [Exception... "Component returned failure code: 0x80004005 (NS_ERROR_FAILURE) [nsIObserverService.removeObserver]"  nsresult: "0x80004005 (NS_ERROR_FAILURE)"  location: "JS frame :: resource://activity-stream/lib/SnippetsFeed.jsm :: uninit :: line 185"  data: no] Stack trace: uninit()@resource://activity-stream/lib/SnippetsFeed.jsm:185
onAction()@resource://activity-stream/lib/SnippetsFeed.jsm:201
_middleware/</<()@resource://activity-stream/lib/Store.jsm:49
Store/this[method]()@resource://activity-stream/lib/Store.jsm:28
uninit()@resource://activity-stream/lib/Store.jsm:151
uninit()@resource://activity-stream/lib/ActivityStream.jsm:300
uninit()@resource://gre/modules/addons/XPIProvider.jsm -> jar:file:///usr/lib/firefox/browser/features/activity-stream@mozilla.org.xpi!/bootstrap.js:73
shutdown()@resource://gre/modules/addons/XPIProvider.jsm -> jar:file:///usr/lib/firefox/browser/features/activity-stream@mozilla.org.xpi!/bootstrap.js:169
callBootstrapMethod()@resource://gre/modules/addons/XPIProvider.jsm:4436
observe()@resource://gre/modules/addons/XPIProvider.jsm:2287
GeckoDriver.prototype.quit()@driver.js:3300
despatch()@server.js:293
execute()@server.js:267
onPacket/<()@server.js:242
onPacket()@server.js:241
_onJSONObjectReady/<()@transport.js:500
*** UTM:SVC TimerManager:registerTimer called after profile-before-change notification. Ignoring timer registration for id: telemetry_modules_ping
1527099279066	geckodriver	INFO	geckodriver 0.20.1
1527099279070	geckodriver	INFO	Listening on 127.0.0.1:37165
1527099280077	mozrunner::runner	INFO	Running command: "/usr/bin/firefox" "-marionette" "-profile" "/tmp/rust_mozprofile.O2c2vMLA7LPh"
1527099281653	Marionette	INFO	Listening on port 32771
1527099281689	Marionette	WARN	TLS certificate errors will be ignored for this session
1527099303135	geckodriver	INFO	geckodriver 0.20.1
1527099303138	geckodriver	INFO	Listening on 127.0.0.1:51539
1527099304146	mozrunner::runner	INFO	Running command: "/usr/bin/firefox" "-marionette" "-profile" "/tmp/rust_mozprofile.0SA95GLMOjDz"
1527099306059	geckodriver	INFO	geckodriver 0.20.1
1527099306064	geckodriver	INFO	Listening on 127.0.0.1:59761
1527099307073	mozrunner::runner	INFO	Running command: "/usr/bin/firefox" "-marionette" "-profile" "/tmp/rust_mozprofile.jn4P2p9wI0zw"
1527099308616	Marionette	INFO	Listening on port 38683
1527099308682	Marionette	WARN	TLS certificate errors will be ignored for this session
*** UTM:SVC TimerManager:registerTimer called after profile-before-change notification. Ignoring timer registration for id: telemetry_modules_ping
1527099350877	geckodriver	INFO	geckodriver 0.20.1
1527099350881	geckodriver	INFO	Listening on 127.0.0.1:37779
1527099351884	mozrunner::runner	INFO	Running command: "/usr/bin/firefox" "-marionette" "-profile" "/tmp/rust_mozprofile.CclDiKqV7Q7u"
1527099353504	Marionette	INFO	Listening on port 40653
1527099353590	Marionette	WARN	TLS certificate errors will be ignored for this session
*** UTM:SVC TimerManager:registerTimer called after profile-before-change notification. Ignoring timer registration for id: telemetry_modules_ping
1527099404748	geckodriver	INFO	geckodriver 0.20.1
1527099404753	geckodriver	INFO	Listening on 127.0.0.1:44293
1527099405757	mozrunner::runner	INFO	Running command: "/usr/bin/firefox" "-marionette" "-profile" "/tmp/rust_mozprofile.oPaRdgTo7w2j"
1527099408085	Marionette	INFO	Listening on port 35325
1527099408174	Marionette	WARN	TLS certificate errors will be ignored for this session

(/usr/lib/firefox/firefox:18391): dconf-WARNING **: 20:16:51.236: Unable to open /var/lib/snapd/desktop/dconf/profile/user: Permission denied
*** UTM:SVC TimerManager:registerTimer called after profile-before-change notification. Ignoring timer registration for id: telemetry_modules_ping
1527099501795	geckodriver	INFO	geckodriver 0.20.1
1527099501801	geckodriver	INFO	Listening on 127.0.0.1:49463
1527099502807	mozrunner::runner	INFO	Running command: "/usr/bin/firefox" "-marionette" "-profile" "/tmp/rust_mozprofile.VOBAVJNHpozM"
1527099504484	Marionette	INFO	Listening on port 34457
1527099504514	Marionette	WARN	TLS certificate errors will be ignored for this session
*** UTM:SVC TimerManager:registerTimer called after profile-before-change notification. Ignoring timer registration for id: telemetry_modules_ping
1527099571940	geckodriver	INFO	geckodriver 0.20.1
1527099571943	geckodriver	INFO	Listening on 127.0.0.1:37663
1527099572951	mozrunner::runner	INFO	Running command: "/usr/bin/firefox" "-marionette" "-profile" "/tmp/rust_mozprofile.q4ghPkEKIpjv"
1527099574593	Marionette	INFO	Listening on port 34327
1527099574659	Marionette	WARN	TLS certificate errors will be ignored for this session
*** UTM:SVC TimerManager:registerTimer called after profile-before-change notification. Ignoring timer registration for id: telemetry_modules_ping
1527168391483	geckodriver	INFO	geckodriver 0.20.1
1527168391489	geckodriver	INFO	Listening on 127.0.0.1:46803
1527168392486	mozrunner::runner	INFO	Running command: "/usr/bin/firefox" "-marionette" "-profile" "/tmp/rust_mozprofile.lK1UEaoO28O9"
1527168394420	Marionette	INFO	Listening on port 41033
1527168394500	Marionette	WARN	TLS certificate errors will be ignored for this session
*** UTM:SVC TimerManager:registerTimer called after profile-before-change notification. Ignoring timer registration for id: telemetry_modules_ping
1527168467446	geckodriver	INFO	geckodriver 0.20.1
1527168467450	geckodriver	INFO	Listening on 127.0.0.1:54907
1527168468457	mozrunner::runner	INFO	Running command: "/usr/bin/firefox" "-marionette" "-profile" "/tmp/rust_mozprofile.AerFADqMDApS"
1527168469960	Marionette	INFO	Listening on port 44863
1527168469966	Marionette	WARN	TLS certificate errors will be ignored for this session
*** UTM:SVC TimerManager:registerTimer called after profile-before-change notification. Ignoring timer registration for id: telemetry_modules_ping
1527168529860	geckodriver	INFO	geckodriver 0.20.1
1527168529863	geckodriver	INFO	Listening on 127.0.0.1:52241
1527168530868	mozrunner::runner	INFO	Running command: "/usr/bin/firefox" "-marionette" "-profile" "/tmp/rust_mozprofile.BhiXpNe1BoiP"
1527168536973	geckodriver	INFO	geckodriver 0.20.1
1527168536976	geckodriver	INFO	Listening on 127.0.0.1:41555
1527168537984	mozrunner::runner	INFO	Running command: "/usr/bin/firefox" "-marionette" "-profile" "/tmp/rust_mozprofile.SXbocNLXxlk6"
1527168539498	Marionette	INFO	Listening on port 39191
1527168539592	Marionette	WARN	TLS certificate errors will be ignored for this session
1527168613557	geckodriver	INFO	geckodriver 0.20.1
1527168613560	geckodriver	INFO	Listening on 127.0.0.1:49543
1527168614568	mozrunner::runner	INFO	Running command: "/usr/bin/firefox" "-marionette" "-profile" "/tmp/rust_mozprofile.ZedJVOASiY7j"
1527168616081	Marionette	INFO	Listening on port 44631
1527168616174	Marionette	WARN	TLS certificate errors will be ignored for this session
*** UTM:SVC TimerManager:registerTimer called after profile-before-change notification. Ignoring timer registration for id: telemetry_modules_ping
1527168727355	geckodriver	INFO	geckodriver 0.20.1
1527168727358	geckodriver	INFO	Listening on 127.0.0.1:46637
1527168728366	mozrunner::runner	INFO	Running command: "/usr/bin/firefox" "-marionette" "-profile" "/tmp/rust_mozprofile.E3DZhLQmKGhb"
1527168729861	Marionette	INFO	Listening on port 46251
1527168729875	Marionette	WARN	TLS certificate errors will be ignored for this session
*** UTM:SVC TimerManager:registerTimer called after profile-before-change notification. Ignoring timer registration for id: telemetry_modules_ping
1527168743388	geckodriver	INFO	geckodriver 0.20.1
1527168743392	geckodriver	INFO	Listening on 127.0.0.1:49865
1527168744400	mozrunner::runner	INFO	Running command: "/usr/bin/firefox" "-marionette" "-profile" "/tmp/rust_mozprofile.9jhieaHpAWib"
1527168745875	Marionette	INFO	Listening on port 37963
1527168745912	Marionette	WARN	TLS certificate errors will be ignored for this session
*** UTM:SVC TimerManager:registerTimer called after profile-before-change notification. Ignoring timer registration for id: telemetry_modules_ping
